This is XeTeX, Version 3.141592653-2.6-0.999994 (MiKTeX 22.3) (preloaded format=xelatex 2023.9.13)  27 SEP 2023 15:25
entering extended mode
 restricted \write18 enabled.
 file:line:error style messages enabled.
 %&-line parsing enabled.
**c:/Users/PC/code/LATEX-article/main/main.tex
(c:/Users/PC/code/LATEX-article/main/main.tex
LaTeX2e <2023-06-01> patch level 1
L3 programming layer <2023-08-29>
(hquThesis.cls
Document Class: hquThesis 2023/08/02 Huaqiao University Thesis document class
(F:\MikTEX\tex/latex/base\book.cls
Document Class: book 2023/05/17 v1.4n Standard LaTeX document class
(F:\MikTEX\tex/latex/base\bk10.clo
File: bk10.clo 2023/05/17 v1.4n Standard LaTeX file (size option)
)
\c@part=\count181
\c@chapter=\count182
\c@section=\count183
\c@subsection=\count184
\c@subsubsection=\count185
\c@paragraph=\count186
\c@subparagraph=\count187
\c@figure=\count188
\c@table=\count189
\abovecaptionskip=\skip48
\belowcaptionskip=\skip49
\bibindent=\dimen140
) (F:\MikTEX\tex/latex/geometry\geometry.sty
Package: geometry 2020/01/02 v5.9 Page Geometry
(F:\MikTEX\tex/latex/graphics\keyval.sty
Package: keyval 2022/05/29 v1.15 key=value parser (DPC)
\KV@toks@=\toks17
)
(F:\MikTEX\tex/generic/iftex\ifvtex.sty
Package: ifvtex 2019/10/25 v1.7 ifvtex legacy package. Use iftex instead.
 (F:\MikTEX\tex/generic/iftex\iftex.sty
Package: iftex 2022/02/03 v1.0f TeX engine tests
))
\Gm@cnth=\count190
\Gm@cntv=\count191
\c@Gm@tempcnt=\count192
\Gm@bindingoffset=\dimen141
\Gm@wd@mp=\dimen142
\Gm@odd@mp=\dimen143
\Gm@even@mp=\dimen144
\Gm@layoutwidth=\dimen145
\Gm@layoutheight=\dimen146
\Gm@layouthoffset=\dimen147
\Gm@layoutvoffset=\dimen148
\Gm@dimlist=\toks18
 (F:\MikTEX\tex/latex/geometry\geometry.cfg))
(F:\MikTEX\tex/latex/graphics\graphicx.sty
Package: graphicx 2021/09/16 v1.2d Enhanced LaTeX Graphics (DPC,SPQR)

(F:\MikTEX\tex/latex/graphics\graphics.sty
Package: graphics 2022/03/10 v1.4e Standard LaTeX Graphics (DPC,SPQR)

(F:\MikTEX\tex/latex/graphics\trig.sty
Package: trig 2021/08/11 v1.11 sin cos tan (DPC)
)
(F:\MikTEX\tex/latex/graphics-cfg\graphics.cfg
File: graphics.cfg 2016/06/04 v1.11 sample graphics configuration
)
Package graphics Info: Driver file: xetex.def on input line 107.

(F:\MikTEX\tex/latex/graphics-def\xetex.def
File: xetex.def 2022/09/22 v5.0n Graphics/color driver for xetex
))
\Gin@req@height=\dimen149
\Gin@req@width=\dimen150
)
(F:\MikTEX\tex/latex/float\float.sty
Package: float 2001/11/08 v1.3d Float enhancements (AL)
\c@float@type=\count193
\float@exts=\toks19
\float@box=\box51
\@float@everytoks=\toks20
\@floatcapt=\box52
) (F:\MikTEX\tex/xelatex/xecjk\xeCJK.sty
(F:\MikTEX\tex/latex/l3kernel\expl3.sty
Package: expl3 2023-08-29 L3 programming layer (loader) 

(F:\MikTEX\tex/latex/l3backend\l3backend-xetex.def
File: l3backend-xetex.def 2023-04-19 L3 backend support: XeTeX
\g__graphics_track_int=\count194
\l__pdf_internal_box=\box53
\g__pdf_backend_object_int=\count195
\g__pdf_backend_annotation_int=\count196
\g__pdf_backend_link_int=\count197
))
Package: xeCJK 2022/08/05 v3.9.1 Typesetting CJK scripts with XeLaTeX

(F:\MikTEX\tex/latex/ctex\ctexhook.sty
Package: ctexhook 2022/07/14 v2.5.10 Document and package hooks (CTEX)
)
(F:\MikTEX\tex/latex/l3packages/xtemplate\xtemplate.sty
Package: xtemplate 2023-08-29 L3 Experimental prototype document functions
\l__xtemplate_tmp_dim=\dimen151
\l__xtemplate_tmp_int=\count198
\l__xtemplate_tmp_muskip=\muskip16
\l__xtemplate_tmp_skip=\skip50
)
\l__xeCJK_tmp_int=\count199
\l__xeCJK_tmp_box=\box54
\l__xeCJK_tmp_dim=\dimen152
\l__xeCJK_tmp_skip=\skip51
\g__xeCJK_space_factor_int=\count266
\l__xeCJK_begin_int=\count267
\l__xeCJK_end_int=\count268
\c__xeCJK_CJK_class_int=\XeTeXcharclass1
\c__xeCJK_FullLeft_class_int=\XeTeXcharclass2
\c__xeCJK_FullRight_class_int=\XeTeXcharclass3
\c__xeCJK_HalfLeft_class_int=\XeTeXcharclass4
\c__xeCJK_HalfRight_class_int=\XeTeXcharclass5
\c__xeCJK_NormalSpace_class_int=\XeTeXcharclass6
\c__xeCJK_CM_class_int=\XeTeXcharclass7
\c__xeCJK_HangulJamo_class_int=\XeTeXcharclass8
\l__xeCJK_last_skip=\skip52
\c__xeCJK_none_node=\count269
\g__xeCJK_node_int=\count270
\c__xeCJK_CJK_node_dim=\dimen153
\c__xeCJK_CJK-space_node_dim=\dimen154
\c__xeCJK_default_node_dim=\dimen155
\c__xeCJK_CJK-widow_node_dim=\dimen156
\c__xeCJK_normalspace_node_dim=\dimen157
\c__xeCJK_default-space_node_skip=\skip53
\l__xeCJK_ccglue_skip=\skip54
\l__xeCJK_ecglue_skip=\skip55
\l__xeCJK_punct_kern_skip=\skip56
\l__xeCJK_indent_box=\box55
\l__xeCJK_last_penalty_int=\count271
\l__xeCJK_last_bound_dim=\dimen158
\l__xeCJK_last_kern_dim=\dimen159
\l__xeCJK_widow_penalty_int=\count272

Package xtemplate Info: Declaring object type 'xeCJK/punctuation' taking 0
(xtemplate)             argument(s) on line 2396.

\l__xeCJK_fixed_punct_width_dim=\dimen160
\l__xeCJK_mixed_punct_width_dim=\dimen161
\l__xeCJK_middle_punct_width_dim=\dimen162
\l__xeCJK_fixed_margin_width_dim=\dimen163
\l__xeCJK_mixed_margin_width_dim=\dimen164
\l__xeCJK_middle_margin_width_dim=\dimen165
\l__xeCJK_bound_punct_width_dim=\dimen166
\l__xeCJK_bound_margin_width_dim=\dimen167
\l__xeCJK_margin_minimum_dim=\dimen168
\l__xeCJK_kerning_total_width_dim=\dimen169
\l__xeCJK_same_align_margin_dim=\dimen170
\l__xeCJK_different_align_margin_dim=\dimen171
\l__xeCJK_kerning_margin_width_dim=\dimen172
\l__xeCJK_kerning_margin_minimum_dim=\dimen173
\l__xeCJK_bound_dim=\dimen174
\l__xeCJK_reverse_bound_dim=\dimen175
\l__xeCJK_margin_dim=\dimen176
\l__xeCJK_minimum_bound_dim=\dimen177
\l__xeCJK_kerning_margin_dim=\dimen178
\g__xeCJK_family_int=\count273
\l__xeCJK_fam_int=\count274
\g__xeCJK_fam_allocation_int=\count275
\l__xeCJK_verb_case_int=\count276
\l__xeCJK_verb_exspace_skip=\skip57

(F:\MikTEX\tex/latex/fontspec\fontspec.sty
(F:\MikTEX\tex/latex/l3packages/xparse\xparse.sty
Package: xparse 2023-08-29 L3 Experimental document command parser
)
Package: fontspec 2022/01/15 v2.8a Font selection for XeLaTeX and LuaLaTeX

(F:\MikTEX\tex/latex/fontspec\fontspec-xetex.sty
Package: fontspec-xetex 2022/01/15 v2.8a Font selection for XeLaTeX and LuaLaTe
X
\l__fontspec_script_int=\count277
\l__fontspec_language_int=\count278
\l__fontspec_strnum_int=\count279
\l__fontspec_tmp_int=\count280
\l__fontspec_tmpa_int=\count281
\l__fontspec_tmpb_int=\count282
\l__fontspec_tmpc_int=\count283
\l__fontspec_em_int=\count284
\l__fontspec_emdef_int=\count285
\l__fontspec_strong_int=\count286
\l__fontspec_strongdef_int=\count287
\l__fontspec_tmpa_dim=\dimen179
\l__fontspec_tmpb_dim=\dimen180
\l__fontspec_tmpc_dim=\dimen181

(F:\MikTEX\tex/latex/base\fontenc.sty
Package: fontenc 2021/04/29 v2.0v Standard LaTeX package
)
(F:\MikTEX\tex/latex/fontspec\fontspec.cfg)))
(F:\MikTEX\tex/xelatex/xecjk\xeCJK.cfg
File: xeCJK.cfg 2022/08/05 v3.9.1 Configuration file for xeCJK package
))
(F:\MikTEX\tex/latex/tools\indentfirst.sty
Package: indentfirst 1995/11/23 v1.03 Indent first paragraph (DPC)
)
(F:\MikTEX\tex/latex/fancyhdr\fancyhdr.sty
Package: fancyhdr 2022/11/09 v4.1 Extensive control of page headers and footers

\f@nch@headwidth=\skip58
\f@nch@O@elh=\skip59
\f@nch@O@erh=\skip60
\f@nch@O@olh=\skip61
\f@nch@O@orh=\skip62
\f@nch@O@elf=\skip63
\f@nch@O@erf=\skip64
\f@nch@O@olf=\skip65
\f@nch@O@orf=\skip66
)
(F:\MikTEX\tex/latex/setspace\setspace.sty
Package: setspace 2022/12/04 v6.7b set line spacing
)
(F:\MikTEX\tex/latex/titlesec\titlesec.sty
Package: titlesec 2021/07/05 v2.14 Sectioning titles
\ttl@box=\box56
\beforetitleunit=\skip67
\aftertitleunit=\skip68
\ttl@plus=\dimen182
\ttl@minus=\dimen183
\ttl@toksa=\toks21
\titlewidth=\dimen184
\titlewidthlast=\dimen185
\titlewidthfirst=\dimen186
)
(F:\MikTEX\tex/latex/titlesec\titletoc.sty
Package: titletoc 2021/07/05 v2.14 TOC entries
\ttl@leftsep=\dimen187
)
(F:\MikTEX\tex/latex/tocloft\tocloft.sty
Package: tocloft 2017/08/31 v2.3i parameterised ToC, etc., typesetting
Package tocloft Info: The document has chapter divisions on input line 51.
\cftparskip=\skip69
\cftbeforetoctitleskip=\skip70
\cftaftertoctitleskip=\skip71
\cftbeforepartskip=\skip72
\cftpartnumwidth=\skip73
\cftpartindent=\skip74
\cftbeforechapskip=\skip75
\cftchapindent=\skip76
\cftchapnumwidth=\skip77
\cftbeforesecskip=\skip78
\cftsecindent=\skip79
\cftsecnumwidth=\skip80
\cftbeforesubsecskip=\skip81
\cftsubsecindent=\skip82
\cftsubsecnumwidth=\skip83
\cftbeforesubsubsecskip=\skip84
\cftsubsubsecindent=\skip85
\cftsubsubsecnumwidth=\skip86
\cftbeforeparaskip=\skip87
\cftparaindent=\skip88
\cftparanumwidth=\skip89
\cftbeforesubparaskip=\skip90
\cftsubparaindent=\skip91
\cftsubparanumwidth=\skip92
\cftbeforeloftitleskip=\skip93
\cftafterloftitleskip=\skip94
\cftbeforefigskip=\skip95
\cftfigindent=\skip96
\cftfignumwidth=\skip97
\c@lofdepth=\count288
\c@lotdepth=\count289
\cftbeforelottitleskip=\skip98
\cftafterlottitleskip=\skip99
\cftbeforetabskip=\skip100
\cfttabindent=\skip101
\cfttabnumwidth=\skip102
)
(F:\MikTEX\tex/latex/amsmath\amsmath.sty
Package: amsmath 2023/05/13 v2.17o AMS math features
\@mathmargin=\skip103

For additional information on amsmath, use the `?' option.
(F:\MikTEX\tex/latex/amsmath\amstext.sty
Package: amstext 2021/08/26 v2.01 AMS text

(F:\MikTEX\tex/latex/amsmath\amsgen.sty
File: amsgen.sty 1999/11/30 v2.0 generic functions
\@emptytoks=\toks22
\ex@=\dimen188
))
(F:\MikTEX\tex/latex/amsmath\amsbsy.sty
Package: amsbsy 1999/11/29 v1.2d Bold Symbols
\pmbraise@=\dimen189
)
(F:\MikTEX\tex/latex/amsmath\amsopn.sty
Package: amsopn 2022/04/08 v2.04 operator names
)
\inf@bad=\count290
LaTeX Info: Redefining \frac on input line 234.
\uproot@=\count291
\leftroot@=\count292
LaTeX Info: Redefining \overline on input line 399.
LaTeX Info: Redefining \colon on input line 410.
\classnum@=\count293
\DOTSCASE@=\count294
LaTeX Info: Redefining \ldots on input line 496.
LaTeX Info: Redefining \dots on input line 499.
LaTeX Info: Redefining \cdots on input line 620.
\Mathstrutbox@=\box57
\strutbox@=\box58
LaTeX Info: Redefining \big on input line 722.
LaTeX Info: Redefining \Big on input line 723.
LaTeX Info: Redefining \bigg on input line 724.
LaTeX Info: Redefining \Bigg on input line 725.
\big@size=\dimen190
LaTeX Font Info:    Redeclaring font encoding OML on input line 743.
LaTeX Font Info:    Redeclaring font encoding OMS on input line 744.
\macc@depth=\count295
LaTeX Info: Redefining \bmod on input line 905.
LaTeX Info: Redefining \pmod on input line 910.
LaTeX Info: Redefining \smash on input line 940.
LaTeX Info: Redefining \relbar on input line 970.
LaTeX Info: Redefining \Relbar on input line 971.
\c@MaxMatrixCols=\count296
\dotsspace@=\muskip17
\c@parentequation=\count297
\dspbrk@lvl=\count298
\tag@help=\toks23
\row@=\count299
\column@=\count300
\maxfields@=\count301
\andhelp@=\toks24
\eqnshift@=\dimen191
\alignsep@=\dimen192
\tagshift@=\dimen193
\tagwidth@=\dimen194
\totwidth@=\dimen195
\lineht@=\dimen196
\@envbody=\toks25
\multlinegap=\skip104
\multlinetaggap=\skip105
\mathdisplay@stack=\toks26
LaTeX Info: Redefining \[ on input line 2953.
LaTeX Info: Redefining \] on input line 2954.
)
(F:\MikTEX\tex/latex/amsfonts\amssymb.sty
Package: amssymb 2013/01/14 v3.01 AMS font symbols

(F:\MikTEX\tex/latex/amsfonts\amsfonts.sty
Package: amsfonts 2013/01/14 v3.01 Basic AMSFonts support
\symAMSa=\mathgroup4
\symAMSb=\mathgroup5
LaTeX Font Info:    Redeclaring math symbol \hbar on input line 98.
LaTeX Font Info:    Overwriting math alphabet `\mathfrak' in version `bold'
(Font)                  U/euf/m/n --> U/euf/b/n on input line 106.
))
(F:\MikTEX\tex/latex/tools\array.sty
Package: array 2022/09/04 v2.5g Tabular extension package (FMi)
\col@sep=\dimen197
\ar@mcellbox=\box59
\extrarowheight=\dimen198
\NC@list=\toks27
\extratabsurround=\skip106
\backup@length=\skip107
\ar@cellbox=\box60
)
(F:\MikTEX\tex/latex/booktabs\booktabs.sty
Package: booktabs 2020/01/12 v1.61803398 Publication quality tables
\heavyrulewidth=\dimen199
\lightrulewidth=\dimen256
\cmidrulewidth=\dimen257
\belowrulesep=\dimen258
\belowbottomsep=\dimen259
\aboverulesep=\dimen260
\abovetopsep=\dimen261
\cmidrulesep=\dimen262
\cmidrulekern=\dimen263
\defaultaddspace=\dimen264
\@cmidla=\count302
\@cmidlb=\count303
\@aboverulesep=\dimen265
\@belowrulesep=\dimen266
\@thisruleclass=\count304
\@lastruleclass=\count305
\@thisrulewidth=\dimen267
)
(F:\MikTEX\tex/latex/tools\tabularx.sty
Package: tabularx 2020/01/15 v2.11c `tabularx' package (DPC)
\TX@col@width=\dimen268
\TX@old@table=\dimen269
\TX@old@col=\dimen270
\TX@target=\dimen271
\TX@delta=\dimen272
\TX@cols=\count306
\TX@ftn=\toks28
)

Package fontspec Info: Font family 'TimesNewRoman(0)' created for font 'Times
(fontspec)             New Roman' with options [Ligatures=TeX].
(fontspec)              
(fontspec)              This font family consists of the following NFSS
(fontspec)             series/shapes:
(fontspec)              
(fontspec)             - 'normal' (m/n) with NFSS spec.: <->"Times New
(fontspec)             Roman/OT:script=latn;language=dflt;mapping=tex-text;"
(fontspec)             - 'small caps'  (m/sc) with NFSS spec.: <->"Times New
(fontspec)             Roman/OT:script=latn;language=dflt;+smcp;mapping=tex-tex
t;"
(fontspec)             - 'bold' (b/n) with NFSS spec.: <->"Times New
(fontspec)             Roman/B/OT:script=latn;language=dflt;mapping=tex-text;"
(fontspec)             - 'bold small caps'  (b/sc) with NFSS spec.: <->"Times
(fontspec)             New
(fontspec)             Roman/B/OT:script=latn;language=dflt;+smcp;mapping=tex-t
ext;"
(fontspec)             - 'italic' (m/it) with NFSS spec.: <->"Times New
(fontspec)             Roman/I/OT:script=latn;language=dflt;mapping=tex-text;"
(fontspec)             - 'italic small caps'  (m/scit) with NFSS spec.:
(fontspec)             <->"Times New
(fontspec)             Roman/I/OT:script=latn;language=dflt;+smcp;mapping=tex-t
ext;"
(fontspec)             - 'bold italic' (b/it) with NFSS spec.: <->"Times New
(fontspec)             Roman/BI/OT:script=latn;language=dflt;mapping=tex-text;"

(fontspec)             - 'bold italic small caps'  (b/scit) with NFSS spec.:
(fontspec)             <->"Times New
(fontspec)             Roman/BI/OT:script=latn;language=dflt;+smcp;mapping=tex-
text;"


Package fontspec Info: Font family 'Arial(0)' created for font 'Arial' with
(fontspec)             options [Ligatures=TeX].
(fontspec)              
(fontspec)              This font family consists of the following NFSS
(fontspec)             series/shapes:
(fontspec)              
(fontspec)             - 'normal' (m/n) with NFSS spec.:
(fontspec)             <->"Arial/OT:script=latn;language=dflt;mapping=tex-text;
"
(fontspec)             - 'small caps'  (m/sc) with NFSS spec.:
(fontspec)             <->"Arial/OT:script=latn;language=dflt;+smcp;mapping=tex
-text;"
(fontspec)             - 'bold' (b/n) with NFSS spec.:
(fontspec)             <->"Arial/B/OT:script=latn;language=dflt;mapping=tex-tex
t;"
(fontspec)             - 'bold small caps'  (b/sc) with NFSS spec.:
(fontspec)             <->"Arial/B/OT:script=latn;language=dflt;+smcp;mapping=t
ex-text;"
(fontspec)             - 'italic' (m/it) with NFSS spec.:
(fontspec)             <->"Arial/I/OT:script=latn;language=dflt;mapping=tex-tex
t;"
(fontspec)             - 'italic small caps'  (m/scit) with NFSS spec.:
(fontspec)             <->"Arial/I/OT:script=latn;language=dflt;+smcp;mapping=t
ex-text;"
(fontspec)             - 'bold italic' (b/it) with NFSS spec.:
(fontspec)             <->"Arial/BI/OT:script=latn;language=dflt;mapping=tex-te
xt;"
(fontspec)             - 'bold italic small caps'  (b/scit) with NFSS spec.:
(fontspec)             <->"Arial/BI/OT:script=latn;language=dflt;+smcp;mapping=
tex-text;"


Package fontspec Info: Font family 'simsun.ttc(0)' created for font
(fontspec)             'simsun.ttc' with options
(fontspec)             [Script={CJK},AutoFakeBold={2},AutoFakeSlant={0.167}].
(fontspec)              
(fontspec)              This font family consists of the following NFSS
(fontspec)             series/shapes:
(fontspec)              
(fontspec)             - 'normal' (m/n) with NFSS spec.:
(fontspec)             <->"[simsun.ttc]/OT:script=hani;language=dflt;"
(fontspec)             - 'small caps'  (m/sc) with NFSS spec.: 
(fontspec)             - 'bold' (b/n) with NFSS spec.:
(fontspec)             <->"[simsun.ttc]/OT:script=hani;language=dflt;embolden=2
;"
(fontspec)             - 'bold small caps'  (b/sc) with NFSS spec.: 
(fontspec)             - 'italic' (m/it) with NFSS spec.:
(fontspec)             <->"[simsun.ttc]/OT:script=hani;language=dflt;slant=0.16
7;"
(fontspec)             - 'italic small caps'  (m/scit) with NFSS spec.: 
(fontspec)             - 'bold italic' (b/it) with NFSS spec.:
(fontspec)             <->"[simsun.ttc]/OT:script=hani;language=dflt;embolden=2
;slant=0.167;"
(fontspec)             - 'bold italic small caps'  (b/scit) with NFSS spec.: 

)

LaTeX Warning: Unused global option(s):
    [UTF8,scheme].

(main.aux (Chapter1.aux) (chapter2.aux) (C3elastic.aux

LaTeX Warning: Label `strain' multiply defined.

) (C4plate.aux

LaTeX Warning: Label `moment' multiply defined.

))
\openout1 = `main.aux'.

LaTeX Font Info:    Checking defaults for OML/cmm/m/it on input line 20.
LaTeX Font Info:    ... okay on input line 20.
LaTeX Font Info:    Checking defaults for OMS/cmsy/m/n on input line 20.
LaTeX Font Info:    ... okay on input line 20.
LaTeX Font Info:    Checking defaults for OT1/cmr/m/n on input line 20.
LaTeX Font Info:    ... okay on input line 20.
LaTeX Font Info:    Checking defaults for T1/cmr/m/n on input line 20.
LaTeX Font Info:    ... okay on input line 20.
LaTeX Font Info:    Checking defaults for TS1/cmr/m/n on input line 20.
LaTeX Font Info:    Trying to load font information for TS1+cmr on input line 2
0.
 (F:\MikTEX\tex/latex/base\ts1cmr.fd
File: ts1cmr.fd 2023/04/13 v2.5m Standard LaTeX font definitions
)
LaTeX Font Info:    ... okay on input line 20.
LaTeX Font Info:    Checking defaults for TU/lmr/m/n on input line 20.
LaTeX Font Info:    ... okay on input line 20.
LaTeX Font Info:    Checking defaults for OMX/cmex/m/n on input line 20.
LaTeX Font Info:    ... okay on input line 20.
LaTeX Font Info:    Checking defaults for U/cmr/m/n on input line 20.
LaTeX Font Info:    ... okay on input line 20.

*geometry* driver: auto-detecting
*geometry* detected driver: xetex
*geometry* verbose mode - [ preamble ] result:
* driver: xetex
* paper: a4paper
* layout: <same size as paper>
* layoutoffset:(h,v)=(0.0pt,0.0pt)
* modes: twoside 
* h-part:(L,W,R)=(91.04872pt, 415.41043pt, 91.04872pt)
* v-part:(T,H,B)=(108.12054pt, 628.80576pt, 108.12054pt)
* \paperwidth=597.50787pt
* \paperheight=845.04684pt
* \textwidth=415.41043pt
* \textheight=628.80576pt
* \oddsidemargin=18.77873pt
* \evensidemargin=18.77873pt
* \topmargin=3.78307pt
* \headheight=14.0pt
* \headsep=18.06749pt
* \topskip=10.0pt
* \footskip=28.45274pt
* \marginparwidth=125.0pt
* \marginparsep=7.0pt
* \columnsep=10.0pt
* \skip\footins=9.0pt plus 4.0pt minus 2.0pt
* \hoffset=0.0pt
* \voffset=8.5359pt
* \mag=1000
* \@twocolumnfalse
* \@twosidetrue
* \@mparswitchtrue
* \@reversemarginfalse
* (1in=72.27pt=25.4mm, 1cm=28.453pt)


Package fontspec Info: Adjusting the maths setup (use [no-math] to avoid
(fontspec)             this).

\symlegacymaths=\mathgroup6
LaTeX Font Info:    Overwriting symbol font `legacymaths' in version `bold'
(Font)                  OT1/cmr/m/n --> OT1/cmr/bx/n on input line 20.
LaTeX Font Info:    Redeclaring math accent \acute on input line 20.
LaTeX Font Info:    Redeclaring math accent \grave on input line 20.
LaTeX Font Info:    Redeclaring math accent \ddot on input line 20.
LaTeX Font Info:    Redeclaring math accent \tilde on input line 20.
LaTeX Font Info:    Redeclaring math accent \bar on input line 20.
LaTeX Font Info:    Redeclaring math accent \breve on input line 20.
LaTeX Font Info:    Redeclaring math accent \check on input line 20.
LaTeX Font Info:    Redeclaring math accent \hat on input line 20.
LaTeX Font Info:    Redeclaring math accent \dot on input line 20.
LaTeX Font Info:    Redeclaring math accent \mathring on input line 20.
LaTeX Font Info:    Redeclaring math symbol \Gamma on input line 20.
LaTeX Font Info:    Redeclaring math symbol \Delta on input line 20.
LaTeX Font Info:    Redeclaring math symbol \Theta on input line 20.
LaTeX Font Info:    Redeclaring math symbol \Lambda on input line 20.
LaTeX Font Info:    Redeclaring math symbol \Xi on input line 20.
LaTeX Font Info:    Redeclaring math symbol \Pi on input line 20.
LaTeX Font Info:    Redeclaring math symbol \Sigma on input line 20.
LaTeX Font Info:    Redeclaring math symbol \Upsilon on input line 20.
LaTeX Font Info:    Redeclaring math symbol \Phi on input line 20.
LaTeX Font Info:    Redeclaring math symbol \Psi on input line 20.
LaTeX Font Info:    Redeclaring math symbol \Omega on input line 20.
LaTeX Font Info:    Redeclaring math symbol \mathdollar on input line 20.
LaTeX Font Info:    Redeclaring symbol font `operators' on input line 20.
LaTeX Font Info:    Encoding `OT1' has changed to `TU' for symbol font
(Font)              `operators' in the math version `normal' on input line 20.
LaTeX Font Info:    Overwriting symbol font `operators' in version `normal'
(Font)                  OT1/cmr/m/n --> TU/TimesNewRoman(0)/m/n on input line 2
0.
LaTeX Font Info:    Encoding `OT1' has changed to `TU' for symbol font
(Font)              `operators' in the math version `bold' on input line 20.
LaTeX Font Info:    Overwriting symbol font `operators' in version `bold'
(Font)                  OT1/cmr/bx/n --> TU/TimesNewRoman(0)/m/n on input line 
20.
LaTeX Font Info:    Overwriting symbol font `operators' in version `normal'
(Font)                  TU/TimesNewRoman(0)/m/n --> TU/TimesNewRoman(0)/m/n on 
input line 20.
LaTeX Font Info:    Overwriting math alphabet `\mathit' in version `normal'
(Font)                  OT1/cmr/m/it --> TU/TimesNewRoman(0)/m/it on input line
 20.
LaTeX Font Info:    Overwriting math alphabet `\mathbf' in version `normal'
(Font)                  OT1/cmr/bx/n --> TU/TimesNewRoman(0)/b/n on input line 
20.
LaTeX Font Info:    Overwriting math alphabet `\mathsf' in version `normal'
(Font)                  OT1/cmss/m/n --> TU/Arial(0)/m/n on input line 20.
LaTeX Font Info:    Overwriting math alphabet `\mathtt' in version `normal'
(Font)                  OT1/cmtt/m/n --> TU/lmtt/m/n on input line 20.
LaTeX Font Info:    Overwriting symbol font `operators' in version `bold'
(Font)                  TU/TimesNewRoman(0)/m/n --> TU/TimesNewRoman(0)/b/n on 
input line 20.
LaTeX Font Info:    Overwriting math alphabet `\mathit' in version `bold'
(Font)                  OT1/cmr/bx/it --> TU/TimesNewRoman(0)/b/it on input lin
e 20.
LaTeX Font Info:    Overwriting math alphabet `\mathsf' in version `bold'
(Font)                  OT1/cmss/bx/n --> TU/Arial(0)/b/n on input line 20.
LaTeX Font Info:    Overwriting math alphabet `\mathtt' in version `bold'
(Font)                  OT1/cmtt/m/n --> TU/lmtt/b/n on input line 20.
*geometry* verbose mode - [ newgeometry ] result:
* driver: xetex
* paper: a4paper
* layout: <same size as paper>
* layoutoffset:(h,v)=(0.0pt,0.0pt)
* modes: twoside 
* h-part:(L,W,R)=(68.28644pt, 466.62547pt, 62.59596pt)
* v-part:(T,H,B)=(91.04872pt, 680.0208pt, 73.97733pt)
* \paperwidth=597.50787pt
* \paperheight=845.04684pt
* \textwidth=466.62547pt
* \textheight=680.0208pt
* \oddsidemargin=-3.98355pt
* \evensidemargin=-9.67403pt
* \topmargin=-13.28876pt
* \headheight=14.0pt
* \headsep=18.06749pt
* \topskip=10.0pt
* \footskip=28.45274pt
* \marginparwidth=125.0pt
* \marginparsep=7.0pt
* \columnsep=10.0pt
* \skip\footins=9.0pt plus 4.0pt minus 2.0pt
* \hoffset=0.0pt
* \voffset=8.5359pt
* \mag=1000
* \@twocolumnfalse
* \@twosidetrue
* \@mparswitchtrue
* \@reversemarginfalse
* (1in=72.27pt=25.4mm, 1cm=28.453pt)


Package fontspec Info: Font family 'Kaiti_GB2312.ttf(0)' created for font
(fontspec)             'Kaiti_GB2312.ttf' with options
(fontspec)             [Script={CJK},AutoFakeBold={2},AutoFakeSlant={0.167}].
(fontspec)              
(fontspec)              This font family consists of the following NFSS
(fontspec)             series/shapes:
(fontspec)              
(fontspec)             - 'normal' (m/n) with NFSS spec.:
(fontspec)             <->"[Kaiti_GB2312.ttf]/OT:script=hani;language=dflt;"
(fontspec)             - 'small caps'  (m/sc) with NFSS spec.: 
(fontspec)             - 'bold' (b/n) with NFSS spec.:
(fontspec)             <->"[Kaiti_GB2312.ttf]/OT:script=hani;language=dflt;embo
lden=2;"
(fontspec)             - 'bold small caps'  (b/sc) with NFSS spec.: 
(fontspec)             - 'italic' (m/it) with NFSS spec.:
(fontspec)             <->"[Kaiti_GB2312.ttf]/OT:script=hani;language=dflt;slan
t=0.167;"
(fontspec)             - 'italic small caps'  (m/scit) with NFSS spec.: 
(fontspec)             - 'bold italic' (b/it) with NFSS spec.:
(fontspec)             <->"[Kaiti_GB2312.ttf]/OT:script=hani;language=dflt;embo
lden=2;slant=0.167;"
(fontspec)             - 'bold italic small caps'  (b/scit) with NFSS spec.: 

LaTeX Font Info:    Calculating math sizes for size <10.5> on input line 21.

LaTeX Font Warning: Font shape `OML/cmm/m/it' in size <10.5> not available
(Font)              size <10.95> substituted on input line 21.


LaTeX Font Warning: Font shape `OMS/cmsy/m/n' in size <10.5> not available
(Font)              size <10.95> substituted on input line 21.

LaTeX Font Info:    Trying to load font information for U+msa on input line 21.

(F:\MikTEX\tex/latex/amsfonts\umsa.fd
File: umsa.fd 2013/01/14 v3.01 AMS symbols A
)
LaTeX Font Info:    Trying to load font information for U+msb on input line 21.

 (F:\MikTEX\tex/latex/amsfonts\umsb.fd
File: umsb.fd 2013/01/14 v3.01 AMS symbols B
)

LaTeX Font Warning: Font shape `OT1/cmr/m/n' in size <10.5> not available
(Font)              size <10.95> substituted on input line 21.

File: covers/engineering_master.png Graphic file (type bmp)
<covers/engineering_master.png>

Package fontspec Info: Font family 'simhei.ttf(0)' created for font
(fontspec)             'simhei.ttf' with options
(fontspec)             [Script={CJK},AutoFakeBold={2},AutoFakeSlant={0.167}].
(fontspec)              
(fontspec)              This font family consists of the following NFSS
(fontspec)             series/shapes:
(fontspec)              
(fontspec)             - 'normal' (m/n) with NFSS spec.:
(fontspec)             <->"[simhei.ttf]/OT:script=hani;language=dflt;"
(fontspec)             - 'small caps'  (m/sc) with NFSS spec.: 
(fontspec)             - 'bold' (b/n) with NFSS spec.:
(fontspec)             <->"[simhei.ttf]/OT:script=hani;language=dflt;embolden=2
;"
(fontspec)             - 'bold small caps'  (b/sc) with NFSS spec.: 
(fontspec)             - 'italic' (m/it) with NFSS spec.:
(fontspec)             <->"[simhei.ttf]/OT:script=hani;language=dflt;slant=0.16
7;"
(fontspec)             - 'italic small caps'  (m/scit) with NFSS spec.: 
(fontspec)             - 'bold italic' (b/it) with NFSS spec.:
(fontspec)             <->"[simhei.ttf]/OT:script=hani;language=dflt;embolden=2
;slant=0.167;"
(fontspec)             - 'bold italic small caps'  (b/scit) with NFSS spec.: 

LaTeX Font Info:    Calculating math sizes for size <14> on input line 21.
[1


] [2

] [3] [4


]

Package fontspec Info: Font family 'simfang.ttf(0)' created for font
(fontspec)             'simfang.ttf' with options
(fontspec)             [Script={CJK},AutoFakeBold={2},AutoFakeSlant={0.167}].
(fontspec)              
(fontspec)              This font family consists of the following NFSS
(fontspec)             series/shapes:
(fontspec)              
(fontspec)             - 'normal' (m/n) with NFSS spec.:
(fontspec)             <->"[simfang.ttf]/OT:script=hani;language=dflt;"
(fontspec)             - 'small caps'  (m/sc) with NFSS spec.: 
(fontspec)             - 'bold' (b/n) with NFSS spec.:
(fontspec)             <->"[simfang.ttf]/OT:script=hani;language=dflt;embolden=
2;"
(fontspec)             - 'bold small caps'  (b/sc) with NFSS spec.: 
(fontspec)             - 'italic' (m/it) with NFSS spec.:
(fontspec)             <->"[simfang.ttf]/OT:script=hani;language=dflt;slant=0.1
67;"
(fontspec)             - 'italic small caps'  (m/scit) with NFSS spec.: 
(fontspec)             - 'bold italic' (b/it) with NFSS spec.:
(fontspec)             <->"[simfang.ttf]/OT:script=hani;language=dflt;embolden=
2;slant=0.167;"
(fontspec)             - 'bold italic small caps'  (b/scit) with NFSS spec.: 

 [5] [6

] (main.toc)
\tf@toc=\write3
\openout3 = `main.toc'.

 [1]
\openout2 = `Chapter1.aux'.

 (Chapter1.tex [2


]
Chapter 1.
[3] [4]) [5]
\openout2 = `chapter2.aux'.

 (chapter2.tex [6




]
Chapter 2.
) [7]
\openout2 = `C3elastic.aux'.

 (C3elastic.tex [8




]
Chapter 3.
[9]
File: figure/E/PSI.png Graphic file (type bmp)
<figure/E/PSI.png>


LaTeX Warning: `!h' float specifier changed to `!ht'.

[10] [11]
File: figure/E/DPASI.png Graphic file (type bmp)
<figure/E/DPASI.png>


LaTeX Warning: `!h' float specifier changed to `!ht'.

[12]
Underfull \hbox (badness 10000) in paragraph at lines 193--196

 []

File: figure/E/background.png Graphic file (type bmp)
<figure/E/background.png>

LaTeX Warning: `!h' float specifier changed to `!ht'.


Underfull \vbox (badness 10000) has occurred while \output is active []

 [13]
[14] [15]
Overfull \hbox (3.12383pt too wide) detected at line 365
[]
 []


Underfull \vbox (badness 10000) has occurred while \output is active []

 [16]
[17]
File: figure/E/strain.png Graphic file (type bmp)
<figure/E/strain.png>
 [18]
File: figure/E/point.png Graphic file (type bmp)
<figure/E/point.png>
File: figure/E/point2.png Graphic file (type bmp)
<figure/E/point2.png>
File: figure/E/point.png Graphic file (type bmp)
<figure/E/point.png>
File: figure/E/point2.png Graphic file (type bmp)
<figure/E/point2.png>
File: figure/E/patchtestmeshfree.png Graphic file (type bmp)
<figure/E/patchtestmeshfree.png>


LaTeX Warning: `!h' float specifier changed to `!ht'.

[19]

LaTeX Warning: `h' float specifier changed to `ht'.

[20]
File: figure/E/cantilever/cantilever.png Graphic file (type bmp)
<figure/E/cantilever/cantilever.png>
File: figure/E/cantilever/cantilever.mesh.png Graphic file (type bmp)
<figure/E/cantilever/cantilever.mesh.png>


LaTeX Warning: `!h' float specifier changed to `!ht'.

[21]
File: figure/E/cantilever/L2.png Graphic file (type bmp)
<figure/E/cantilever/L2.png>
File: figure/E/cantilever/H1.png Graphic file (type bmp)
<figure/E/cantilever/H1.png>


LaTeX Warning: `!h' float specifier changed to `!ht'.


LaTeX Warning: `!h' float specifier changed to `!ht'.

[22]
File: figure/E/cantilever/CPUTime.png Graphic file (type bmp)
<figure/E/cantilever/CPUTime.png>


LaTeX Warning: `!h' float specifier changed to `!ht'.

[23]
File: figure/E/cantilever/caculate.png Graphic file (type bmp)
<figure/E/cantilever/caculate.png>


LaTeX Warning: `!h' float specifier changed to `!ht'.

[24]
File: figure/E/hole/hole.png Graphic file (type bmp)
<figure/E/hole/hole.png>

Overfull \hbox (26.6783pt too wide) in paragraph at lines 653--654
 [][] 
 []


LaTeX Warning: `!h' float specifier changed to `!ht'.

File: figure/E/hole/hole.msh.png Graphic file (type bmp)
<figure/E/hole/hole.msh.png>

LaTeX Warning: `!h' float specifier changed to `!ht'.

[25]
File: figure/E/hole/L2.png Graphic file (type bmp)
<figure/E/hole/L2.png>
File: figure/E/hole/H1.png Graphic file (type bmp)
<figure/E/hole/H1.png>


LaTeX Warning: `!h' float specifier changed to `!ht'.


LaTeX Warning: `!h' float specifier changed to `!ht'.

[26]
File: figure/E/hole/CPUTime.png Graphic file (type bmp)
<figure/E/hole/CPUTime.png>
File: figure/E/hole/caculate.png Graphic file (type bmp)
<figure/E/hole/caculate.png>


LaTeX Warning: `!h' float specifier changed to `!ht'.


LaTeX Warning: `!h' float specifier changed to `!ht'.

[27]
File: figure/E/hole/hole.stress1.png Graphic file (type bmp)
<figure/E/hole/hole.stress1.png>
File: figure/E/hole/hole.stress2.png Graphic file (type bmp)
<figure/E/hole/hole.stress2.png>


LaTeX Warning: `!h' float specifier changed to `!ht'.

[28]) [29]
\openout2 = `C4plate.aux'.

 (C4plate.tex [30




]
Chapter 4.
File: figure/P/plate.png Graphic file (type bmp)
<figure/P/plate.png>
[31] [32]
File: figure/P/PSI.png Graphic file (type bmp)
<figure/P/PSI.png>

Underfull \vbox (badness 10000) has occurred while \output is active []

 [33]
File: figure/P/background.png Graphic file (type bmp)
<figure/P/background.png>

Underfull \vbox (badness 7925) has occurred while \output is active []

 [34]
LaTeX Font Info:    Trying to load font information for U+euf on input line 209
.

(F:\MikTEX\tex/latex/amsfonts\ueuf.fd
File: ueuf.fd 2013/01/14 v3.01 Euler Fraktur
)
File: figure/P/moment.png Graphic file (type bmp)
<figure/P/moment.png>


LaTeX Warning: `!h' float specifier changed to `!ht'.

[35] [36]
Underfull \vbox (badness 10000) has occurred while \output is active []

 [37]
Underfull \vbox (badness 10000) has occurred while \output is active []

 [38]
Underfull \vbox (badness 10000) has occurred while \output is active []

 [39]
[40] [41]
File: figure/P/R/rectangular.png Graphic file (type bmp)
<figure/P/R/rectangular.png>
File: figure/P/R/rectangular.msh.png Graphic file (type bmp)
<figure/P/R/rectangular.msh.png>
 [42]
File: figure/P/R/CLH.png Graphic file (type bmp)
<figure/P/R/CLH.png>
File: figure/P/R/QLH.png Graphic file (type bmp)
<figure/P/R/QLH.png>
 [43] [44]
File: figure/P/R/Ralpha.png Graphic file (type bmp)
<figure/P/R/Ralpha.png>

Overfull \hbox (33.86229pt too wide) in paragraph at lines 455--456
 [][] 
 []

File: figure/P/R/cputime.png Graphic file (type bmp)
<figure/P/R/cputime.png>
[45]
File: figure/P/T/triangular.png Graphic file (type bmp)
<figure/P/T/triangular.png>
File: figure/P/T/triangular.msh.png Graphic file (type bmp)
<figure/P/T/triangular.msh.png>
 [46]
File: figure/P/T/CLH.png Graphic file (type bmp)
<figure/P/T/CLH.png>
File: figure/P/T/QLH.png Graphic file (type bmp)
<figure/P/T/QLH.png>
 [47] [48]
File: figure/P/T/cputime.png Graphic file (type bmp)
<figure/P/T/cputime.png>
File: figure/P/T/cauclate.png Graphic file (type bmp)
<figure/P/T/cauclate.png>
 [49]
File: figure/P/T/Mnn.png Graphic file (type bmp)
<figure/P/T/Mnn.png>
 [50]
File: figure/P/A/annular.png Graphic file (type bmp)
<figure/P/A/annular.png>
 [51]
File: figure/P/A/annular.msh.png Graphic file (type bmp)
<figure/P/A/annular.msh.png>
File: figure/P/A/QLH.png Graphic file (type bmp)
<figure/P/A/QLH.png>


LaTeX Warning: `!h' float specifier changed to `!ht'.

File: figure/P/A/Mnn.png Graphic file (type bmp)
<figure/P/A/Mnn.png>

LaTeX Warning: `!h' float specifier changed to `!ht'.

[52]) [53] [54] (main.aux (Chapter1.aux) (chapter2.aux) (C3elastic.aux)
(C4plate.aux))
 ***********
LaTeX2e <2023-06-01> patch level 1
L3 programming layer <2022/08/05>
 ***********


LaTeX Font Warning: Size substitutions with differences
(Font)              up to 0.45pt have occurred.


LaTeX Warning: There were multiply-defined labels.

 ) 
Here is how much of TeX's memory you used:
 9432 strings out of 410379
 241445 string characters out of 5795143
 1951432 words of memory out of 5000000
 30524 multiletter control sequences out of 15000+600000
 569399 words of font info for 153 fonts, out of 8000000 for 9000
 1348 hyphenation exceptions out of 8191
 89i,25n,99p,409b,392s stack positions out of 10000i,1000n,20000p,200000b,200000s

Output written on main.pdf (60 pages).
