This is XeTeX, Version 3.141592653-2.6-0.999994 (MiKTeX 22.3) (preloaded format=xelatex 2023.9.13)  22 JAN 2024 17:05
entering extended mode
 restricted \write18 enabled.
 file:line:error style messages enabled.
 %&-line parsing enabled.
**"c:/Users/PC/code/LATEX-article/save file/20230801-old/HR动力分析.tex"
(c:/Users/PC/code/LATEX-article/save file/20230801-old/HR动力分析.tex
LaTeX2e <2023-06-01> patch level 1
L3 programming layer <2023-08-29>
(F:\MikTEX\tex/latex/base\article.cls
Document Class: article 2023/05/17 v1.4n Standard LaTeX document class
(F:\MikTEX\tex/latex/base\size11.clo
File: size11.clo 2023/05/17 v1.4n Standard LaTeX file (size option)
)
\c@part=\count181
\c@section=\count182
\c@subsection=\count183
\c@subsubsection=\count184
\c@paragraph=\count185
\c@subparagraph=\count186
\c@figure=\count187
\c@table=\count188
\abovecaptionskip=\skip48
\belowcaptionskip=\skip49
\bibindent=\dimen140
) (F:\MikTEX\tex/latex/ctex\ctex.sty
(F:\MikTEX\tex/latex/l3kernel\expl3.sty
Package: expl3 2023-08-29 L3 programming layer (loader) 

(F:\MikTEX\tex/latex/l3backend\l3backend-xetex.def
File: l3backend-xetex.def 2023-04-19 L3 backend support: XeTeX
\g__graphics_track_int=\count189
\l__pdf_internal_box=\box51
\g__pdf_backend_object_int=\count190
\g__pdf_backend_annotation_int=\count191
\g__pdf_backend_link_int=\count192
))
Package: ctex 2022/07/14 v2.5.10 Chinese adapter in LaTeX (CTEX)

(F:\MikTEX\tex/latex/ctex\ctexhook.sty
Package: ctexhook 2022/07/14 v2.5.10 Document and package hooks (CTEX)
) (F:\MikTEX\tex/latex/ctex\ctexpatch.sty
Package: ctexpatch 2022/07/14 v2.5.10 Patching commands (CTEX)
) (F:\MikTEX\tex/latex/base\fix-cm.sty
Package: fix-cm 2020/11/24 v1.1t fixes to LaTeX
 (F:\MikTEX\tex/latex/base\ts1enc.def
File: ts1enc.def 2001/06/05 v3.0e (jk/car/fm) Standard LaTeX file
LaTeX Font Info:    Redeclaring font encoding TS1 on input line 47.
))
\l__ctex_tmp_int=\count193
\l__ctex_tmp_box=\box52
\l__ctex_tmp_dim=\dimen141
\g__ctex_section_depth_int=\count194
\g__ctex_font_size_int=\count195

(F:\MikTEX\tex/latex/ctex/config\ctexopts.cfg
File: ctexopts.cfg 2022/07/14 v2.5.10 Option configuration file (CTEX)
)
(F:\MikTEX\tex/latex/ctex/engine\ctex-engine-xetex.def
File: ctex-engine-xetex.def 2022/07/14 v2.5.10 XeLaTeX adapter (CTEX)

(F:\MikTEX\tex/xelatex/xecjk\xeCJK.sty
Package: xeCJK 2022/08/05 v3.9.1 Typesetting CJK scripts with XeLaTeX

(F:\MikTEX\tex/latex/l3packages/xtemplate\xtemplate.sty
Package: xtemplate 2023-08-29 L3 Experimental prototype document functions
\l__xtemplate_tmp_dim=\dimen142
\l__xtemplate_tmp_int=\count196
\l__xtemplate_tmp_muskip=\muskip16
\l__xtemplate_tmp_skip=\skip50
)
\l__xeCJK_tmp_int=\count197
\l__xeCJK_tmp_box=\box53
\l__xeCJK_tmp_dim=\dimen143
\l__xeCJK_tmp_skip=\skip51
\g__xeCJK_space_factor_int=\count198
\l__xeCJK_begin_int=\count199
\l__xeCJK_end_int=\count266
\c__xeCJK_CJK_class_int=\XeTeXcharclass1
\c__xeCJK_FullLeft_class_int=\XeTeXcharclass2
\c__xeCJK_FullRight_class_int=\XeTeXcharclass3
\c__xeCJK_HalfLeft_class_int=\XeTeXcharclass4
\c__xeCJK_HalfRight_class_int=\XeTeXcharclass5
\c__xeCJK_NormalSpace_class_int=\XeTeXcharclass6
\c__xeCJK_CM_class_int=\XeTeXcharclass7
\c__xeCJK_HangulJamo_class_int=\XeTeXcharclass8
\l__xeCJK_last_skip=\skip52
\c__xeCJK_none_node=\count267
\g__xeCJK_node_int=\count268
\c__xeCJK_CJK_node_dim=\dimen144
\c__xeCJK_CJK-space_node_dim=\dimen145
\c__xeCJK_default_node_dim=\dimen146
\c__xeCJK_CJK-widow_node_dim=\dimen147
\c__xeCJK_normalspace_node_dim=\dimen148
\c__xeCJK_default-space_node_skip=\skip53
\l__xeCJK_ccglue_skip=\skip54
\l__xeCJK_ecglue_skip=\skip55
\l__xeCJK_punct_kern_skip=\skip56
\l__xeCJK_indent_box=\box54
\l__xeCJK_last_penalty_int=\count269
\l__xeCJK_last_bound_dim=\dimen149
\l__xeCJK_last_kern_dim=\dimen150
\l__xeCJK_widow_penalty_int=\count270

Package xtemplate Info: Declaring object type 'xeCJK/punctuation' taking 0
(xtemplate)             argument(s) on line 2396.

\l__xeCJK_fixed_punct_width_dim=\dimen151
\l__xeCJK_mixed_punct_width_dim=\dimen152
\l__xeCJK_middle_punct_width_dim=\dimen153
\l__xeCJK_fixed_margin_width_dim=\dimen154
\l__xeCJK_mixed_margin_width_dim=\dimen155
\l__xeCJK_middle_margin_width_dim=\dimen156
\l__xeCJK_bound_punct_width_dim=\dimen157
\l__xeCJK_bound_margin_width_dim=\dimen158
\l__xeCJK_margin_minimum_dim=\dimen159
\l__xeCJK_kerning_total_width_dim=\dimen160
\l__xeCJK_same_align_margin_dim=\dimen161
\l__xeCJK_different_align_margin_dim=\dimen162
\l__xeCJK_kerning_margin_width_dim=\dimen163
\l__xeCJK_kerning_margin_minimum_dim=\dimen164
\l__xeCJK_bound_dim=\dimen165
\l__xeCJK_reverse_bound_dim=\dimen166
\l__xeCJK_margin_dim=\dimen167
\l__xeCJK_minimum_bound_dim=\dimen168
\l__xeCJK_kerning_margin_dim=\dimen169
\g__xeCJK_family_int=\count271
\l__xeCJK_fam_int=\count272
\g__xeCJK_fam_allocation_int=\count273
\l__xeCJK_verb_case_int=\count274
\l__xeCJK_verb_exspace_skip=\skip57

(F:\MikTEX\tex/latex/fontspec\fontspec.sty
(F:\MikTEX\tex/latex/l3packages/xparse\xparse.sty
Package: xparse 2023-08-29 L3 Experimental document command parser
)
Package: fontspec 2022/01/15 v2.8a Font selection for XeLaTeX and LuaLaTeX

(F:\MikTEX\tex/latex/fontspec\fontspec-xetex.sty
Package: fontspec-xetex 2022/01/15 v2.8a Font selection for XeLaTeX and LuaLaTe
X
\l__fontspec_script_int=\count275
\l__fontspec_language_int=\count276
\l__fontspec_strnum_int=\count277
\l__fontspec_tmp_int=\count278
\l__fontspec_tmpa_int=\count279
\l__fontspec_tmpb_int=\count280
\l__fontspec_tmpc_int=\count281
\l__fontspec_em_int=\count282
\l__fontspec_emdef_int=\count283
\l__fontspec_strong_int=\count284
\l__fontspec_strongdef_int=\count285
\l__fontspec_tmpa_dim=\dimen170
\l__fontspec_tmpb_dim=\dimen171
\l__fontspec_tmpc_dim=\dimen172

(F:\MikTEX\tex/latex/base\fontenc.sty
Package: fontenc 2021/04/29 v2.0v Standard LaTeX package
)
(F:\MikTEX\tex/latex/fontspec\fontspec.cfg)))
(F:\MikTEX\tex/xelatex/xecjk\xeCJK.cfg
File: xeCJK.cfg 2022/08/05 v3.9.1 Configuration file for xeCJK package
))
\ccwd=\dimen173
\l__ctex_ccglue_skip=\skip58
)
\l__ctex_ziju_dim=\dimen174

(F:\MikTEX\tex/latex/zhnumber\zhnumber.sty
Package: zhnumber 2022/07/14 v3.0 Typesetting numbers with Chinese glyphs
\l__zhnum_scale_int=\count286
\l__zhnum_tmp_int=\count287

(F:\MikTEX\tex/latex/zhnumber\zhnumber-utf8.cfg
File: zhnumber-utf8.cfg 2022/07/14 v3.0 Chinese numerals with UTF8 encoding
))
(F:\MikTEX\tex/latex/ctex/scheme\ctex-scheme-chinese.def
File: ctex-scheme-chinese.def 2022/07/14 v2.5.10 Chinese scheme for generic (CT
EX)

(F:\MikTEX\tex/latex/ctex/config\ctex-name-utf8.cfg
File: ctex-name-utf8.cfg 2022/07/14 v2.5.10 Caption with encoding UTF-8 (CTEX)
))
(F:\MikTEX\tex/latex/tools\indentfirst.sty
Package: indentfirst 1995/11/23 v1.03 Indent first paragraph (DPC)
)
(F:\MikTEX\tex/latex/ctex/fontset\ctex-fontset-windows.def
File: ctex-fontset-windows.def 2022/07/14 v2.5.10 Windows fonts definition (CTE
X)

Package fontspec Info: Could not resolve font "KaiTi/B" (it probably doesn't
(fontspec)             exist).


Package fontspec Info: Could not resolve font "SimHei/I" (it probably doesn't
(fontspec)             exist).


Package fontspec Info: Could not resolve font "SimSun/BI" (it probably doesn't
(fontspec)             exist).


Package fontspec Info: Font family 'SimSun(0)' created for font 'SimSun' with
(fontspec)             options
(fontspec)             [Script={CJK},BoldFont={SimHei},ItalicFont={KaiTi}].
(fontspec)              
(fontspec)              This font family consists of the following NFSS
(fontspec)             series/shapes:
(fontspec)              
(fontspec)             - 'normal' (m/n) with NFSS spec.:
(fontspec)             <->"SimSun/OT:script=hani;language=dflt;"
(fontspec)             - 'small caps'  (m/sc) with NFSS spec.: 
(fontspec)             - 'bold' (b/n) with NFSS spec.:
(fontspec)             <->"SimHei/OT:script=hani;language=dflt;"
(fontspec)             - 'bold small caps'  (b/sc) with NFSS spec.: 
(fontspec)             - 'italic' (m/it) with NFSS spec.:
(fontspec)             <->"KaiTi/OT:script=hani;language=dflt;"
(fontspec)             - 'italic small caps'  (m/scit) with NFSS spec.: 

))
(F:\MikTEX\tex/latex/ctex/config\ctex.cfg
File: ctex.cfg 2022/07/14 v2.5.10 Configuration file (CTEX)
)
(F:\MikTEX\tex/latex/amsmath\amsmath.sty
Package: amsmath 2023/05/13 v2.17o AMS math features
\@mathmargin=\skip59

For additional information on amsmath, use the `?' option.
(F:\MikTEX\tex/latex/amsmath\amstext.sty
Package: amstext 2021/08/26 v2.01 AMS text

(F:\MikTEX\tex/latex/amsmath\amsgen.sty
File: amsgen.sty 1999/11/30 v2.0 generic functions
\@emptytoks=\toks17
\ex@=\dimen175
))
(F:\MikTEX\tex/latex/amsmath\amsbsy.sty
Package: amsbsy 1999/11/29 v1.2d Bold Symbols
\pmbraise@=\dimen176
)
(F:\MikTEX\tex/latex/amsmath\amsopn.sty
Package: amsopn 2022/04/08 v2.04 operator names
)
\inf@bad=\count288
LaTeX Info: Redefining \frac on input line 234.
\uproot@=\count289
\leftroot@=\count290
LaTeX Info: Redefining \overline on input line 399.
LaTeX Info: Redefining \colon on input line 410.
\classnum@=\count291
\DOTSCASE@=\count292
LaTeX Info: Redefining \ldots on input line 496.
LaTeX Info: Redefining \dots on input line 499.
LaTeX Info: Redefining \cdots on input line 620.
\Mathstrutbox@=\box55
\strutbox@=\box56
LaTeX Info: Redefining \big on input line 722.
LaTeX Info: Redefining \Big on input line 723.
LaTeX Info: Redefining \bigg on input line 724.
LaTeX Info: Redefining \Bigg on input line 725.
\big@size=\dimen177
LaTeX Font Info:    Redeclaring font encoding OML on input line 743.
LaTeX Font Info:    Redeclaring font encoding OMS on input line 744.
\macc@depth=\count293
LaTeX Info: Redefining \bmod on input line 905.
LaTeX Info: Redefining \pmod on input line 910.
LaTeX Info: Redefining \smash on input line 940.
LaTeX Info: Redefining \relbar on input line 970.
LaTeX Info: Redefining \Relbar on input line 971.
\c@MaxMatrixCols=\count294
\dotsspace@=\muskip17
\c@parentequation=\count295
\dspbrk@lvl=\count296
\tag@help=\toks18
\row@=\count297
\column@=\count298
\maxfields@=\count299
\andhelp@=\toks19
\eqnshift@=\dimen178
\alignsep@=\dimen179
\tagshift@=\dimen180
\tagwidth@=\dimen181
\totwidth@=\dimen182
\lineht@=\dimen183
\@envbody=\toks20
\multlinegap=\skip60
\multlinetaggap=\skip61
\mathdisplay@stack=\toks21
LaTeX Info: Redefining \[ on input line 2953.
LaTeX Info: Redefining \] on input line 2954.
)
(F:\MikTEX\tex/latex/titlesec\titlesec.sty
Package: titlesec 2021/07/05 v2.14 Sectioning titles
\ttl@box=\box57
\beforetitleunit=\skip62
\aftertitleunit=\skip63
\ttl@plus=\dimen184
\ttl@minus=\dimen185
\ttl@toksa=\toks22
\titlewidth=\dimen186
\titlewidthlast=\dimen187
\titlewidthfirst=\dimen188
)
(F:\MikTEX\tex/latex/geometry\geometry.sty
Package: geometry 2020/01/02 v5.9 Page Geometry

(F:\MikTEX\tex/latex/graphics\keyval.sty
Package: keyval 2022/05/29 v1.15 key=value parser (DPC)
\KV@toks@=\toks23
)
(F:\MikTEX\tex/generic/iftex\ifvtex.sty
Package: ifvtex 2019/10/25 v1.7 ifvtex legacy package. Use iftex instead.
 (F:\MikTEX\tex/generic/iftex\iftex.sty
Package: iftex 2022/02/03 v1.0f TeX engine tests
))
\Gm@cnth=\count300
\Gm@cntv=\count301
\c@Gm@tempcnt=\count302
\Gm@bindingoffset=\dimen189
\Gm@wd@mp=\dimen190
\Gm@odd@mp=\dimen191
\Gm@even@mp=\dimen192
\Gm@layoutwidth=\dimen193
\Gm@layoutheight=\dimen194
\Gm@layouthoffset=\dimen195
\Gm@layoutvoffset=\dimen196
\Gm@dimlist=\toks24
 (F:\MikTEX\tex/latex/geometry\geometry.cfg))

c:/Users/PC/code/LATEX-article/save file/20230801-old/HR动力分析.tex:13: LaTeX Erro
r: Option clash for package geometry.

See the LaTeX manual or LaTeX Companion for explanation.
Type  H <return>  for immediate help.
 ...                                              
                                                  
l.13 \begin
           {document}
The package geometry has already been loaded with options:
  [text={140mm,250mm},centering]
There has now been an attempt to load it with options
  [margin=20mm]
Adding the global options:
  text={140mm,250mm},centering,margin=20mm
to your \documentclass declaration may fix this.
Try typing  <return>  to proceed.

No file HR动力分析.aux.
\openout1 = `HR动力分析.aux'.

LaTeX Font Info:    Checking defaults for OML/cmm/m/it on input line 13.
LaTeX Font Info:    ... okay on input line 13.
LaTeX Font Info:    Checking defaults for OMS/cmsy/m/n on input line 13.
LaTeX Font Info:    ... okay on input line 13.
LaTeX Font Info:    Checking defaults for OT1/cmr/m/n on input line 13.
LaTeX Font Info:    ... okay on input line 13.
LaTeX Font Info:    Checking defaults for T1/cmr/m/n on input line 13.
LaTeX Font Info:    ... okay on input line 13.
LaTeX Font Info:    Checking defaults for TS1/cmr/m/n on input line 13.
LaTeX Font Info:    ... okay on input line 13.
LaTeX Font Info:    Checking defaults for TU/lmr/m/n on input line 13.
LaTeX Font Info:    ... okay on input line 13.
LaTeX Font Info:    Checking defaults for OMX/cmex/m/n on input line 13.
LaTeX Font Info:    ... okay on input line 13.
LaTeX Font Info:    Checking defaults for U/cmr/m/n on input line 13.
LaTeX Font Info:    ... okay on input line 13.

Package fontspec Info: Adjusting the maths setup (use [no-math] to avoid
(fontspec)             this).

\symlegacymaths=\mathgroup4
LaTeX Font Info:    Overwriting symbol font `legacymaths' in version `bold'
(Font)                  OT1/cmr/m/n --> OT1/cmr/bx/n on input line 13.
LaTeX Font Info:    Redeclaring math accent \acute on input line 13.
LaTeX Font Info:    Redeclaring math accent \grave on input line 13.
LaTeX Font Info:    Redeclaring math accent \ddot on input line 13.
LaTeX Font Info:    Redeclaring math accent \tilde on input line 13.
LaTeX Font Info:    Redeclaring math accent \bar on input line 13.
LaTeX Font Info:    Redeclaring math accent \breve on input line 13.
LaTeX Font Info:    Redeclaring math accent \check on input line 13.
LaTeX Font Info:    Redeclaring math accent \hat on input line 13.
LaTeX Font Info:    Redeclaring math accent \dot on input line 13.
LaTeX Font Info:    Redeclaring math accent \mathring on input line 13.
LaTeX Font Info:    Redeclaring math symbol \Gamma on input line 13.
LaTeX Font Info:    Redeclaring math symbol \Delta on input line 13.
LaTeX Font Info:    Redeclaring math symbol \Theta on input line 13.
LaTeX Font Info:    Redeclaring math symbol \Lambda on input line 13.
LaTeX Font Info:    Redeclaring math symbol \Xi on input line 13.
LaTeX Font Info:    Redeclaring math symbol \Pi on input line 13.
LaTeX Font Info:    Redeclaring math symbol \Sigma on input line 13.
LaTeX Font Info:    Redeclaring math symbol \Upsilon on input line 13.
LaTeX Font Info:    Redeclaring math symbol \Phi on input line 13.
LaTeX Font Info:    Redeclaring math symbol \Psi on input line 13.
LaTeX Font Info:    Redeclaring math symbol \Omega on input line 13.
LaTeX Font Info:    Redeclaring math symbol \mathdollar on input line 13.
LaTeX Font Info:    Redeclaring symbol font `operators' on input line 13.
LaTeX Font Info:    Encoding `OT1' has changed to `TU' for symbol font
(Font)              `operators' in the math version `normal' on input line 13.
LaTeX Font Info:    Overwriting symbol font `operators' in version `normal'
(Font)                  OT1/cmr/m/n --> TU/lmr/m/n on input line 13.
LaTeX Font Info:    Encoding `OT1' has changed to `TU' for symbol font
(Font)              `operators' in the math version `bold' on input line 13.
LaTeX Font Info:    Overwriting symbol font `operators' in version `bold'
(Font)                  OT1/cmr/bx/n --> TU/lmr/m/n on input line 13.
LaTeX Font Info:    Overwriting symbol font `operators' in version `normal'
(Font)                  TU/lmr/m/n --> TU/lmr/m/n on input line 13.
LaTeX Font Info:    Overwriting math alphabet `\mathit' in version `normal'
(Font)                  OT1/cmr/m/it --> TU/lmr/m/it on input line 13.
LaTeX Font Info:    Overwriting math alphabet `\mathbf' in version `normal'
(Font)                  OT1/cmr/bx/n --> TU/lmr/b/n on input line 13.
LaTeX Font Info:    Overwriting math alphabet `\mathsf' in version `normal'
(Font)                  OT1/cmss/m/n --> TU/lmss/m/n on input line 13.
LaTeX Font Info:    Overwriting math alphabet `\mathtt' in version `normal'
(Font)                  OT1/cmtt/m/n --> TU/lmtt/m/n on input line 13.
LaTeX Font Info:    Overwriting symbol font `operators' in version `bold'
(Font)                  TU/lmr/m/n --> TU/lmr/b/n on input line 13.
LaTeX Font Info:    Overwriting math alphabet `\mathit' in version `bold'
(Font)                  OT1/cmr/bx/it --> TU/lmr/b/it on input line 13.
LaTeX Font Info:    Overwriting math alphabet `\mathsf' in version `bold'
(Font)                  OT1/cmss/bx/n --> TU/lmss/b/n on input line 13.
LaTeX Font Info:    Overwriting math alphabet `\mathtt' in version `bold'
(Font)                  OT1/cmtt/m/n --> TU/lmtt/b/n on input line 13.
*geometry* driver: auto-detecting
*geometry* detected driver: xetex
*geometry* verbose mode - [ preamble ] result:
* driver: xetex
* paper: a4paper
* layout: <same size as paper>
* layoutoffset:(h,v)=(0.0pt,0.0pt)
* hratio: 1:1
* vratio: 1:1
* modes: 
* h-part:(L,W,R)=(99.58464pt, 398.33858pt, 99.58466pt)
* v-part:(T,H,B)=(66.86397pt, 711.3189pt, 66.86398pt)
* \paperwidth=597.50787pt
* \paperheight=845.04684pt
* \textwidth=398.33858pt
* \textheight=711.3189pt
* \oddsidemargin=27.31465pt
* \evensidemargin=27.31465pt
* \topmargin=-42.40602pt
* \headheight=12.0pt
* \headsep=25.0pt
* \topskip=11.0pt
* \footskip=30.0pt
* \marginparwidth=50.0pt
* \marginparsep=10.0pt
* \columnsep=10.0pt
* \skip\footins=10.0pt plus 4.0pt minus 2.0pt
* \hoffset=0.0pt
* \voffset=0.0pt
* \mag=1000
* \@twocolumnfalse
* \@twosidefalse
* \@mparswitchfalse
* \@reversemarginfalse
* (1in=72.27pt=25.4mm, 1cm=28.453pt)


LaTeX Warning: No \author given.


c:/Users/PC/code/LATEX-article/save file/20230801-old/HR动力分析.tex:20: LaTeX Erro
r: Bad math environment delimiter.

See the LaTeX manual or LaTeX Companion for explanation.
Type  H <return>  for immediate help.
 ...                                              
                                                  
l.20 \begin{equation}
                     
Your command was ignored.
Type  I <command> <return>  to replace it with another command,
or  <return>  to continue without it.

c:/Users/PC/code/LATEX-article/save file/20230801-old/HR动力分析.tex:28: Missing \e
ndgroup inserted.
<inserted text> 
                \endgroup 
l.28 \end{equation}
                   
I've inserted something that you may have forgotten.
(See the <inserted text> above.)
With luck, this will get me unwedged. But if you
really didn't forget anything, try typing `2' now; then
my insertion and my current dilemma will both disappear.


c:/Users/PC/code/LATEX-article/save file/20230801-old/HR动力分析.tex:28: LaTeX Erro
r: \begin{equation*} on input line 19 ended by \end{equation}.

See the LaTeX manual or LaTeX Companion for explanation.
Type  H <return>  for immediate help.
 ...                                              
                                                  
l.28 \end{equation}
                   
Your command was ignored.
Type  I <command> <return>  to replace it with another command,
or  <return>  to continue without it.


c:/Users/PC/code/LATEX-article/save file/20230801-old/HR动力分析.tex:29: LaTeX Erro
r: Bad math environment delimiter.

See the LaTeX manual or LaTeX Companion for explanation.
Type  H <return>  for immediate help.
 ...                                              
                                                  
l.29 \end{displaymath}
                      
Your command was ignored.
Type  I <command> <return>  to replace it with another command,
or  <return>  to continue without it.


c:/Users/PC/code/LATEX-article/save file/20230801-old/HR动力分析.tex:29: LaTeX Erro
r: \begin{displaymath} on input line 19 ended by \end{equation*}.

See the LaTeX manual or LaTeX Companion for explanation.
Type  H <return>  for immediate help.
 ...                                              
                                                  
l.29 \end{displaymath}
                      
Your command was ignored.
Type  I <command> <return>  to replace it with another command,
or  <return>  to continue without it.

c:/Users/PC/code/LATEX-article/save file/20230801-old/HR动力分析.tex:29: Missing $ 
inserted.
<inserted text> 
                $
l.29 \end{displaymath}
                      
I've inserted something that you may have forgotten.
(See the <inserted text> above.)
With luck, this will get me unwedged. But if you
really didn't forget anything, try typing `2' now; then
my insertion and my current dilemma will both disappear.

c:/Users/PC/code/LATEX-article/save file/20230801-old/HR动力分析.tex:29: Display ma
th should end with $$.
<to be read again> 
                   \endgroup 
l.29 \end{displaymath}
                      
The `$' that I just saw supposedly matches a previous `$$'.
So I shall assume that you typed `$$' both times.


c:/Users/PC/code/LATEX-article/save file/20230801-old/HR动力分析.tex:29: LaTeX Erro
r: \begin{document} ended by \end{displaymath}.

See the LaTeX manual or LaTeX Companion for explanation.
Type  H <return>  for immediate help.
 ...                                              
                                                  
l.29 \end{displaymath}
                      
Your command was ignored.
Type  I <command> <return>  to replace it with another command,
or  <return>  to continue without it.

c:/Users/PC/code/LATEX-article/save file/20230801-old/HR动力分析.tex:29: Extra \end
group.
<recently read> \endgroup 
                          
l.29 \end{displaymath}
                      
Things are pretty mixed up, but I think the worst is over.

c:/Users/PC/code/LATEX-article/save file/20230801-old/HR动力分析.tex:30: Undefined 
control sequence.
l.30 ...ial\Omega,\Gamma^t\cap\Gamma^g=\varnothing
                                                  ,\partial\Omega$
The control sequence at the end of the top line
of your error message was never \def'ed. If you have
misspelled it (e.g., `\hobx'), type `I' and the correct
spelling (e.g., `I\hbox'). Otherwise just continue,
and I'll forget about whatever was undefined.


c:/Users/PC/code/LATEX-article/save file/20230801-old/HR动力分析.tex:34: LaTeX Erro
r: Bad math environment delimiter.

See the LaTeX manual or LaTeX Companion for explanation.
Type  H <return>  for immediate help.
 ...                                              
                                                  
l.34 \begin{equation}
                     
Your command was ignored.
Type  I <command> <return>  to replace it with another command,
or  <return>  to continue without it.

c:/Users/PC/code/LATEX-article/save file/20230801-old/HR动力分析.tex:38: Missing \e
ndgroup inserted.
<inserted text> 
                \endgroup 
l.38 \end{equation}
                   
I've inserted something that you may have forgotten.
(See the <inserted text> above.)
With luck, this will get me unwedged. But if you
really didn't forget anything, try typing `2' now; then
my insertion and my current dilemma will both disappear.


c:/Users/PC/code/LATEX-article/save file/20230801-old/HR动力分析.tex:38: LaTeX Erro
r: \begin{equation*} on input line 33 ended by \end{equation}.

See the LaTeX manual or LaTeX Companion for explanation.
Type  H <return>  for immediate help.
 ...                                              
                                                  
l.38 \end{equation}
                   
Your command was ignored.
Type  I <command> <return>  to replace it with another command,
or  <return>  to continue without it.


c:/Users/PC/code/LATEX-article/save file/20230801-old/HR动力分析.tex:39: LaTeX Erro
r: Bad math environment delimiter.

See the LaTeX manual or LaTeX Companion for explanation.
Type  H <return>  for immediate help.
 ...                                              
                                                  
l.39 \end{displaymath}
                      
Your command was ignored.
Type  I <command> <return>  to replace it with another command,
or  <return>  to continue without it.


c:/Users/PC/code/LATEX-article/save file/20230801-old/HR动力分析.tex:39: LaTeX Erro
r: \begin{displaymath} on input line 33 ended by \end{equation*}.

See the LaTeX manual or LaTeX Companion for explanation.
Type  H <return>  for immediate help.
 ...                                              
                                                  
l.39 \end{displaymath}
                      
Your command was ignored.
Type  I <command> <return>  to replace it with another command,
or  <return>  to continue without it.

c:/Users/PC/code/LATEX-article/save file/20230801-old/HR动力分析.tex:39: Missing $ 
inserted.
<inserted text> 
                $
l.39 \end{displaymath}
                      
I've inserted something that you may have forgotten.
(See the <inserted text> above.)
With luck, this will get me unwedged. But if you
really didn't forget anything, try typing `2' now; then
my insertion and my current dilemma will both disappear.

c:/Users/PC/code/LATEX-article/save file/20230801-old/HR动力分析.tex:39: Display ma
th should end with $$.
<to be read again> 
                   \endgroup 
l.39 \end{displaymath}
                      
The `$' that I just saw supposedly matches a previous `$$'.
So I shall assume that you typed `$$' both times.


c:/Users/PC/code/LATEX-article/save file/20230801-old/HR动力分析.tex:39: LaTeX Erro
r: \begin{document} ended by \end{displaymath}.

See the LaTeX manual or LaTeX Companion for explanation.
Type  H <return>  for immediate help.
 ...                                              
                                                  
l.39 \end{displaymath}
                      
Your command was ignored.
Type  I <command> <return>  to replace it with another command,
or  <return>  to continue without it.

c:/Users/PC/code/LATEX-article/save file/20230801-old/HR动力分析.tex:39: Extra \end
group.
<recently read> \endgroup 
                          
l.39 \end{displaymath}
                      
Things are pretty mixed up, but I think the worst is over.


c:/Users/PC/code/LATEX-article/save file/20230801-old/HR动力分析.tex:42: LaTeX Erro
r: Bad math environment delimiter.

See the LaTeX manual or LaTeX Companion for explanation.
Type  H <return>  for immediate help.
 ...                                              
                                                  
l.42 \begin{equation}
                     
Your command was ignored.
Type  I <command> <return>  to replace it with another command,
or  <return>  to continue without it.

c:/Users/PC/code/LATEX-article/save file/20230801-old/HR动力分析.tex:46: Missing \e
ndgroup inserted.
<inserted text> 
                \endgroup 
l.46 \end{equation}
                   
I've inserted something that you may have forgotten.
(See the <inserted text> above.)
With luck, this will get me unwedged. But if you
really didn't forget anything, try typing `2' now; then
my insertion and my current dilemma will both disappear.


c:/Users/PC/code/LATEX-article/save file/20230801-old/HR动力分析.tex:46: LaTeX Erro
r: \begin{equation*} on input line 41 ended by \end{equation}.

See the LaTeX manual or LaTeX Companion for explanation.
Type  H <return>  for immediate help.
 ...                                              
                                                  
l.46 \end{equation}
                   
Your command was ignored.
Type  I <command> <return>  to replace it with another command,
or  <return>  to continue without it.


c:/Users/PC/code/LATEX-article/save file/20230801-old/HR动力分析.tex:47: LaTeX Erro
r: Bad math environment delimiter.

See the LaTeX manual or LaTeX Companion for explanation.
Type  H <return>  for immediate help.
 ...                                              
                                                  
l.47 \end{displaymath}
                      
Your command was ignored.
Type  I <command> <return>  to replace it with another command,
or  <return>  to continue without it.


c:/Users/PC/code/LATEX-article/save file/20230801-old/HR动力分析.tex:47: LaTeX Erro
r: \begin{displaymath} on input line 41 ended by \end{equation*}.

See the LaTeX manual or LaTeX Companion for explanation.
Type  H <return>  for immediate help.
 ...                                              
                                                  
l.47 \end{displaymath}
                      
Your command was ignored.
Type  I <command> <return>  to replace it with another command,
or  <return>  to continue without it.

c:/Users/PC/code/LATEX-article/save file/20230801-old/HR动力分析.tex:47: Missing $ 
inserted.
<inserted text> 
                $
l.47 \end{displaymath}
                      
I've inserted something that you may have forgotten.
(See the <inserted text> above.)
With luck, this will get me unwedged. But if you
really didn't forget anything, try typing `2' now; then
my insertion and my current dilemma will both disappear.

c:/Users/PC/code/LATEX-article/save file/20230801-old/HR动力分析.tex:47: Display ma
th should end with $$.
<to be read again> 
                   \endgroup 
l.47 \end{displaymath}
                      
The `$' that I just saw supposedly matches a previous `$$'.
So I shall assume that you typed `$$' both times.


c:/Users/PC/code/LATEX-article/save file/20230801-old/HR动力分析.tex:47: LaTeX Erro
r: \begin{document} ended by \end{displaymath}.

See the LaTeX manual or LaTeX Companion for explanation.
Type  H <return>  for immediate help.
 ...                                              
                                                  
l.47 \end{displaymath}
                      
Your command was ignored.
Type  I <command> <return>  to replace it with another command,
or  <return>  to continue without it.

c:/Users/PC/code/LATEX-article/save file/20230801-old/HR动力分析.tex:47: Extra \end
group.
<recently read> \endgroup 
                          
l.47 \end{displaymath}
                      
Things are pretty mixed up, but I think the worst is over.


c:/Users/PC/code/LATEX-article/save file/20230801-old/HR动力分析.tex:52: LaTeX Erro
r: Bad math environment delimiter.

See the LaTeX manual or LaTeX Companion for explanation.
Type  H <return>  for immediate help.
 ...                                              
                                                  
l.52 \begin{equation}
                     
Your command was ignored.
Type  I <command> <return>  to replace it with another command,
or  <return>  to continue without it.

c:/Users/PC/code/LATEX-article/save file/20230801-old/HR动力分析.tex:60: Missing \e
ndgroup inserted.
<inserted text> 
                \endgroup 
l.60 \end{equation}
                   
I've inserted something that you may have forgotten.
(See the <inserted text> above.)
With luck, this will get me unwedged. But if you
really didn't forget anything, try typing `2' now; then
my insertion and my current dilemma will both disappear.


c:/Users/PC/code/LATEX-article/save file/20230801-old/HR动力分析.tex:60: LaTeX Erro
r: \begin{equation*} on input line 51 ended by \end{equation}.

See the LaTeX manual or LaTeX Companion for explanation.
Type  H <return>  for immediate help.
 ...                                              
                                                  
l.60 \end{equation}
                   
Your command was ignored.
Type  I <command> <return>  to replace it with another command,
or  <return>  to continue without it.


c:/Users/PC/code/LATEX-article/save file/20230801-old/HR动力分析.tex:61: LaTeX Erro
r: Bad math environment delimiter.

See the LaTeX manual or LaTeX Companion for explanation.
Type  H <return>  for immediate help.
 ...                                              
                                                  
l.61 \end{displaymath}
                      \\
Your command was ignored.
Type  I <command> <return>  to replace it with another command,
or  <return>  to continue without it.


c:/Users/PC/code/LATEX-article/save file/20230801-old/HR动力分析.tex:61: LaTeX Erro
r: \begin{displaymath} on input line 51 ended by \end{equation*}.

See the LaTeX manual or LaTeX Companion for explanation.
Type  H <return>  for immediate help.
 ...                                              
                                                  
l.61 \end{displaymath}
                      \\
Your command was ignored.
Type  I <command> <return>  to replace it with another command,
or  <return>  to continue without it.

c:/Users/PC/code/LATEX-article/save file/20230801-old/HR动力分析.tex:61: Missing $ 
inserted.
<inserted text> 
                $
l.61 \end{displaymath}
                      \\
I've inserted something that you may have forgotten.
(See the <inserted text> above.)
With luck, this will get me unwedged. But if you
really didn't forget anything, try typing `2' now; then
my insertion and my current dilemma will both disappear.

c:/Users/PC/code/LATEX-article/save file/20230801-old/HR动力分析.tex:61: Display ma
th should end with $$.
<to be read again> 
                   \endgroup 
l.61 \end{displaymath}
                      \\
The `$' that I just saw supposedly matches a previous `$$'.
So I shall assume that you typed `$$' both times.


c:/Users/PC/code/LATEX-article/save file/20230801-old/HR动力分析.tex:61: LaTeX Erro
r: \begin{document} ended by \end{displaymath}.

See the LaTeX manual or LaTeX Companion for explanation.
Type  H <return>  for immediate help.
 ...                                              
                                                  
l.61 \end{displaymath}
                      \\
Your command was ignored.
Type  I <command> <return>  to replace it with another command,
or  <return>  to continue without it.

c:/Users/PC/code/LATEX-article/save file/20230801-old/HR动力分析.tex:61: Extra \end
group.
<recently read> \endgroup 
                          
l.61 \end{displaymath}
                      \\
Things are pretty mixed up, but I think the worst is over.


Underfull \hbox (badness 10000) in paragraph at lines 61--62

 []

c:/Users/PC/code/LATEX-article/save file/20230801-old/HR动力分析.tex:63: Undefined 
control sequence.
l.63 ...ial\Omega,\Gamma^t\cap\Gamma^g=\varnothing
                                                  $，将式子(4)改写为:
The control sequence at the end of the top line
of your error message was never \def'ed. If you have
misspelled it (e.g., `\hobx'), type `I' and the correct
spelling (e.g., `I\hbox'). Otherwise just continue,
and I'll forget about whatever was undefined.


c:/Users/PC/code/LATEX-article/save file/20230801-old/HR动力分析.tex:65: LaTeX Erro
r: Bad math environment delimiter.

See the LaTeX manual or LaTeX Companion for explanation.
Type  H <return>  for immediate help.
 ...                                              
                                                  
l.65 \begin{equation}
                     
Your command was ignored.
Type  I <command> <return>  to replace it with another command,
or  <return>  to continue without it.

c:/Users/PC/code/LATEX-article/save file/20230801-old/HR动力分析.tex:70: Missing \e
ndgroup inserted.
<inserted text> 
                \endgroup 
l.70 \end{equation}
                   
I've inserted something that you may have forgotten.
(See the <inserted text> above.)
With luck, this will get me unwedged. But if you
really didn't forget anything, try typing `2' now; then
my insertion and my current dilemma will both disappear.

[1

]

c:/Users/PC/code/LATEX-article/save file/20230801-old/HR动力分析.tex:70: LaTeX Erro
r: \begin{equation*} on input line 64 ended by \end{equation}.

See the LaTeX manual or LaTeX Companion for explanation.
Type  H <return>  for immediate help.
 ...                                              
                                                  
l.70 \end{equation}
                   
Your command was ignored.
Type  I <command> <return>  to replace it with another command,
or  <return>  to continue without it.


c:/Users/PC/code/LATEX-article/save file/20230801-old/HR动力分析.tex:71: LaTeX Erro
r: Bad math environment delimiter.

See the LaTeX manual or LaTeX Companion for explanation.
Type  H <return>  for immediate help.
 ...                                              
                                                  
l.71 \end{displaymath}
                      
Your command was ignored.
Type  I <command> <return>  to replace it with another command,
or  <return>  to continue without it.


c:/Users/PC/code/LATEX-article/save file/20230801-old/HR动力分析.tex:71: LaTeX Erro
r: \begin{displaymath} on input line 64 ended by \end{equation*}.

See the LaTeX manual or LaTeX Companion for explanation.
Type  H <return>  for immediate help.
 ...                                              
                                                  
l.71 \end{displaymath}
                      
Your command was ignored.
Type  I <command> <return>  to replace it with another command,
or  <return>  to continue without it.

c:/Users/PC/code/LATEX-article/save file/20230801-old/HR动力分析.tex:71: Missing $ 
inserted.
<inserted text> 
                $
l.71 \end{displaymath}
                      
I've inserted something that you may have forgotten.
(See the <inserted text> above.)
With luck, this will get me unwedged. But if you
really didn't forget anything, try typing `2' now; then
my insertion and my current dilemma will both disappear.

c:/Users/PC/code/LATEX-article/save file/20230801-old/HR动力分析.tex:71: Display ma
th should end with $$.
<to be read again> 
                   \endgroup 
l.71 \end{displaymath}
                      
The `$' that I just saw supposedly matches a previous `$$'.
So I shall assume that you typed `$$' both times.


c:/Users/PC/code/LATEX-article/save file/20230801-old/HR动力分析.tex:71: LaTeX Erro
r: \begin{document} ended by \end{displaymath}.

See the LaTeX manual or LaTeX Companion for explanation.
Type  H <return>  for immediate help.
 ...                                              
                                                  
l.71 \end{displaymath}
                      
Your command was ignored.
Type  I <command> <return>  to replace it with another command,
or  <return>  to continue without it.

c:/Users/PC/code/LATEX-article/save file/20230801-old/HR动力分析.tex:71: Extra \end
group.
<recently read> \endgroup 
                          
l.71 \end{displaymath}
                      
Things are pretty mixed up, but I think the worst is over.


c:/Users/PC/code/LATEX-article/save file/20230801-old/HR动力分析.tex:74: LaTeX Erro
r: Bad math environment delimiter.

See the LaTeX manual or LaTeX Companion for explanation.
Type  H <return>  for immediate help.
 ...                                              
                                                  
l.74 \begin{equation}
                     
Your command was ignored.
Type  I <command> <return>  to replace it with another command,
or  <return>  to continue without it.

c:/Users/PC/code/LATEX-article/save file/20230801-old/HR动力分析.tex:79: Missing \e
ndgroup inserted.
<inserted text> 
                \endgroup 
l.79 \end{equation}
                   
I've inserted something that you may have forgotten.
(See the <inserted text> above.)
With luck, this will get me unwedged. But if you
really didn't forget anything, try typing `2' now; then
my insertion and my current dilemma will both disappear.


c:/Users/PC/code/LATEX-article/save file/20230801-old/HR动力分析.tex:79: LaTeX Erro
r: \begin{equation*} on input line 73 ended by \end{equation}.

See the LaTeX manual or LaTeX Companion for explanation.
Type  H <return>  for immediate help.
 ...                                              
                                                  
l.79 \end{equation}
                   
Your command was ignored.
Type  I <command> <return>  to replace it with another command,
or  <return>  to continue without it.


c:/Users/PC/code/LATEX-article/save file/20230801-old/HR动力分析.tex:80: LaTeX Erro
r: Bad math environment delimiter.

See the LaTeX manual or LaTeX Companion for explanation.
Type  H <return>  for immediate help.
 ...                                              
                                                  
l.80 \end{displaymath}
                      
Your command was ignored.
Type  I <command> <return>  to replace it with another command,
or  <return>  to continue without it.


c:/Users/PC/code/LATEX-article/save file/20230801-old/HR动力分析.tex:80: LaTeX Erro
r: \begin{displaymath} on input line 73 ended by \end{equation*}.

See the LaTeX manual or LaTeX Companion for explanation.
Type  H <return>  for immediate help.
 ...                                              
                                                  
l.80 \end{displaymath}
                      
Your command was ignored.
Type  I <command> <return>  to replace it with another command,
or  <return>  to continue without it.

c:/Users/PC/code/LATEX-article/save file/20230801-old/HR动力分析.tex:80: Missing $ 
inserted.
<inserted text> 
                $
l.80 \end{displaymath}
                      
I've inserted something that you may have forgotten.
(See the <inserted text> above.)
With luck, this will get me unwedged. But if you
really didn't forget anything, try typing `2' now; then
my insertion and my current dilemma will both disappear.

c:/Users/PC/code/LATEX-article/save file/20230801-old/HR动力分析.tex:80: Display ma
th should end with $$.
<to be read again> 
                   \endgroup 
l.80 \end{displaymath}
                      
The `$' that I just saw supposedly matches a previous `$$'.
So I shall assume that you typed `$$' both times.


c:/Users/PC/code/LATEX-article/save file/20230801-old/HR动力分析.tex:80: LaTeX Erro
r: \begin{document} ended by \end{displaymath}.

See the LaTeX manual or LaTeX Companion for explanation.
Type  H <return>  for immediate help.
 ...                                              
                                                  
l.80 \end{displaymath}
                      
Your command was ignored.
Type  I <command> <return>  to replace it with another command,
or  <return>  to continue without it.

c:/Users/PC/code/LATEX-article/save file/20230801-old/HR动力分析.tex:80: Extra \end
group.
<recently read> \endgroup 
                          
l.80 \end{displaymath}
                      
Things are pretty mixed up, but I think the worst is over.


c:/Users/PC/code/LATEX-article/save file/20230801-old/HR动力分析.tex:85: LaTeX Erro
r: Bad math environment delimiter.

See the LaTeX manual or LaTeX Companion for explanation.
Type  H <return>  for immediate help.
 ...                                              
                                                  
l.85     \begin{equation}
                         
Your command was ignored.
Type  I <command> <return>  to replace it with another command,
or  <return>  to continue without it.

c:/Users/PC/code/LATEX-article/save file/20230801-old/HR动力分析.tex:89: Missing \e
ndgroup inserted.
<inserted text> 
                \endgroup 
l.89     \end{equation}
                       
I've inserted something that you may have forgotten.
(See the <inserted text> above.)
With luck, this will get me unwedged. But if you
really didn't forget anything, try typing `2' now; then
my insertion and my current dilemma will both disappear.


c:/Users/PC/code/LATEX-article/save file/20230801-old/HR动力分析.tex:89: LaTeX Erro
r: \begin{equation*} on input line 84 ended by \end{equation}.

See the LaTeX manual or LaTeX Companion for explanation.
Type  H <return>  for immediate help.
 ...                                              
                                                  
l.89     \end{equation}
                       
Your command was ignored.
Type  I <command> <return>  to replace it with another command,
or  <return>  to continue without it.


c:/Users/PC/code/LATEX-article/save file/20230801-old/HR动力分析.tex:90: LaTeX Erro
r: Bad math environment delimiter.

See the LaTeX manual or LaTeX Companion for explanation.
Type  H <return>  for immediate help.
 ...                                              
                                                  
l.90 \end{displaymath}
                      
Your command was ignored.
Type  I <command> <return>  to replace it with another command,
or  <return>  to continue without it.


c:/Users/PC/code/LATEX-article/save file/20230801-old/HR动力分析.tex:90: LaTeX Erro
r: \begin{displaymath} on input line 84 ended by \end{equation*}.

See the LaTeX manual or LaTeX Companion for explanation.
Type  H <return>  for immediate help.
 ...                                              
                                                  
l.90 \end{displaymath}
                      
Your command was ignored.
Type  I <command> <return>  to replace it with another command,
or  <return>  to continue without it.

c:/Users/PC/code/LATEX-article/save file/20230801-old/HR动力分析.tex:90: Missing $ 
inserted.
<inserted text> 
                $
l.90 \end{displaymath}
                      
I've inserted something that you may have forgotten.
(See the <inserted text> above.)
With luck, this will get me unwedged. But if you
really didn't forget anything, try typing `2' now; then
my insertion and my current dilemma will both disappear.

c:/Users/PC/code/LATEX-article/save file/20230801-old/HR动力分析.tex:90: Display ma
th should end with $$.
<to be read again> 
                   \endgroup 
l.90 \end{displaymath}
                      
The `$' that I just saw supposedly matches a previous `$$'.
So I shall assume that you typed `$$' both times.


c:/Users/PC/code/LATEX-article/save file/20230801-old/HR动力分析.tex:90: LaTeX Erro
r: \begin{document} ended by \end{displaymath}.

See the LaTeX manual or LaTeX Companion for explanation.
Type  H <return>  for immediate help.
 ...                                              
                                                  
l.90 \end{displaymath}
                      
Your command was ignored.
Type  I <command> <return>  to replace it with another command,
or  <return>  to continue without it.

c:/Users/PC/code/LATEX-article/save file/20230801-old/HR动力分析.tex:90: Extra \end
group.
<recently read> \endgroup 
                          
l.90 \end{displaymath}
                      
Things are pretty mixed up, but I think the worst is over.


c:/Users/PC/code/LATEX-article/save file/20230801-old/HR动力分析.tex:93: LaTeX Erro
r: Environment dispalmath undefined.

See the LaTeX manual or LaTeX Companion for explanation.
Type  H <return>  for immediate help.
 ...                                              
                                                  
l.93 \begin{dispalmath}
                       
Your command was ignored.
Type  I <command> <return>  to replace it with another command,
or  <return>  to continue without it.


c:/Users/PC/code/LATEX-article/save file/20230801-old/HR动力分析.tex:100: LaTeX Err
or: Environment dispalymath undefined.

See the LaTeX manual or LaTeX Companion for explanation.
Type  H <return>  for immediate help.
 ...                                              
                                                  
l.100 \begin{dispalymath}
                         
Your command was ignored.
Type  I <command> <return>  to replace it with another command,
or  <return>  to continue without it.


c:/Users/PC/code/LATEX-article/save file/20230801-old/HR动力分析.tex:106: LaTeX Err
or: Bad math environment delimiter.

See the LaTeX manual or LaTeX Companion for explanation.
Type  H <return>  for immediate help.
 ...                                              
                                                  
l.106 \end{displaymath}
                       
Your command was ignored.
Type  I <command> <return>  to replace it with another command,
or  <return>  to continue without it.


c:/Users/PC/code/LATEX-article/save file/20230801-old/HR动力分析.tex:106: LaTeX Err
or: \begin{document} ended by \end{equation*}.

See the LaTeX manual or LaTeX Companion for explanation.
Type  H <return>  for immediate help.
 ...                                              
                                                  
l.106 \end{displaymath}
                       
Your command was ignored.
Type  I <command> <return>  to replace it with another command,
or  <return>  to continue without it.

c:/Users/PC/code/LATEX-article/save file/20230801-old/HR动力分析.tex:106: Missing $
 inserted.
<inserted text> 
                $
l.106 \end{displaymath}
                       
I've inserted something that you may have forgotten.
(See the <inserted text> above.)
With luck, this will get me unwedged. But if you
really didn't forget anything, try typing `2' now; then
my insertion and my current dilemma will both disappear.

c:/Users/PC/code/LATEX-article/save file/20230801-old/HR动力分析.tex:106: Display m
ath should end with $$.
<to be read again> 
                   \endgroup 
l.106 \end{displaymath}
                       
The `$' that I just saw supposedly matches a previous `$$'.
So I shall assume that you typed `$$' both times.


c:/Users/PC/code/LATEX-article/save file/20230801-old/HR动力分析.tex:106: LaTeX Err
or: \begin{document} ended by \end{displaymath}.

See the LaTeX manual or LaTeX Companion for explanation.
Type  H <return>  for immediate help.
 ...                                              
                                                  
l.106 \end{displaymath}
                       
Your command was ignored.
Type  I <command> <return>  to replace it with another command,
or  <return>  to continue without it.


c:/Users/PC/code/LATEX-article/save file/20230801-old/HR动力分析.tex:112: LaTeX Err
or: Bad math environment delimiter.

See the LaTeX manual or LaTeX Companion for explanation.
Type  H <return>  for immediate help.
 ...                                              
                                                  
l.112 \begin{equation}
                      
Your command was ignored.
Type  I <command> <return>  to replace it with another command,
or  <return>  to continue without it.

c:/Users/PC/code/LATEX-article/save file/20230801-old/HR动力分析.tex:116: Missing \
endgroup inserted.
<inserted text> 
                \endgroup 
l.116 \end{equation}
                    
I've inserted something that you may have forgotten.
(See the <inserted text> above.)
With luck, this will get me unwedged. But if you
really didn't forget anything, try typing `2' now; then
my insertion and my current dilemma will both disappear.


c:/Users/PC/code/LATEX-article/save file/20230801-old/HR动力分析.tex:116: LaTeX Err
or: \begin{equation*} on input line 111 ended by \end{equation}.

See the LaTeX manual or LaTeX Companion for explanation.
Type  H <return>  for immediate help.
 ...                                              
                                                  
l.116 \end{equation}
                    
Your command was ignored.
Type  I <command> <return>  to replace it with another command,
or  <return>  to continue without it.


c:/Users/PC/code/LATEX-article/save file/20230801-old/HR动力分析.tex:117: LaTeX Err
or: Bad math environment delimiter.

See the LaTeX manual or LaTeX Companion for explanation.
Type  H <return>  for immediate help.
 ...                                              
                                                  
l.117 \end{displaymath}
                       
Your command was ignored.
Type  I <command> <return>  to replace it with another command,
or  <return>  to continue without it.


c:/Users/PC/code/LATEX-article/save file/20230801-old/HR动力分析.tex:117: LaTeX Err
or: \begin{displaymath} on input line 111 ended by \end{equation*}.

See the LaTeX manual or LaTeX Companion for explanation.
Type  H <return>  for immediate help.
 ...                                              
                                                  
l.117 \end{displaymath}
                       
Your command was ignored.
Type  I <command> <return>  to replace it with another command,
or  <return>  to continue without it.

c:/Users/PC/code/LATEX-article/save file/20230801-old/HR动力分析.tex:117: Missing $
 inserted.
<inserted text> 
                $
l.117 \end{displaymath}
                       
I've inserted something that you may have forgotten.
(See the <inserted text> above.)
With luck, this will get me unwedged. But if you
really didn't forget anything, try typing `2' now; then
my insertion and my current dilemma will both disappear.

c:/Users/PC/code/LATEX-article/save file/20230801-old/HR动力分析.tex:117: Display m
ath should end with $$.
<to be read again> 
                   \endgroup 
l.117 \end{displaymath}
                       
The `$' that I just saw supposedly matches a previous `$$'.
So I shall assume that you typed `$$' both times.


c:/Users/PC/code/LATEX-article/save file/20230801-old/HR动力分析.tex:117: LaTeX Err
or: \begin{document} ended by \end{displaymath}.

See the LaTeX manual or LaTeX Companion for explanation.
Type  H <return>  for immediate help.
 ...                                              
                                                  
l.117 \end{displaymath}
                       
Your command was ignored.
Type  I <command> <return>  to replace it with another command,
or  <return>  to continue without it.

c:/Users/PC/code/LATEX-article/save file/20230801-old/HR动力分析.tex:117: Extra \en
dgroup.
<recently read> \endgroup 
                          
l.117 \end{displaymath}
                       
Things are pretty mixed up, but I think the worst is over.


c:/Users/PC/code/LATEX-article/save file/20230801-old/HR动力分析.tex:120: LaTeX Err
or: Bad math environment delimiter.

See the LaTeX manual or LaTeX Companion for explanation.
Type  H <return>  for immediate help.
 ...                                              
                                                  
l.120 \begin{equation}
                      
Your command was ignored.
Type  I <command> <return>  to replace it with another command,
or  <return>  to continue without it.

c:/Users/PC/code/LATEX-article/save file/20230801-old/HR动力分析.tex:124: Missing \
endgroup inserted.
<inserted text> 
                \endgroup 
l.124 \end{equation}
                    
I've inserted something that you may have forgotten.
(See the <inserted text> above.)
With luck, this will get me unwedged. But if you
really didn't forget anything, try typing `2' now; then
my insertion and my current dilemma will both disappear.


c:/Users/PC/code/LATEX-article/save file/20230801-old/HR动力分析.tex:124: LaTeX Err
or: \begin{equation*} on input line 119 ended by \end{equation}.

See the LaTeX manual or LaTeX Companion for explanation.
Type  H <return>  for immediate help.
 ...                                              
                                                  
l.124 \end{equation}
                    
Your command was ignored.
Type  I <command> <return>  to replace it with another command,
or  <return>  to continue without it.


c:/Users/PC/code/LATEX-article/save file/20230801-old/HR动力分析.tex:125: LaTeX Err
or: Bad math environment delimiter.

See the LaTeX manual or LaTeX Companion for explanation.
Type  H <return>  for immediate help.
 ...                                              
                                                  
l.125 \end{displaymath}
                       
Your command was ignored.
Type  I <command> <return>  to replace it with another command,
or  <return>  to continue without it.


c:/Users/PC/code/LATEX-article/save file/20230801-old/HR动力分析.tex:125: LaTeX Err
or: \begin{displaymath} on input line 119 ended by \end{equation*}.

See the LaTeX manual or LaTeX Companion for explanation.
Type  H <return>  for immediate help.
 ...                                              
                                                  
l.125 \end{displaymath}
                       
Your command was ignored.
Type  I <command> <return>  to replace it with another command,
or  <return>  to continue without it.

c:/Users/PC/code/LATEX-article/save file/20230801-old/HR动力分析.tex:125: Missing $
 inserted.
<inserted text> 
                $
l.125 \end{displaymath}
                       
I've inserted something that you may have forgotten.
(See the <inserted text> above.)
With luck, this will get me unwedged. But if you
really didn't forget anything, try typing `2' now; then
my insertion and my current dilemma will both disappear.

c:/Users/PC/code/LATEX-article/save file/20230801-old/HR动力分析.tex:125: Display m
ath should end with $$.
<to be read again> 
                   \endgroup 
l.125 \end{displaymath}
                       
The `$' that I just saw supposedly matches a previous `$$'.
So I shall assume that you typed `$$' both times.


c:/Users/PC/code/LATEX-article/save file/20230801-old/HR动力分析.tex:125: LaTeX Err
or: \begin{document} ended by \end{displaymath}.

See the LaTeX manual or LaTeX Companion for explanation.
Type  H <return>  for immediate help.
 ...                                              
                                                  
l.125 \end{displaymath}
                       
Your command was ignored.
Type  I <command> <return>  to replace it with another command,
or  <return>  to continue without it.

c:/Users/PC/code/LATEX-article/save file/20230801-old/HR动力分析.tex:125: Extra \en
dgroup.
<recently read> \endgroup 
                          
l.125 \end{displaymath}
                       
Things are pretty mixed up, but I think the worst is over.


c:/Users/PC/code/LATEX-article/save file/20230801-old/HR动力分析.tex:128: LaTeX Err
or: Bad math environment delimiter.

See the LaTeX manual or LaTeX Companion for explanation.
Type  H <return>  for immediate help.
 ...                                              
                                                  
l.128 \begin{equation}
                      
Your command was ignored.
Type  I <command> <return>  to replace it with another command,
or  <return>  to continue without it.

c:/Users/PC/code/LATEX-article/save file/20230801-old/HR动力分析.tex:137: Missing \
endgroup inserted.
<inserted text> 
                \endgroup 
l.137 \end{equation}
                    
I've inserted something that you may have forgotten.
(See the <inserted text> above.)
With luck, this will get me unwedged. But if you
really didn't forget anything, try typing `2' now; then
my insertion and my current dilemma will both disappear.

[2]

c:/Users/PC/code/LATEX-article/save file/20230801-old/HR动力分析.tex:137: LaTeX Err
or: \begin{equation*} on input line 127 ended by \end{equation}.

See the LaTeX manual or LaTeX Companion for explanation.
Type  H <return>  for immediate help.
 ...                                              
                                                  
l.137 \end{equation}
                    
Your command was ignored.
Type  I <command> <return>  to replace it with another command,
or  <return>  to continue without it.


c:/Users/PC/code/LATEX-article/save file/20230801-old/HR动力分析.tex:138: LaTeX Err
or: Bad math environment delimiter.

See the LaTeX manual or LaTeX Companion for explanation.
Type  H <return>  for immediate help.
 ...                                              
                                                  
l.138 \end{displaymath}
                       
Your command was ignored.
Type  I <command> <return>  to replace it with another command,
or  <return>  to continue without it.


c:/Users/PC/code/LATEX-article/save file/20230801-old/HR动力分析.tex:138: LaTeX Err
or: \begin{displaymath} on input line 127 ended by \end{equation*}.

See the LaTeX manual or LaTeX Companion for explanation.
Type  H <return>  for immediate help.
 ...                                              
                                                  
l.138 \end{displaymath}
                       
Your command was ignored.
Type  I <command> <return>  to replace it with another command,
or  <return>  to continue without it.

c:/Users/PC/code/LATEX-article/save file/20230801-old/HR动力分析.tex:138: Missing $
 inserted.
<inserted text> 
                $
l.138 \end{displaymath}
                       
I've inserted something that you may have forgotten.
(See the <inserted text> above.)
With luck, this will get me unwedged. But if you
really didn't forget anything, try typing `2' now; then
my insertion and my current dilemma will both disappear.

c:/Users/PC/code/LATEX-article/save file/20230801-old/HR动力分析.tex:138: Display m
ath should end with $$.
<to be read again> 
                   \endgroup 
l.138 \end{displaymath}
                       
The `$' that I just saw supposedly matches a previous `$$'.
So I shall assume that you typed `$$' both times.


c:/Users/PC/code/LATEX-article/save file/20230801-old/HR动力分析.tex:138: LaTeX Err
or: \begin{document} ended by \end{displaymath}.

See the LaTeX manual or LaTeX Companion for explanation.
Type  H <return>  for immediate help.
 ...                                              
                                                  
l.138 \end{displaymath}
                       
Your command was ignored.
Type  I <command> <return>  to replace it with another command,
or  <return>  to continue without it.

c:/Users/PC/code/LATEX-article/save file/20230801-old/HR动力分析.tex:138: Extra \en
dgroup.
<recently read> \endgroup 
                          
l.138 \end{displaymath}
                       
Things are pretty mixed up, but I think the worst is over.


c:/Users/PC/code/LATEX-article/save file/20230801-old/HR动力分析.tex:140: LaTeX Err
or: Bad math environment delimiter.

See the LaTeX manual or LaTeX Companion for explanation.
Type  H <return>  for immediate help.
 ...                                              
                                                  
l.140     \begin{equation}
                          
Your command was ignored.
Type  I <command> <return>  to replace it with another command,
or  <return>  to continue without it.

c:/Users/PC/code/LATEX-article/save file/20230801-old/HR动力分析.tex:155: Missing \
endgroup inserted.
<inserted text> 
                \endgroup 
l.155     \end{equation}
                        
I've inserted something that you may have forgotten.
(See the <inserted text> above.)
With luck, this will get me unwedged. But if you
really didn't forget anything, try typing `2' now; then
my insertion and my current dilemma will both disappear.


c:/Users/PC/code/LATEX-article/save file/20230801-old/HR动力分析.tex:155: LaTeX Err
or: \begin{equation*} on input line 139 ended by \end{equation}.

See the LaTeX manual or LaTeX Companion for explanation.
Type  H <return>  for immediate help.
 ...                                              
                                                  
l.155     \end{equation}
                        
Your command was ignored.
Type  I <command> <return>  to replace it with another command,
or  <return>  to continue without it.


c:/Users/PC/code/LATEX-article/save file/20230801-old/HR动力分析.tex:156: LaTeX Err
or: Bad math environment delimiter.

See the LaTeX manual or LaTeX Companion for explanation.
Type  H <return>  for immediate help.
 ...                                              
                                                  
l.156     \end{displaymath}
                           \par
Your command was ignored.
Type  I <command> <return>  to replace it with another command,
or  <return>  to continue without it.


c:/Users/PC/code/LATEX-article/save file/20230801-old/HR动力分析.tex:156: LaTeX Err
or: \begin{displaymath} on input line 139 ended by \end{equation*}.

See the LaTeX manual or LaTeX Companion for explanation.
Type  H <return>  for immediate help.
 ...                                              
                                                  
l.156     \end{displaymath}
                           \par
Your command was ignored.
Type  I <command> <return>  to replace it with another command,
or  <return>  to continue without it.

c:/Users/PC/code/LATEX-article/save file/20230801-old/HR动力分析.tex:156: Missing $
 inserted.
<inserted text> 
                $
l.156     \end{displaymath}
                           \par
I've inserted something that you may have forgotten.
(See the <inserted text> above.)
With luck, this will get me unwedged. But if you
really didn't forget anything, try typing `2' now; then
my insertion and my current dilemma will both disappear.

c:/Users/PC/code/LATEX-article/save file/20230801-old/HR动力分析.tex:156: Display m
ath should end with $$.
<to be read again> 
                   \endgroup 
l.156     \end{displaymath}
                           \par
The `$' that I just saw supposedly matches a previous `$$'.
So I shall assume that you typed `$$' both times.


c:/Users/PC/code/LATEX-article/save file/20230801-old/HR动力分析.tex:156: LaTeX Err
or: \begin{document} ended by \end{displaymath}.

See the LaTeX manual or LaTeX Companion for explanation.
Type  H <return>  for immediate help.
 ...                                              
                                                  
l.156     \end{displaymath}
                           \par
Your command was ignored.
Type  I <command> <return>  to replace it with another command,
or  <return>  to continue without it.

c:/Users/PC/code/LATEX-article/save file/20230801-old/HR动力分析.tex:156: Extra \en
dgroup.
<recently read> \endgroup 
                          
l.156     \end{displaymath}
                           \par
Things are pretty mixed up, but I think the worst is over.


c:/Users/PC/code/LATEX-article/save file/20230801-old/HR动力分析.tex:161: LaTeX Err
or: Bad math environment delimiter.

See the LaTeX manual or LaTeX Companion for explanation.
Type  H <return>  for immediate help.
 ...                                              
                                                  
l.161 \begin{equation}
                      
Your command was ignored.
Type  I <command> <return>  to replace it with another command,
or  <return>  to continue without it.

c:/Users/PC/code/LATEX-article/save file/20230801-old/HR动力分析.tex:165: Missing \
endgroup inserted.
<inserted text> 
                \endgroup 
l.165 \end{equation}
                    
I've inserted something that you may have forgotten.
(See the <inserted text> above.)
With luck, this will get me unwedged. But if you
really didn't forget anything, try typing `2' now; then
my insertion and my current dilemma will both disappear.


c:/Users/PC/code/LATEX-article/save file/20230801-old/HR动力分析.tex:165: LaTeX Err
or: \begin{equation*} on input line 160 ended by \end{equation}.

See the LaTeX manual or LaTeX Companion for explanation.
Type  H <return>  for immediate help.
 ...                                              
                                                  
l.165 \end{equation}
                    
Your command was ignored.
Type  I <command> <return>  to replace it with another command,
or  <return>  to continue without it.


c:/Users/PC/code/LATEX-article/save file/20230801-old/HR动力分析.tex:166: LaTeX Err
or: Bad math environment delimiter.

See the LaTeX manual or LaTeX Companion for explanation.
Type  H <return>  for immediate help.
 ...                                              
                                                  
l.166 \end{displaymath}
                       
Your command was ignored.
Type  I <command> <return>  to replace it with another command,
or  <return>  to continue without it.


c:/Users/PC/code/LATEX-article/save file/20230801-old/HR动力分析.tex:166: LaTeX Err
or: \begin{displaymath} on input line 160 ended by \end{equation*}.

See the LaTeX manual or LaTeX Companion for explanation.
Type  H <return>  for immediate help.
 ...                                              
                                                  
l.166 \end{displaymath}
                       
Your command was ignored.
Type  I <command> <return>  to replace it with another command,
or  <return>  to continue without it.

c:/Users/PC/code/LATEX-article/save file/20230801-old/HR动力分析.tex:166: Missing $
 inserted.
<inserted text> 
                $
l.166 \end{displaymath}
                       
I've inserted something that you may have forgotten.
(See the <inserted text> above.)
With luck, this will get me unwedged. But if you
really didn't forget anything, try typing `2' now; then
my insertion and my current dilemma will both disappear.

c:/Users/PC/code/LATEX-article/save file/20230801-old/HR动力分析.tex:166: Display m
ath should end with $$.
<to be read again> 
                   \endgroup 
l.166 \end{displaymath}
                       
The `$' that I just saw supposedly matches a previous `$$'.
So I shall assume that you typed `$$' both times.


c:/Users/PC/code/LATEX-article/save file/20230801-old/HR动力分析.tex:166: LaTeX Err
or: \begin{document} ended by \end{displaymath}.

See the LaTeX manual or LaTeX Companion for explanation.
Type  H <return>  for immediate help.
 ...                                              
                                                  
l.166 \end{displaymath}
                       
Your command was ignored.
Type  I <command> <return>  to replace it with another command,
or  <return>  to continue without it.

c:/Users/PC/code/LATEX-article/save file/20230801-old/HR动力分析.tex:166: Extra \en
dgroup.
<recently read> \endgroup 
                          
l.166 \end{displaymath}
                       
Things are pretty mixed up, but I think the worst is over.


c:/Users/PC/code/LATEX-article/save file/20230801-old/HR动力分析.tex:169: LaTeX Err
or: Bad math environment delimiter.

See the LaTeX manual or LaTeX Companion for explanation.
Type  H <return>  for immediate help.
 ...                                              
                                                  
l.169 \begin{equation}
                      
Your command was ignored.
Type  I <command> <return>  to replace it with another command,
or  <return>  to continue without it.

c:/Users/PC/code/LATEX-article/save file/20230801-old/HR动力分析.tex:173: Missing \
endgroup inserted.
<inserted text> 
                \endgroup 
l.173 \end{equation}
                    
I've inserted something that you may have forgotten.
(See the <inserted text> above.)
With luck, this will get me unwedged. But if you
really didn't forget anything, try typing `2' now; then
my insertion and my current dilemma will both disappear.


c:/Users/PC/code/LATEX-article/save file/20230801-old/HR动力分析.tex:173: LaTeX Err
or: \begin{equation*} on input line 168 ended by \end{equation}.

See the LaTeX manual or LaTeX Companion for explanation.
Type  H <return>  for immediate help.
 ...                                              
                                                  
l.173 \end{equation}
                    
Your command was ignored.
Type  I <command> <return>  to replace it with another command,
or  <return>  to continue without it.


c:/Users/PC/code/LATEX-article/save file/20230801-old/HR动力分析.tex:174: LaTeX Err
or: Bad math environment delimiter.

See the LaTeX manual or LaTeX Companion for explanation.
Type  H <return>  for immediate help.
 ...                                              
                                                  
l.174 \end{displaymath}
                       
Your command was ignored.
Type  I <command> <return>  to replace it with another command,
or  <return>  to continue without it.


c:/Users/PC/code/LATEX-article/save file/20230801-old/HR动力分析.tex:174: LaTeX Err
or: \begin{displaymath} on input line 168 ended by \end{equation*}.

See the LaTeX manual or LaTeX Companion for explanation.
Type  H <return>  for immediate help.
 ...                                              
                                                  
l.174 \end{displaymath}
                       
Your command was ignored.
Type  I <command> <return>  to replace it with another command,
or  <return>  to continue without it.

c:/Users/PC/code/LATEX-article/save file/20230801-old/HR动力分析.tex:174: Missing $
 inserted.
<inserted text> 
                $
l.174 \end{displaymath}
                       
I've inserted something that you may have forgotten.
(See the <inserted text> above.)
With luck, this will get me unwedged. But if you
really didn't forget anything, try typing `2' now; then
my insertion and my current dilemma will both disappear.

c:/Users/PC/code/LATEX-article/save file/20230801-old/HR动力分析.tex:174: Display m
ath should end with $$.
<to be read again> 
                   \endgroup 
l.174 \end{displaymath}
                       
The `$' that I just saw supposedly matches a previous `$$'.
So I shall assume that you typed `$$' both times.


c:/Users/PC/code/LATEX-article/save file/20230801-old/HR动力分析.tex:174: LaTeX Err
or: \begin{document} ended by \end{displaymath}.

See the LaTeX manual or LaTeX Companion for explanation.
Type  H <return>  for immediate help.
 ...                                              
                                                  
l.174 \end{displaymath}
                       
Your command was ignored.
Type  I <command> <return>  to replace it with another command,
or  <return>  to continue without it.

c:/Users/PC/code/LATEX-article/save file/20230801-old/HR动力分析.tex:174: Extra \en
dgroup.
<recently read> \endgroup 
                          
l.174 \end{displaymath}
                       
Things are pretty mixed up, but I think the worst is over.


c:/Users/PC/code/LATEX-article/save file/20230801-old/HR动力分析.tex:178: LaTeX Err
or: Bad math environment delimiter.

See the LaTeX manual or LaTeX Companion for explanation.
Type  H <return>  for immediate help.
 ...                                              
                                                  
l.178 \begin{equation}
                      
Your command was ignored.
Type  I <command> <return>  to replace it with another command,
or  <return>  to continue without it.

c:/Users/PC/code/LATEX-article/save file/20230801-old/HR动力分析.tex:182: Missing \
endgroup inserted.
<inserted text> 
                \endgroup 
l.182 \end{equation}
                    
I've inserted something that you may have forgotten.
(See the <inserted text> above.)
With luck, this will get me unwedged. But if you
really didn't forget anything, try typing `2' now; then
my insertion and my current dilemma will both disappear.


c:/Users/PC/code/LATEX-article/save file/20230801-old/HR动力分析.tex:182: LaTeX Err
or: \begin{equation*} on input line 177 ended by \end{equation}.

See the LaTeX manual or LaTeX Companion for explanation.
Type  H <return>  for immediate help.
 ...                                              
                                                  
l.182 \end{equation}
                    
Your command was ignored.
Type  I <command> <return>  to replace it with another command,
or  <return>  to continue without it.


c:/Users/PC/code/LATEX-article/save file/20230801-old/HR动力分析.tex:183: LaTeX Err
or: Bad math environment delimiter.

See the LaTeX manual or LaTeX Companion for explanation.
Type  H <return>  for immediate help.
 ...                                              
                                                  
l.183 \end{displaymath}
                       
Your command was ignored.
Type  I <command> <return>  to replace it with another command,
or  <return>  to continue without it.


c:/Users/PC/code/LATEX-article/save file/20230801-old/HR动力分析.tex:183: LaTeX Err
or: \begin{displaymath} on input line 177 ended by \end{equation*}.

See the LaTeX manual or LaTeX Companion for explanation.
Type  H <return>  for immediate help.
 ...                                              
                                                  
l.183 \end{displaymath}
                       
Your command was ignored.
Type  I <command> <return>  to replace it with another command,
or  <return>  to continue without it.

c:/Users/PC/code/LATEX-article/save file/20230801-old/HR动力分析.tex:183: Missing $
 inserted.
<inserted text> 
                $
l.183 \end{displaymath}
                       
I've inserted something that you may have forgotten.
(See the <inserted text> above.)
With luck, this will get me unwedged. But if you
really didn't forget anything, try typing `2' now; then
my insertion and my current dilemma will both disappear.

c:/Users/PC/code/LATEX-article/save file/20230801-old/HR动力分析.tex:183: Display m
ath should end with $$.
<to be read again> 
                   \endgroup 
l.183 \end{displaymath}
                       
The `$' that I just saw supposedly matches a previous `$$'.
So I shall assume that you typed `$$' both times.


c:/Users/PC/code/LATEX-article/save file/20230801-old/HR动力分析.tex:183: LaTeX Err
or: \begin{document} ended by \end{displaymath}.

See the LaTeX manual or LaTeX Companion for explanation.
Type  H <return>  for immediate help.
 ...                                              
                                                  
l.183 \end{displaymath}
                       
Your command was ignored.
Type  I <command> <return>  to replace it with another command,
or  <return>  to continue without it.

c:/Users/PC/code/LATEX-article/save file/20230801-old/HR动力分析.tex:183: Extra \en
dgroup.
<recently read> \endgroup 
                          
l.183 \end{displaymath}
                       
Things are pretty mixed up, but I think the worst is over.


c:/Users/PC/code/LATEX-article/save file/20230801-old/HR动力分析.tex:186: LaTeX Err
or: Bad math environment delimiter.

See the LaTeX manual or LaTeX Companion for explanation.
Type  H <return>  for immediate help.
 ...                                              
                                                  
l.186 \begin{equation}
                      
Your command was ignored.
Type  I <command> <return>  to replace it with another command,
or  <return>  to continue without it.

c:/Users/PC/code/LATEX-article/save file/20230801-old/HR动力分析.tex:192: Missing \
endgroup inserted.
<inserted text> 
                \endgroup 
l.192 \end{equation}
                    
I've inserted something that you may have forgotten.
(See the <inserted text> above.)
With luck, this will get me unwedged. But if you
really didn't forget anything, try typing `2' now; then
my insertion and my current dilemma will both disappear.

[3]

c:/Users/PC/code/LATEX-article/save file/20230801-old/HR动力分析.tex:192: LaTeX Err
or: \begin{equation*} on input line 185 ended by \end{equation}.

See the LaTeX manual or LaTeX Companion for explanation.
Type  H <return>  for immediate help.
 ...                                              
                                                  
l.192 \end{equation}
                    
Your command was ignored.
Type  I <command> <return>  to replace it with another command,
or  <return>  to continue without it.


c:/Users/PC/code/LATEX-article/save file/20230801-old/HR动力分析.tex:193: LaTeX Err
or: Bad math environment delimiter.

See the LaTeX manual or LaTeX Companion for explanation.
Type  H <return>  for immediate help.
 ...                                              
                                                  
l.193 \end{displaymath}
                       
Your command was ignored.
Type  I <command> <return>  to replace it with another command,
or  <return>  to continue without it.


c:/Users/PC/code/LATEX-article/save file/20230801-old/HR动力分析.tex:193: LaTeX Err
or: \begin{displaymath} on input line 185 ended by \end{equation*}.

See the LaTeX manual or LaTeX Companion for explanation.
Type  H <return>  for immediate help.
 ...                                              
                                                  
l.193 \end{displaymath}
                       
Your command was ignored.
Type  I <command> <return>  to replace it with another command,
or  <return>  to continue without it.

c:/Users/PC/code/LATEX-article/save file/20230801-old/HR动力分析.tex:193: Missing $
 inserted.
<inserted text> 
                $
l.193 \end{displaymath}
                       
I've inserted something that you may have forgotten.
(See the <inserted text> above.)
With luck, this will get me unwedged. But if you
really didn't forget anything, try typing `2' now; then
my insertion and my current dilemma will both disappear.

c:/Users/PC/code/LATEX-article/save file/20230801-old/HR动力分析.tex:193: Display m
ath should end with $$.
<to be read again> 
                   \endgroup 
l.193 \end{displaymath}
                       
The `$' that I just saw supposedly matches a previous `$$'.
So I shall assume that you typed `$$' both times.


c:/Users/PC/code/LATEX-article/save file/20230801-old/HR动力分析.tex:193: LaTeX Err
or: \begin{document} ended by \end{displaymath}.

See the LaTeX manual or LaTeX Companion for explanation.
Type  H <return>  for immediate help.
 ...                                              
                                                  
l.193 \end{displaymath}
                       
Your command was ignored.
Type  I <command> <return>  to replace it with another command,
or  <return>  to continue without it.

c:/Users/PC/code/LATEX-article/save file/20230801-old/HR动力分析.tex:193: Extra \en
dgroup.
<recently read> \endgroup 
                          
l.193 \end{displaymath}
                       
Things are pretty mixed up, but I think the worst is over.


c:/Users/PC/code/LATEX-article/save file/20230801-old/HR动力分析.tex:198: LaTeX Err
or: Bad math environment delimiter.

See the LaTeX manual or LaTeX Companion for explanation.
Type  H <return>  for immediate help.
 ...                                              
                                                  
l.198 \begin{equation}
                      
Your command was ignored.
Type  I <command> <return>  to replace it with another command,
or  <return>  to continue without it.

c:/Users/PC/code/LATEX-article/save file/20230801-old/HR动力分析.tex:202: Missing \
endgroup inserted.
<inserted text> 
                \endgroup 
l.202 \end{equation}
                    
I've inserted something that you may have forgotten.
(See the <inserted text> above.)
With luck, this will get me unwedged. But if you
really didn't forget anything, try typing `2' now; then
my insertion and my current dilemma will both disappear.


c:/Users/PC/code/LATEX-article/save file/20230801-old/HR动力分析.tex:202: LaTeX Err
or: \begin{equation*} on input line 197 ended by \end{equation}.

See the LaTeX manual or LaTeX Companion for explanation.
Type  H <return>  for immediate help.
 ...                                              
                                                  
l.202 \end{equation}
                    
Your command was ignored.
Type  I <command> <return>  to replace it with another command,
or  <return>  to continue without it.


c:/Users/PC/code/LATEX-article/save file/20230801-old/HR动力分析.tex:203: LaTeX Err
or: Bad math environment delimiter.

See the LaTeX manual or LaTeX Companion for explanation.
Type  H <return>  for immediate help.
 ...                                              
                                                  
l.203 \end{displaymath}
                       
Your command was ignored.
Type  I <command> <return>  to replace it with another command,
or  <return>  to continue without it.


c:/Users/PC/code/LATEX-article/save file/20230801-old/HR动力分析.tex:203: LaTeX Err
or: \begin{displaymath} on input line 197 ended by \end{equation*}.

See the LaTeX manual or LaTeX Companion for explanation.
Type  H <return>  for immediate help.
 ...                                              
                                                  
l.203 \end{displaymath}
                       
Your command was ignored.
Type  I <command> <return>  to replace it with another command,
or  <return>  to continue without it.

c:/Users/PC/code/LATEX-article/save file/20230801-old/HR动力分析.tex:203: Missing $
 inserted.
<inserted text> 
                $
l.203 \end{displaymath}
                       
I've inserted something that you may have forgotten.
(See the <inserted text> above.)
With luck, this will get me unwedged. But if you
really didn't forget anything, try typing `2' now; then
my insertion and my current dilemma will both disappear.

c:/Users/PC/code/LATEX-article/save file/20230801-old/HR动力分析.tex:203: Display m
ath should end with $$.
<to be read again> 
                   \endgroup 
l.203 \end{displaymath}
                       
The `$' that I just saw supposedly matches a previous `$$'.
So I shall assume that you typed `$$' both times.


c:/Users/PC/code/LATEX-article/save file/20230801-old/HR动力分析.tex:203: LaTeX Err
or: \begin{document} ended by \end{displaymath}.

See the LaTeX manual or LaTeX Companion for explanation.
Type  H <return>  for immediate help.
 ...                                              
                                                  
l.203 \end{displaymath}
                       
Your command was ignored.
Type  I <command> <return>  to replace it with another command,
or  <return>  to continue without it.

c:/Users/PC/code/LATEX-article/save file/20230801-old/HR动力分析.tex:203: Extra \en
dgroup.
<recently read> \endgroup 
                          
l.203 \end{displaymath}
                       
Things are pretty mixed up, but I think the worst is over.


c:/Users/PC/code/LATEX-article/save file/20230801-old/HR动力分析.tex:206: LaTeX Err
or: Bad math environment delimiter.

See the LaTeX manual or LaTeX Companion for explanation.
Type  H <return>  for immediate help.
 ...                                              
                                                  
l.206 \begin{equation}
                      
Your command was ignored.
Type  I <command> <return>  to replace it with another command,
or  <return>  to continue without it.

c:/Users/PC/code/LATEX-article/save file/20230801-old/HR动力分析.tex:210: Missing \
endgroup inserted.
<inserted text> 
                \endgroup 
l.210 \end{equation}
                    
I've inserted something that you may have forgotten.
(See the <inserted text> above.)
With luck, this will get me unwedged. But if you
really didn't forget anything, try typing `2' now; then
my insertion and my current dilemma will both disappear.


c:/Users/PC/code/LATEX-article/save file/20230801-old/HR动力分析.tex:210: LaTeX Err
or: \begin{equation*} on input line 205 ended by \end{equation}.

See the LaTeX manual or LaTeX Companion for explanation.
Type  H <return>  for immediate help.
 ...                                              
                                                  
l.210 \end{equation}
                    
Your command was ignored.
Type  I <command> <return>  to replace it with another command,
or  <return>  to continue without it.


c:/Users/PC/code/LATEX-article/save file/20230801-old/HR动力分析.tex:211: LaTeX Err
or: Bad math environment delimiter.

See the LaTeX manual or LaTeX Companion for explanation.
Type  H <return>  for immediate help.
 ...                                              
                                                  
l.211 \end{displaymath}
                       
Your command was ignored.
Type  I <command> <return>  to replace it with another command,
or  <return>  to continue without it.


c:/Users/PC/code/LATEX-article/save file/20230801-old/HR动力分析.tex:211: LaTeX Err
or: \begin{displaymath} on input line 205 ended by \end{equation*}.

See the LaTeX manual or LaTeX Companion for explanation.
Type  H <return>  for immediate help.
 ...                                              
                                                  
l.211 \end{displaymath}
                       
Your command was ignored.
Type  I <command> <return>  to replace it with another command,
or  <return>  to continue without it.

c:/Users/PC/code/LATEX-article/save file/20230801-old/HR动力分析.tex:211: Missing $
 inserted.
<inserted text> 
                $
l.211 \end{displaymath}
                       
I've inserted something that you may have forgotten.
(See the <inserted text> above.)
With luck, this will get me unwedged. But if you
really didn't forget anything, try typing `2' now; then
my insertion and my current dilemma will both disappear.

c:/Users/PC/code/LATEX-article/save file/20230801-old/HR动力分析.tex:211: Display m
ath should end with $$.
<to be read again> 
                   \endgroup 
l.211 \end{displaymath}
                       
The `$' that I just saw supposedly matches a previous `$$'.
So I shall assume that you typed `$$' both times.


c:/Users/PC/code/LATEX-article/save file/20230801-old/HR动力分析.tex:211: LaTeX Err
or: \begin{document} ended by \end{displaymath}.

See the LaTeX manual or LaTeX Companion for explanation.
Type  H <return>  for immediate help.
 ...                                              
                                                  
l.211 \end{displaymath}
                       
Your command was ignored.
Type  I <command> <return>  to replace it with another command,
or  <return>  to continue without it.

c:/Users/PC/code/LATEX-article/save file/20230801-old/HR动力分析.tex:211: Extra \en
dgroup.
<recently read> \endgroup 
                          
l.211 \end{displaymath}
                       
Things are pretty mixed up, but I think the worst is over.


c:/Users/PC/code/LATEX-article/save file/20230801-old/HR动力分析.tex:213: LaTeX Err
or: Bad math environment delimiter.

See the LaTeX manual or LaTeX Companion for explanation.
Type  H <return>  for immediate help.
 ...                                              
                                                  
l.213     \begin{equation}
                          
Your command was ignored.
Type  I <command> <return>  to replace it with another command,
or  <return>  to continue without it.

c:/Users/PC/code/LATEX-article/save file/20230801-old/HR动力分析.tex:217: Missing \
endgroup inserted.
<inserted text> 
                \endgroup 
l.217     \end{equation}
                        
I've inserted something that you may have forgotten.
(See the <inserted text> above.)
With luck, this will get me unwedged. But if you
really didn't forget anything, try typing `2' now; then
my insertion and my current dilemma will both disappear.


c:/Users/PC/code/LATEX-article/save file/20230801-old/HR动力分析.tex:217: LaTeX Err
or: \begin{equation*} on input line 212 ended by \end{equation}.

See the LaTeX manual or LaTeX Companion for explanation.
Type  H <return>  for immediate help.
 ...                                              
                                                  
l.217     \end{equation}
                        
Your command was ignored.
Type  I <command> <return>  to replace it with another command,
or  <return>  to continue without it.


c:/Users/PC/code/LATEX-article/save file/20230801-old/HR动力分析.tex:218: LaTeX Err
or: Bad math environment delimiter.

See the LaTeX manual or LaTeX Companion for explanation.
Type  H <return>  for immediate help.
 ...                                              
                                                  
l.218     \end{displaymath}
                           
Your command was ignored.
Type  I <command> <return>  to replace it with another command,
or  <return>  to continue without it.


c:/Users/PC/code/LATEX-article/save file/20230801-old/HR动力分析.tex:218: LaTeX Err
or: \begin{displaymath} on input line 212 ended by \end{equation*}.

See the LaTeX manual or LaTeX Companion for explanation.
Type  H <return>  for immediate help.
 ...                                              
                                                  
l.218     \end{displaymath}
                           
Your command was ignored.
Type  I <command> <return>  to replace it with another command,
or  <return>  to continue without it.

c:/Users/PC/code/LATEX-article/save file/20230801-old/HR动力分析.tex:218: Missing $
 inserted.
<inserted text> 
                $
l.218     \end{displaymath}
                           
I've inserted something that you may have forgotten.
(See the <inserted text> above.)
With luck, this will get me unwedged. But if you
really didn't forget anything, try typing `2' now; then
my insertion and my current dilemma will both disappear.

c:/Users/PC/code/LATEX-article/save file/20230801-old/HR动力分析.tex:218: Display m
ath should end with $$.
<to be read again> 
                   \endgroup 
l.218     \end{displaymath}
                           
The `$' that I just saw supposedly matches a previous `$$'.
So I shall assume that you typed `$$' both times.


c:/Users/PC/code/LATEX-article/save file/20230801-old/HR动力分析.tex:218: LaTeX Err
or: \begin{document} ended by \end{displaymath}.

See the LaTeX manual or LaTeX Companion for explanation.
Type  H <return>  for immediate help.
 ...                                              
                                                  
l.218     \end{displaymath}
                           
Your command was ignored.
Type  I <command> <return>  to replace it with another command,
or  <return>  to continue without it.

c:/Users/PC/code/LATEX-article/save file/20230801-old/HR动力分析.tex:218: Extra \en
dgroup.
<recently read> \endgroup 
                          
l.218     \end{displaymath}
                           
Things are pretty mixed up, but I think the worst is over.


c:/Users/PC/code/LATEX-article/save file/20230801-old/HR动力分析.tex:222: LaTeX Err
or: Bad math environment delimiter.

See the LaTeX manual or LaTeX Companion for explanation.
Type  H <return>  for immediate help.
 ...                                              
                                                  
l.222 \begin{equation}
                      
Your command was ignored.
Type  I <command> <return>  to replace it with another command,
or  <return>  to continue without it.

c:/Users/PC/code/LATEX-article/save file/20230801-old/HR动力分析.tex:226: Missing \
endgroup inserted.
<inserted text> 
                \endgroup 
l.226 \end{equation}
                    
I've inserted something that you may have forgotten.
(See the <inserted text> above.)
With luck, this will get me unwedged. But if you
really didn't forget anything, try typing `2' now; then
my insertion and my current dilemma will both disappear.


c:/Users/PC/code/LATEX-article/save file/20230801-old/HR动力分析.tex:226: LaTeX Err
or: \begin{equation*} on input line 221 ended by \end{equation}.

See the LaTeX manual or LaTeX Companion for explanation.
Type  H <return>  for immediate help.
 ...                                              
                                                  
l.226 \end{equation}
                    
Your command was ignored.
Type  I <command> <return>  to replace it with another command,
or  <return>  to continue without it.


c:/Users/PC/code/LATEX-article/save file/20230801-old/HR动力分析.tex:227: LaTeX Err
or: Bad math environment delimiter.

See the LaTeX manual or LaTeX Companion for explanation.
Type  H <return>  for immediate help.
 ...                                              
                                                  
l.227 \end{displaymath}
                       
Your command was ignored.
Type  I <command> <return>  to replace it with another command,
or  <return>  to continue without it.


c:/Users/PC/code/LATEX-article/save file/20230801-old/HR动力分析.tex:227: LaTeX Err
or: \begin{displaymath} on input line 221 ended by \end{equation*}.

See the LaTeX manual or LaTeX Companion for explanation.
Type  H <return>  for immediate help.
 ...                                              
                                                  
l.227 \end{displaymath}
                       
Your command was ignored.
Type  I <command> <return>  to replace it with another command,
or  <return>  to continue without it.

c:/Users/PC/code/LATEX-article/save file/20230801-old/HR动力分析.tex:227: Missing $
 inserted.
<inserted text> 
                $
l.227 \end{displaymath}
                       
I've inserted something that you may have forgotten.
(See the <inserted text> above.)
With luck, this will get me unwedged. But if you
really didn't forget anything, try typing `2' now; then
my insertion and my current dilemma will both disappear.

c:/Users/PC/code/LATEX-article/save file/20230801-old/HR动力分析.tex:227: Display m
ath should end with $$.
<to be read again> 
                   \endgroup 
l.227 \end{displaymath}
                       
The `$' that I just saw supposedly matches a previous `$$'.
So I shall assume that you typed `$$' both times.


c:/Users/PC/code/LATEX-article/save file/20230801-old/HR动力分析.tex:227: LaTeX Err
or: \begin{document} ended by \end{displaymath}.

See the LaTeX manual or LaTeX Companion for explanation.
Type  H <return>  for immediate help.
 ...                                              
                                                  
l.227 \end{displaymath}
                       
Your command was ignored.
Type  I <command> <return>  to replace it with another command,
or  <return>  to continue without it.

c:/Users/PC/code/LATEX-article/save file/20230801-old/HR动力分析.tex:227: Extra \en
dgroup.
<recently read> \endgroup 
                          
l.227 \end{displaymath}
                       
Things are pretty mixed up, but I think the worst is over.

[4] (HR动力分析.aux)
 ***********
LaTeX2e <2023-06-01> patch level 1
L3 programming layer <2022/07/14>
 ***********
 ) 
Here is how much of TeX's memory you used:
 7749 strings out of 410379
 208219 string characters out of 5795143
 1936432 words of memory out of 5000000
 29011 multiletter control sequences out of 15000+600000
 564429 words of font info for 75 fonts, out of 8000000 for 9000
 1348 hyphenation exceptions out of 8191
 93i,27n,97p,452b,292s stack positions out of 10000i,1000n,20000p,200000b,200000s

Output written on HR动力分析.pdf (4 pages).
