This is XeTeX, Version 3.141592653-2.6-0.999994 (MiKTeX 22.3) (preloaded format=xelatex 2023.6.5)  2 AUG 2023 17:22
entering extended mode
 restricted \write18 enabled.
 file:line:error style messages enabled.
 %&-line parsing enabled.
**c:/Users/PC/code/LATEX-article/GraduationThesis/Chapter1.tex
(c:/Users/PC/code/LATEX-article/GraduationThesis/Chapter1.tex
LaTeX2e <2022-06-01> patch level 3
L3 programming layer <2022-06-16>

! LaTeX Error: File `hquThesis.cls' not found.

Type X to quit or <RETURN> to proceed,
or enter new name. (Default extension: cls)

Enter file name: 
c:/Users/PC/code/LATEX-article/GraduationThesis/Chapter1.tex:5: Emergency stop.
<read *> 
         
l.5 \titleZh
            {论文中文题目}^^M
*** (cannot \read from terminal in nonstop modes)

 
Here is how much of TeX's memory you used:
 25 strings out of 410670
 555 string characters out of 2820972
 306400 words of memory out of 3000000
 21152 multiletter control sequences out of 15000+600000
 469259 words of font info for 28 fonts, out of 8000000 for 9000
 1348 hyphenation exceptions out of 8191
 19i,0n,29p,116b,17s stack positions out of 10000i,1000n,20000p,200000b,80000s
No pages of output.
