\BOOKMARK [0][-]{chapter.1}{\376\377\137\071\140\047\122\233\133\146\117\075\217\275\221\321\145\340\177\121\150\074\154\325}{}% 1
\BOOKMARK [1][-]{section.1.1}{\376\377\117\075\217\275\221\321\145\340\177\121\150\074\171\273\145\143}{chapter.1}% 2
\BOOKMARK [1][-]{section.1.2}{\376\377\137\072\122\066\217\271\165\114\147\141\116\366\145\275\122\240\145\271\154\325}{chapter.1}% 3
\BOOKMARK [2][-]{subsection.1.2.1}{\376\377\142\311\150\074\147\027\145\345\116\130\133\120\154\325}{section.1.2}% 4
\BOOKMARK [2][-]{subsection.1.2.2}{\376\377\117\356\153\143\123\330\122\006\123\237\164\006\154\325}{section.1.2}% 5
\BOOKMARK [2][-]{subsection.1.2.3}{\376\377\177\132\121\375\145\160\154\325}{section.1.2}% 6
\BOOKMARK [2][-]{subsection.1.2.4}{\376\377\000N\000i\000s\000t\000c\000h\000e\154\325}{section.1.2}% 7
\BOOKMARK [1][-]{section.1.3}{\376\377\117\075\217\275\221\321\145\340\177\121\150\074\154\325\171\273\145\143\143\247\122\066\145\271\172\013\166\204\145\160\120\074\171\357\122\006\145\271\154\325}{chapter.1}% 8
\BOOKMARK [2][-]{subsection.1.3.1}{\376\377\232\330\145\257\171\357\122\006\154\325}{section.1.3}% 9
\BOOKMARK [2][-]{subsection.1.3.2}{\376\377\121\215\165\037\121\111\156\321\150\257\136\246\171\357\122\006\154\325}{section.1.3}% 10
\BOOKMARK [0][-]{chapter.2}{\376\377\205\204\147\177\117\075\217\275\221\321\145\340\177\121\150\074\154\325}{}% 11
\BOOKMARK [1][-]{section.2.1}{\376\377\117\075\217\275\221\321\145\340\177\121\150\074\171\273\145\143}{chapter.2}% 12
\BOOKMARK [1][-]{section.2.2}{\376\377\137\072\122\066\217\271\165\114\147\141\116\366\145\275\122\240\145\271\154\325}{chapter.2}% 13
\BOOKMARK [2][-]{subsection.2.2.1}{\376\377\117\356\153\143\123\330\122\006\123\237\164\006\154\325}{section.2.2}% 14
\BOOKMARK [2][-]{subsection.2.2.2}{\376\377\177\132\121\375\145\160\154\325}{section.2.2}% 15
\BOOKMARK [2][-]{subsection.2.2.3}{\376\377\000N\000i\000t\000s\000c\000h\000e\154\325}{section.2.2}% 16
\BOOKMARK [0][-]{chapter.3}{\376\377\137\071\140\047\122\233\133\146\225\356\230\230\000H\000R\137\061\137\142\137\017}{}% 17
\BOOKMARK [1][-]{section.3.1}{\376\377\000H\000e\000l\000l\000i\000n\000g\000e\000r\000-\000R\000e\000i\000s\000s\000n\000e\000r\123\330\122\006\123\237\164\006}{chapter.3}% 18
\BOOKMARK [1][-]{section.3.2}{\376\377\117\115\171\373\171\273\145\143\124\214\136\224\122\233\171\273\145\143}{chapter.3}% 19
\BOOKMARK [2][-]{subsection.3.2.1}{\376\377\117\115\171\373\171\273\145\143\116\016\121\215\165\037\150\070\217\321\117\074}{section.3.2}% 20
\BOOKMARK [2][-]{subsection.3.2.2}{\376\377\136\224\122\233\171\273\145\143\116\016\121\215\165\037\121\111\156\321\150\257\136\246\217\321\117\074}{section.3.2}% 21
\BOOKMARK [1][-]{section.3.3}{\376\377\000H\000e\000l\000l\000i\000n\000g\000e\000r\000-\000R\000e\000i\000s\000s\000n\000e\000r\123\330\122\006\123\237\164\006\116\013\166\204\147\054\215\050\217\271\165\114\147\141\116\366\145\275\122\240\145\271\154\325}{chapter.3}% 22
\BOOKMARK [1][-]{section.3.4}{\376\377\145\160\120\074\173\227\117\213}{chapter.3}% 23
\BOOKMARK [2][-]{subsection.3.4.1}{\376\377\122\006\162\107\133\236\232\214}{section.3.4}% 24
\BOOKMARK [2][-]{subsection.3.4.2}{\376\377\140\254\201\302\150\201\225\356\230\230}{section.3.4}% 25
\BOOKMARK [2][-]{subsection.3.4.3}{\376\377\136\046\133\124\145\340\226\120\131\047\136\163\147\177\225\356\230\230}{section.3.4}% 26
\BOOKMARK [0][-]{chapter.4}{\376\377\205\204\147\177\225\356\230\230\000H\000R\137\061\137\142\137\017}{}% 27
\BOOKMARK [1][-]{section.4.1}{\376\377\000H\000e\000l\000l\000i\000n\000g\000e\000r\000-\000R\000e\000i\000s\000s\000n\000e\000r\123\330\122\006\123\237\164\006}{chapter.4}% 28
\BOOKMARK [1][-]{section.4.2}{\376\377\143\040\136\246\171\273\145\143\124\214\137\057\167\351\171\273\145\143}{chapter.4}% 29
\BOOKMARK [2][-]{subsection.4.2.1}{\376\377\143\040\136\246\171\273\145\143\124\214\121\215\165\037\150\070\217\321\117\074}{section.4.2}% 30
\BOOKMARK [2][-]{subsection.4.2.2}{\376\377\137\057\167\351\171\273\145\143\124\214\121\215\165\037\121\111\156\321\150\257\136\246\217\321\117\074}{section.4.2}% 31
\BOOKMARK [1][-]{section.4.3}{\376\377\000H\000e\000l\000l\000i\000n\000g\000e\000r\000-\000R\000e\000i\000s\000s\000n\000e\000r\123\330\122\006\123\237\164\006\116\013\166\204\147\054\215\050\217\271\165\114\147\141\116\366\145\275\122\240\145\271\154\325}{chapter.4}% 32
\BOOKMARK [1][-]{section.4.4}{\376\377\145\160\120\074\173\227\117\213}{chapter.4}% 33
\BOOKMARK [2][-]{subsection.4.4.1}{\376\377\122\006\162\107\133\236\232\214}{section.4.4}% 34
\BOOKMARK [2][-]{subsection.4.4.2}{\376\377\173\200\145\057\145\271\147\177\225\356\230\230}{section.4.4}% 35
\BOOKMARK [2][-]{subsection.4.4.3}{\376\377\173\200\145\057\173\111\217\271\116\011\211\322\137\142\147\177\225\356\230\230}{section.4.4}% 36
\BOOKMARK [2][-]{subsection.4.4.4}{\376\377\173\200\145\057\163\257\210\114\147\177\225\356\230\230}{section.4.4}% 37
