This is XeTeX, Version 3.141592653-2.6-0.999995 (TeX Live 2023/Homebrew) (preloaded format=xelatex 2024.2.23)  18 MAR 2024 19:19
entering extended mode
 restricted \write18 enabled.
 file:line:error style messages enabled.
 %&-line parsing enabled.
**/Users/wujc/Documents/LATEX-wxy/thesis/Thesis.tex
(/Users/wujc/Documents/LATEX-wxy/thesis/Thesis.tex
LaTeX2e <2022-11-01> patch level 1
L3 programming layer <2023-02-22> (./hquThesis.cls
Document Class: hquThesis 
(/opt/homebrew/Cellar/texlive/20230313_3/share/texmf-dist/tex/latex/base/book.cls
Document Class: book 2022/07/02 v1.4n Standard LaTeX document class
(/opt/homebrew/Cellar/texlive/20230313_3/share/texmf-dist/tex/latex/base/bk10.clo
File: bk10.clo 2022/07/02 v1.4n Standard LaTeX file (size option)
)
\c@part=\count181
\c@chapter=\count182
\c@section=\count183
\c@subsection=\count184
\c@subsubsection=\count185
\c@paragraph=\count186
\c@subparagraph=\count187
\c@figure=\count188
\c@table=\count189
\abovecaptionskip=\skip48
\belowcaptionskip=\skip49
\bibindent=\dimen140
) (/opt/homebrew/Cellar/texlive/20230313_3/share/texmf-dist/tex/latex/geometry/geometry.sty
Package: geometry 2020/01/02 v5.9 Page Geometry
 (/opt/homebrew/Cellar/texlive/20230313_3/share/texmf-dist/tex/latex/graphics/keyval.sty
Package: keyval 2022/05/29 v1.15 key=value parser (DPC)
\KV@toks@=\toks16
) (/opt/homebrew/Cellar/texlive/20230313_3/share/texmf-dist/tex/generic/iftex/ifvtex.sty
Package: ifvtex 2019/10/25 v1.7 ifvtex legacy package. Use iftex instead.
 (/opt/homebrew/Cellar/texlive/20230313_3/share/texmf-dist/tex/generic/iftex/iftex.sty
Package: iftex 2022/02/03 v1.0f TeX engine tests
))
\Gm@cnth=\count190
\Gm@cntv=\count191
\c@Gm@tempcnt=\count192
\Gm@bindingoffset=\dimen141
\Gm@wd@mp=\dimen142
\Gm@odd@mp=\dimen143
\Gm@even@mp=\dimen144
\Gm@layoutwidth=\dimen145
\Gm@layoutheight=\dimen146
\Gm@layouthoffset=\dimen147
\Gm@layoutvoffset=\dimen148
\Gm@dimlist=\toks17
) (/opt/homebrew/Cellar/texlive/20230313_3/share/texmf-dist/tex/latex/graphics/graphicx.sty
Package: graphicx 2021/09/16 v1.2d Enhanced LaTeX Graphics (DPC,SPQR)
 (/opt/homebrew/Cellar/texlive/20230313_3/share/texmf-dist/tex/latex/graphics/graphics.sty
Package: graphics 2022/03/10 v1.4e Standard LaTeX Graphics (DPC,SPQR)
 (/opt/homebrew/Cellar/texlive/20230313_3/share/texmf-dist/tex/latex/graphics/trig.sty
Package: trig 2021/08/11 v1.11 sin cos tan (DPC)
) (/opt/homebrew/Cellar/texlive/20230313_3/share/texmf-dist/tex/latex/graphics-cfg/graphics.cfg
File: graphics.cfg 2016/06/04 v1.11 sample graphics configuration
)
Package graphics Info: Driver file: xetex.def on input line 107.
 (/opt/homebrew/Cellar/texlive/20230313_3/share/texmf-dist/tex/latex/graphics-def/xetex.def
File: xetex.def 2022/09/22 v5.0n Graphics/color driver for xetex
))
\Gin@req@height=\dimen149
\Gin@req@width=\dimen150
) (/opt/homebrew/Cellar/texlive/20230313_3/share/texmf-dist/tex/latex/fancyhdr/fancyhdr.sty
Package: fancyhdr 2022/11/09 v4.1 Extensive control of page headers and footers
\f@nch@headwidth=\skip50
\f@nch@O@elh=\skip51
\f@nch@O@erh=\skip52
\f@nch@O@olh=\skip53
\f@nch@O@orh=\skip54
\f@nch@O@elf=\skip55
\f@nch@O@erf=\skip56
\f@nch@O@olf=\skip57
\f@nch@O@orf=\skip58
) (/opt/homebrew/Cellar/texlive/20230313_3/share/texmf-dist/tex/xelatex/xecjk/xeCJK.sty (/opt/homebrew/Cellar/texlive/20230313_3/share/texmf-dist/tex/latex/l3kernel/expl3.sty
Package: expl3 2023-02-22 L3 programming layer (loader) 
 (/opt/homebrew/Cellar/texlive/20230313_3/share/texmf-dist/tex/latex/l3backend/l3backend-xetex.def
File: l3backend-xetex.def 2023-01-16 L3 backend support: XeTeX
\g__graphics_track_int=\count193
\l__pdf_internal_box=\box51
\g__pdf_backend_object_int=\count194
\g__pdf_backend_annotation_int=\count195
\g__pdf_backend_link_int=\count196
))
Package: xeCJK 2022/08/05 v3.9.1 Typesetting CJK scripts with XeLaTeX
 (/opt/homebrew/Cellar/texlive/20230313_3/share/texmf-dist/tex/latex/ctex/ctexhook.sty
Package: ctexhook 2022/07/14 v2.5.10 Document and package hooks (CTEX)
) (/opt/homebrew/Cellar/texlive/20230313_3/share/texmf-dist/tex/latex/l3packages/xtemplate/xtemplate.sty
Package: xtemplate 2023-02-02 L3 Experimental prototype document functions
\l__xtemplate_tmp_dim=\dimen151
\l__xtemplate_tmp_int=\count197
\l__xtemplate_tmp_muskip=\muskip16
\l__xtemplate_tmp_skip=\skip59
)
\l__xeCJK_tmp_int=\count198
\l__xeCJK_tmp_box=\box52
\l__xeCJK_tmp_dim=\dimen152
\l__xeCJK_tmp_skip=\skip60
\g__xeCJK_space_factor_int=\count199
\l__xeCJK_begin_int=\count266
\l__xeCJK_end_int=\count267
\c__xeCJK_CJK_class_int=\XeTeXcharclass1
\c__xeCJK_FullLeft_class_int=\XeTeXcharclass2
\c__xeCJK_FullRight_class_int=\XeTeXcharclass3
\c__xeCJK_HalfLeft_class_int=\XeTeXcharclass4
\c__xeCJK_HalfRight_class_int=\XeTeXcharclass5
\c__xeCJK_NormalSpace_class_int=\XeTeXcharclass6
\c__xeCJK_CM_class_int=\XeTeXcharclass7
\c__xeCJK_HangulJamo_class_int=\XeTeXcharclass8
\l__xeCJK_last_skip=\skip61
\c__xeCJK_none_node=\count268
\g__xeCJK_node_int=\count269
\c__xeCJK_CJK_node_dim=\dimen153
\c__xeCJK_CJK-space_node_dim=\dimen154
\c__xeCJK_default_node_dim=\dimen155
\c__xeCJK_CJK-widow_node_dim=\dimen156
\c__xeCJK_normalspace_node_dim=\dimen157
\c__xeCJK_default-space_node_skip=\skip62
\l__xeCJK_ccglue_skip=\skip63
\l__xeCJK_ecglue_skip=\skip64
\l__xeCJK_punct_kern_skip=\skip65
\l__xeCJK_indent_box=\box53
\l__xeCJK_last_penalty_int=\count270
\l__xeCJK_last_bound_dim=\dimen158
\l__xeCJK_last_kern_dim=\dimen159
\l__xeCJK_widow_penalty_int=\count271

Package xtemplate Info: Declaring object type 'xeCJK/punctuation' taking 0
(xtemplate)             argument(s) on line 2396.

\l__xeCJK_fixed_punct_width_dim=\dimen160
\l__xeCJK_mixed_punct_width_dim=\dimen161
\l__xeCJK_middle_punct_width_dim=\dimen162
\l__xeCJK_fixed_margin_width_dim=\dimen163
\l__xeCJK_mixed_margin_width_dim=\dimen164
\l__xeCJK_middle_margin_width_dim=\dimen165
\l__xeCJK_bound_punct_width_dim=\dimen166
\l__xeCJK_bound_margin_width_dim=\dimen167
\l__xeCJK_margin_minimum_dim=\dimen168
\l__xeCJK_kerning_total_width_dim=\dimen169
\l__xeCJK_same_align_margin_dim=\dimen170
\l__xeCJK_different_align_margin_dim=\dimen171
\l__xeCJK_kerning_margin_width_dim=\dimen172
\l__xeCJK_kerning_margin_minimum_dim=\dimen173
\l__xeCJK_bound_dim=\dimen174
\l__xeCJK_reverse_bound_dim=\dimen175
\l__xeCJK_margin_dim=\dimen176
\l__xeCJK_minimum_bound_dim=\dimen177
\l__xeCJK_kerning_margin_dim=\dimen178
\g__xeCJK_family_int=\count272
\l__xeCJK_fam_int=\count273
\g__xeCJK_fam_allocation_int=\count274
\l__xeCJK_verb_case_int=\count275
\l__xeCJK_verb_exspace_skip=\skip66
 (/opt/homebrew/Cellar/texlive/20230313_3/share/texmf-dist/tex/latex/fontspec/fontspec.sty (/opt/homebrew/Cellar/texlive/20230313_3/share/texmf-dist/tex/latex/l3packages/xparse/xparse.sty
Package: xparse 2023-02-02 L3 Experimental document command parser
)
Package: fontspec 2022/01/15 v2.8a Font selection for XeLaTeX and LuaLaTeX
 (/opt/homebrew/Cellar/texlive/20230313_3/share/texmf-dist/tex/latex/fontspec/fontspec-xetex.sty
Package: fontspec-xetex 2022/01/15 v2.8a Font selection for XeLaTeX and LuaLaTeX
\l__fontspec_script_int=\count276
\l__fontspec_language_int=\count277
\l__fontspec_strnum_int=\count278
\l__fontspec_tmp_int=\count279
\l__fontspec_tmpa_int=\count280
\l__fontspec_tmpb_int=\count281
\l__fontspec_tmpc_int=\count282
\l__fontspec_em_int=\count283
\l__fontspec_emdef_int=\count284
\l__fontspec_strong_int=\count285
\l__fontspec_strongdef_int=\count286
\l__fontspec_tmpa_dim=\dimen179
\l__fontspec_tmpb_dim=\dimen180
\l__fontspec_tmpc_dim=\dimen181
 (/opt/homebrew/Cellar/texlive/20230313_3/share/texmf-dist/tex/latex/base/fontenc.sty
Package: fontenc 2021/04/29 v2.0v Standard LaTeX package
) (/opt/homebrew/Cellar/texlive/20230313_3/share/texmf-dist/tex/latex/fontspec/fontspec.cfg))) (/opt/homebrew/Cellar/texlive/20230313_3/share/texmf-dist/tex/xelatex/xecjk/xeCJK.cfg
File: xeCJK.cfg 2022/08/05 v3.9.1 Configuration file for xeCJK package
)) (/opt/homebrew/Cellar/texlive/20230313_3/share/texmf-dist/tex/latex/lm/lmodern.sty
Package: lmodern 2015/05/01 v1.6.1 Latin Modern Fonts
LaTeX Font Info:    Overwriting symbol font `operators' in version `normal'
(Font)                  OT1/cmr/m/n --> OT1/lmr/m/n on input line 22.
LaTeX Font Info:    Overwriting symbol font `letters' in version `normal'
(Font)                  OML/cmm/m/it --> OML/lmm/m/it on input line 23.
LaTeX Font Info:    Overwriting symbol font `symbols' in version `normal'
(Font)                  OMS/cmsy/m/n --> OMS/lmsy/m/n on input line 24.
LaTeX Font Info:    Overwriting symbol font `largesymbols' in version `normal'
(Font)                  OMX/cmex/m/n --> OMX/lmex/m/n on input line 25.
LaTeX Font Info:    Overwriting symbol font `operators' in version `bold'
(Font)                  OT1/cmr/bx/n --> OT1/lmr/bx/n on input line 26.
LaTeX Font Info:    Overwriting symbol font `letters' in version `bold'
(Font)                  OML/cmm/b/it --> OML/lmm/b/it on input line 27.
LaTeX Font Info:    Overwriting symbol font `symbols' in version `bold'
(Font)                  OMS/cmsy/b/n --> OMS/lmsy/b/n on input line 28.
LaTeX Font Info:    Overwriting symbol font `largesymbols' in version `bold'
(Font)                  OMX/cmex/m/n --> OMX/lmex/m/n on input line 29.
LaTeX Font Info:    Overwriting math alphabet `\mathbf' in version `normal'
(Font)                  OT1/cmr/bx/n --> OT1/lmr/bx/n on input line 31.
LaTeX Font Info:    Overwriting math alphabet `\mathsf' in version `normal'
(Font)                  OT1/cmss/m/n --> OT1/lmss/m/n on input line 32.
LaTeX Font Info:    Overwriting math alphabet `\mathit' in version `normal'
(Font)                  OT1/cmr/m/it --> OT1/lmr/m/it on input line 33.
LaTeX Font Info:    Overwriting math alphabet `\mathtt' in version `normal'
(Font)                  OT1/cmtt/m/n --> OT1/lmtt/m/n on input line 34.
LaTeX Font Info:    Overwriting math alphabet `\mathbf' in version `bold'
(Font)                  OT1/cmr/bx/n --> OT1/lmr/bx/n on input line 35.
LaTeX Font Info:    Overwriting math alphabet `\mathsf' in version `bold'
(Font)                  OT1/cmss/bx/n --> OT1/lmss/bx/n on input line 36.
LaTeX Font Info:    Overwriting math alphabet `\mathit' in version `bold'
(Font)                  OT1/cmr/bx/it --> OT1/lmr/bx/it on input line 37.
LaTeX Font Info:    Overwriting math alphabet `\mathtt' in version `bold'
(Font)                  OT1/cmtt/m/n --> OT1/lmtt/m/n on input line 38.
) (/opt/homebrew/Cellar/texlive/20230313_3/share/texmf-dist/tex/latex/caption/caption.sty
Package: caption 2023/03/12 v3.6j Customizing captions (AR)
 (/opt/homebrew/Cellar/texlive/20230313_3/share/texmf-dist/tex/latex/caption/caption3.sty
Package: caption3 2023/03/12 v2.4 caption3 kernel (AR)
\caption@tempdima=\dimen182
\captionmargin=\dimen183
\caption@leftmargin=\dimen184
\caption@rightmargin=\dimen185
\caption@width=\dimen186
\caption@indent=\dimen187
\caption@parindent=\dimen188
\caption@hangindent=\dimen189
Package caption Info: Standard document class detected.
)
\c@caption@flags=\count287
\c@continuedfloat=\count288
) (/opt/homebrew/Cellar/texlive/20230313_3/share/texmf-dist/tex/latex/caption/subcaption.sty
Package: subcaption 2023/02/19 v1.6 Sub-captions (AR)
Package caption Info: New subtype `subfigure' on input line 239.
\c@subfigure=\count289
Package caption Info: New subtype `subtable' on input line 239.
\c@subtable=\count290
) (/opt/homebrew/Cellar/texlive/20230313_3/share/texmf-dist/tex/latex/tools/indentfirst.sty
Package: indentfirst 1995/11/23 v1.03 Indent first paragraph (DPC)
) (/opt/homebrew/Cellar/texlive/20230313_3/share/texmf-dist/tex/latex/setspace/setspace.sty
Package: setspace 2022/12/04 v6.7b set line spacing
) (/opt/homebrew/Cellar/texlive/20230313_3/share/texmf-dist/tex/latex/titlesec/titlesec.sty
Package: titlesec 2021/07/05 v2.14 Sectioning titles
\ttl@box=\box54
\beforetitleunit=\skip67
\aftertitleunit=\skip68
\ttl@plus=\dimen190
\ttl@minus=\dimen191
\ttl@toksa=\toks18
\titlewidth=\dimen192
\titlewidthlast=\dimen193
\titlewidthfirst=\dimen194
) (/opt/homebrew/Cellar/texlive/20230313_3/share/texmf-dist/tex/latex/titlesec/titletoc.sty
Package: titletoc 2021/07/05 v2.14 TOC entries
\ttl@leftsep=\dimen195
) (/opt/homebrew/Cellar/texlive/20230313_3/share/texmf-dist/tex/latex/hyperref/hyperref.sty
Package: hyperref 2023-02-07 v7.00v Hypertext links for LaTeX
 (/opt/homebrew/Cellar/texlive/20230313_3/share/texmf-dist/tex/generic/ltxcmds/ltxcmds.sty
Package: ltxcmds 2020-05-10 v1.25 LaTeX kernel commands for general use (HO)
) (/opt/homebrew/Cellar/texlive/20230313_3/share/texmf-dist/tex/generic/pdftexcmds/pdftexcmds.sty
Package: pdftexcmds 2020-06-27 v0.33 Utility functions of pdfTeX for LuaTeX (HO)
 (/opt/homebrew/Cellar/texlive/20230313_3/share/texmf-dist/tex/generic/infwarerr/infwarerr.sty
Package: infwarerr 2019/12/03 v1.5 Providing info/warning/error messages (HO)
)
Package pdftexcmds Info: \pdf@primitive is available.
Package pdftexcmds Info: \pdf@ifprimitive is available.
Package pdftexcmds Info: \pdfdraftmode not found.
) (/opt/homebrew/Cellar/texlive/20230313_3/share/texmf-dist/tex/latex/kvsetkeys/kvsetkeys.sty
Package: kvsetkeys 2022-10-05 v1.19 Key value parser (HO)
) (/opt/homebrew/Cellar/texlive/20230313_3/share/texmf-dist/tex/generic/kvdefinekeys/kvdefinekeys.sty
Package: kvdefinekeys 2019-12-19 v1.6 Define keys (HO)
) (/opt/homebrew/Cellar/texlive/20230313_3/share/texmf-dist/tex/generic/pdfescape/pdfescape.sty
Package: pdfescape 2019/12/09 v1.15 Implements pdfTeX's escape features (HO)
) (/opt/homebrew/Cellar/texlive/20230313_3/share/texmf-dist/tex/latex/hycolor/hycolor.sty
Package: hycolor 2020-01-27 v1.10 Color options for hyperref/bookmark (HO)
) (/opt/homebrew/Cellar/texlive/20230313_3/share/texmf-dist/tex/latex/letltxmacro/letltxmacro.sty
Package: letltxmacro 2019/12/03 v1.6 Let assignment for LaTeX macros (HO)
) (/opt/homebrew/Cellar/texlive/20230313_3/share/texmf-dist/tex/latex/auxhook/auxhook.sty
Package: auxhook 2019-12-17 v1.6 Hooks for auxiliary files (HO)
) (/opt/homebrew/Cellar/texlive/20230313_3/share/texmf-dist/tex/latex/hyperref/nameref.sty
Package: nameref 2022-05-17 v2.50 Cross-referencing by name of section
 (/opt/homebrew/Cellar/texlive/20230313_3/share/texmf-dist/tex/latex/refcount/refcount.sty
Package: refcount 2019/12/15 v3.6 Data extraction from label references (HO)
) (/opt/homebrew/Cellar/texlive/20230313_3/share/texmf-dist/tex/generic/gettitlestring/gettitlestring.sty
Package: gettitlestring 2019/12/15 v1.6 Cleanup title references (HO)
 (/opt/homebrew/Cellar/texlive/20230313_3/share/texmf-dist/tex/latex/kvoptions/kvoptions.sty
Package: kvoptions 2022-06-15 v3.15 Key value format for package options (HO)
))
\c@section@level=\count291
)
\@linkdim=\dimen196
\Hy@linkcounter=\count292
\Hy@pagecounter=\count293
 (/opt/homebrew/Cellar/texlive/20230313_3/share/texmf-dist/tex/latex/hyperref/pd1enc.def
File: pd1enc.def 2023-02-07 v7.00v Hyperref: PDFDocEncoding definition (HO)
) (/opt/homebrew/Cellar/texlive/20230313_3/share/texmf-dist/tex/generic/intcalc/intcalc.sty
Package: intcalc 2019/12/15 v1.3 Expandable calculations with integers (HO)
) (/opt/homebrew/Cellar/texlive/20230313_3/share/texmf-dist/tex/generic/etexcmds/etexcmds.sty
Package: etexcmds 2019/12/15 v1.7 Avoid name clashes with e-TeX commands (HO)
)
\Hy@SavedSpaceFactor=\count294
 (/opt/homebrew/Cellar/texlive/20230313_3/share/texmf-dist/tex/latex/hyperref/puenc.def
File: puenc.def 2023-02-07 v7.00v Hyperref: PDF Unicode definition (HO)
)
Package hyperref Info: Hyper figures OFF on input line 4177.
Package hyperref Info: Link nesting OFF on input line 4182.
Package hyperref Info: Hyper index ON on input line 4185.
Package hyperref Info: Plain pages OFF on input line 4192.
Package hyperref Info: Backreferencing OFF on input line 4197.
Package hyperref Info: Implicit mode ON; LaTeX internals redefined.
Package hyperref Info: Bookmarks ON on input line 4425.
\c@Hy@tempcnt=\count295
 (/opt/homebrew/Cellar/texlive/20230313_3/share/texmf-dist/tex/latex/url/url.sty
\Urlmuskip=\muskip17
Package: url 2013/09/16  ver 3.4  Verb mode for urls, etc.
)
LaTeX Info: Redefining \url on input line 4763.
\XeTeXLinkMargin=\dimen197
 (/opt/homebrew/Cellar/texlive/20230313_3/share/texmf-dist/tex/generic/bitset/bitset.sty
Package: bitset 2019/12/09 v1.3 Handle bit-vector datatype (HO)
 (/opt/homebrew/Cellar/texlive/20230313_3/share/texmf-dist/tex/generic/bigintcalc/bigintcalc.sty
Package: bigintcalc 2019/12/15 v1.5 Expandable calculations on big integers (HO)
))
\Fld@menulength=\count296
\Field@Width=\dimen198
\Fld@charsize=\dimen199
Package hyperref Info: Hyper figures OFF on input line 6042.
Package hyperref Info: Link nesting OFF on input line 6047.
Package hyperref Info: Hyper index ON on input line 6050.
Package hyperref Info: backreferencing OFF on input line 6057.
Package hyperref Info: Link coloring OFF on input line 6062.
Package hyperref Info: Link coloring with OCG OFF on input line 6067.
Package hyperref Info: PDF/A mode OFF on input line 6072.
 (/opt/homebrew/Cellar/texlive/20230313_3/share/texmf-dist/tex/latex/base/atbegshi-ltx.sty
Package: atbegshi-ltx 2021/01/10 v1.0c Emulation of the original atbegshi
package with kernel methods
)
\Hy@abspage=\count297
\c@Item=\count298
\c@Hfootnote=\count299
)
Package hyperref Info: Driver (autodetected): hxetex.
 (/opt/homebrew/Cellar/texlive/20230313_3/share/texmf-dist/tex/latex/hyperref/hxetex.def
File: hxetex.def 2023-02-07 v7.00v Hyperref driver for XeTeX
 (/opt/homebrew/Cellar/texlive/20230313_3/share/texmf-dist/tex/generic/stringenc/stringenc.sty
Package: stringenc 2019/11/29 v1.12 Convert strings between diff. encodings (HO)
)
\pdfm@box=\box55
\c@Hy@AnnotLevel=\count300
\HyField@AnnotCount=\count301
\Fld@listcount=\count302
\c@bookmark@seq@number=\count303
 (/opt/homebrew/Cellar/texlive/20230313_3/share/texmf-dist/tex/latex/rerunfilecheck/rerunfilecheck.sty
Package: rerunfilecheck 2022-07-10 v1.10 Rerun checks for auxiliary files (HO)
 (/opt/homebrew/Cellar/texlive/20230313_3/share/texmf-dist/tex/latex/base/atveryend-ltx.sty
Package: atveryend-ltx 2020/08/19 v1.0a Emulation of the original atveryend package
with kernel methods
) (/opt/homebrew/Cellar/texlive/20230313_3/share/texmf-dist/tex/generic/uniquecounter/uniquecounter.sty
Package: uniquecounter 2019/12/15 v1.4 Provide unlimited unique counter (HO)
)
Package uniquecounter Info: New unique counter `rerunfilecheck' on input line 285.
)
\Hy@SectionHShift=\skip69
) (/opt/homebrew/Cellar/texlive/20230313_3/share/texmf-dist/tex/latex/tocloft/tocloft.sty
Package: tocloft 2017/08/31 v2.3i parameterised ToC, etc., typesetting
Package tocloft Info: The document has chapter divisions on input line 51.
\cftparskip=\skip70
\cftbeforetoctitleskip=\skip71
\cftaftertoctitleskip=\skip72
\cftbeforepartskip=\skip73
\cftpartnumwidth=\skip74
\cftpartindent=\skip75
\cftbeforechapskip=\skip76
\cftchapindent=\skip77
\cftchapnumwidth=\skip78
\cftbeforesecskip=\skip79
\cftsecindent=\skip80
\cftsecnumwidth=\skip81
\cftbeforesubsecskip=\skip82
\cftsubsecindent=\skip83
\cftsubsecnumwidth=\skip84
\cftbeforesubsubsecskip=\skip85
\cftsubsubsecindent=\skip86
\cftsubsubsecnumwidth=\skip87
\cftbeforeparaskip=\skip88
\cftparaindent=\skip89
\cftparanumwidth=\skip90
\cftbeforesubparaskip=\skip91
\cftsubparaindent=\skip92
\cftsubparanumwidth=\skip93
\cftbeforeloftitleskip=\skip94
\cftafterloftitleskip=\skip95
\cftbeforefigskip=\skip96
\cftfigindent=\skip97
\cftfignumwidth=\skip98
\c@lofdepth=\count304
\c@lotdepth=\count305
\cftbeforelottitleskip=\skip99
\cftafterlottitleskip=\skip100
\cftbeforetabskip=\skip101
\cfttabindent=\skip102
\cfttabnumwidth=\skip103
) (/opt/homebrew/Cellar/texlive/20230313_3/share/texmf-dist/tex/latex/gbt7714/gbt7714.sty
Package: gbt7714 2022/10/03 v2.1.5 GB/T 7714 BibTeX Style
 (/opt/homebrew/Cellar/texlive/20230313_3/share/texmf-dist/tex/latex/natbib/natbib.sty
Package: natbib 2010/09/13 8.31b (PWD, AO)
\bibhang=\skip104
\bibsep=\skip105
LaTeX Info: Redefining \cite on input line 694.
\c@NAT@ctr=\count306
)) (/opt/homebrew/Cellar/texlive/20230313_3/share/texmf-dist/tex/latex/tools/enumerate.sty
Package: enumerate 2015/07/23 v3.00 enumerate extensions (DPC)
\@enLab=\toks19
)

Package fontspec Info: Font family 'TimesNewRoman(0)' created for font 'Times
(fontspec)             New Roman' with options [Ligatures=TeX].
(fontspec)              
(fontspec)              This font family consists of the following NFSS
(fontspec)             series/shapes:
(fontspec)              
(fontspec)             - 'normal' (m/n) with NFSS spec.: <->"Times New
(fontspec)             Roman/OT:script=latn;language=dflt;mapping=tex-text;"
(fontspec)             - 'small caps'  (m/sc) with NFSS spec.: 
(fontspec)             - 'bold' (b/n) with NFSS spec.: <->"Times New
(fontspec)             Roman/B/OT:script=latn;language=dflt;mapping=tex-text;"
(fontspec)             - 'bold small caps'  (b/sc) with NFSS spec.: 
(fontspec)             - 'italic' (m/it) with NFSS spec.: <->"Times New
(fontspec)             Roman/I/OT:script=latn;language=dflt;mapping=tex-text;"
(fontspec)             - 'italic small caps'  (m/scit) with NFSS spec.: 
(fontspec)             - 'bold italic' (b/it) with NFSS spec.: <->"Times New
(fontspec)             Roman/BI/OT:script=latn;language=dflt;mapping=tex-text;"
(fontspec)             - 'bold italic small caps'  (b/scit) with NFSS spec.: 


Package fontspec Info: Font family 'simsun.ttc(0)' created for font
(fontspec)             'simsun.ttc' with options
(fontspec)             [Script={CJK},Path={./fonts/},AutoFakeBold={2},AutoFakeSlant={0.167}].
(fontspec)              
(fontspec)              This font family consists of the following NFSS
(fontspec)             series/shapes:
(fontspec)              
(fontspec)             - 'normal' (m/n) with NFSS spec.:
(fontspec)             <->"[./fonts/simsun.ttc]/OT:script=hani;language=dflt;"
(fontspec)             - 'small caps'  (m/sc) with NFSS spec.: 
(fontspec)             - 'bold' (b/n) with NFSS spec.:
(fontspec)             <->"[./fonts/simsun.ttc]/OT:script=hani;language=dflt;embolden=2;"
(fontspec)             - 'bold small caps'  (b/sc) with NFSS spec.: 
(fontspec)             - 'italic' (m/it) with NFSS spec.:
(fontspec)             <->"[./fonts/simsun.ttc]/OT:script=hani;language=dflt;slant=0.167;"
(fontspec)             - 'italic small caps'  (m/scit) with NFSS spec.: 
(fontspec)             - 'bold italic' (b/it) with NFSS spec.:
(fontspec)             <->"[./fonts/simsun.ttc]/OT:script=hani;language=dflt;embolden=2;slant=0.167;"
(fontspec)             - 'bold italic small caps'  (b/scit) with NFSS spec.: 

) (/opt/homebrew/Cellar/texlive/20230313_3/share/texmf-dist/tex/latex/amsmath/amsmath.sty
Package: amsmath 2022/04/08 v2.17n AMS math features
\@mathmargin=\skip106

For additional information on amsmath, use the `?' option.
(/opt/homebrew/Cellar/texlive/20230313_3/share/texmf-dist/tex/latex/amsmath/amstext.sty
Package: amstext 2021/08/26 v2.01 AMS text
 (/opt/homebrew/Cellar/texlive/20230313_3/share/texmf-dist/tex/latex/amsmath/amsgen.sty
File: amsgen.sty 1999/11/30 v2.0 generic functions
\@emptytoks=\toks20
\ex@=\dimen256
)) (/opt/homebrew/Cellar/texlive/20230313_3/share/texmf-dist/tex/latex/amsmath/amsbsy.sty
Package: amsbsy 1999/11/29 v1.2d Bold Symbols
\pmbraise@=\dimen257
) (/opt/homebrew/Cellar/texlive/20230313_3/share/texmf-dist/tex/latex/amsmath/amsopn.sty
Package: amsopn 2022/04/08 v2.04 operator names
)
\inf@bad=\count307
LaTeX Info: Redefining \frac on input line 234.
\uproot@=\count308
\leftroot@=\count309
LaTeX Info: Redefining \overline on input line 399.
LaTeX Info: Redefining \colon on input line 410.
\classnum@=\count310
\DOTSCASE@=\count311
LaTeX Info: Redefining \ldots on input line 496.
LaTeX Info: Redefining \dots on input line 499.
LaTeX Info: Redefining \cdots on input line 620.
\Mathstrutbox@=\box56
\strutbox@=\box57
LaTeX Info: Redefining \big on input line 722.
LaTeX Info: Redefining \Big on input line 723.
LaTeX Info: Redefining \bigg on input line 724.
LaTeX Info: Redefining \Bigg on input line 725.
\big@size=\dimen258
LaTeX Font Info:    Redeclaring font encoding OML on input line 743.
LaTeX Font Info:    Redeclaring font encoding OMS on input line 744.
\macc@depth=\count312
LaTeX Info: Redefining \bmod on input line 905.
LaTeX Info: Redefining \pmod on input line 910.
LaTeX Info: Redefining \smash on input line 940.
LaTeX Info: Redefining \relbar on input line 970.
LaTeX Info: Redefining \Relbar on input line 971.
\c@MaxMatrixCols=\count313
\dotsspace@=\muskip18
\c@parentequation=\count314
\dspbrk@lvl=\count315
\tag@help=\toks21
\row@=\count316
\column@=\count317
\maxfields@=\count318
\andhelp@=\toks22
\eqnshift@=\dimen259
\alignsep@=\dimen260
\tagshift@=\dimen261
\tagwidth@=\dimen262
\totwidth@=\dimen263
\lineht@=\dimen264
\@envbody=\toks23
\multlinegap=\skip107
\multlinetaggap=\skip108
\mathdisplay@stack=\toks24
LaTeX Info: Redefining \[ on input line 2953.
LaTeX Info: Redefining \] on input line 2954.
) (/opt/homebrew/Cellar/texlive/20230313_3/share/texmf-dist/tex/latex/amsfonts/amsfonts.sty
Package: amsfonts 2013/01/14 v3.01 Basic AMSFonts support
\symAMSa=\mathgroup4
\symAMSb=\mathgroup5
LaTeX Font Info:    Redeclaring math symbol \hbar on input line 98.
LaTeX Font Info:    Overwriting math alphabet `\mathfrak' in version `bold'
(Font)                  U/euf/m/n --> U/euf/b/n on input line 106.
) (/opt/homebrew/Cellar/texlive/20230313_3/share/texmf-dist/tex/latex/amsfonts/amssymb.sty
Package: amssymb 2013/01/14 v3.01 AMS font symbols
) (/opt/homebrew/Cellar/texlive/20230313_3/share/texmf-dist/tex/latex/booktabs/booktabs.sty
Package: booktabs 2020/01/12 v1.61803398 Publication quality tables
\heavyrulewidth=\dimen265
\lightrulewidth=\dimen266
\cmidrulewidth=\dimen267
\belowrulesep=\dimen268
\belowbottomsep=\dimen269
\aboverulesep=\dimen270
\abovetopsep=\dimen271
\cmidrulesep=\dimen272
\cmidrulekern=\dimen273
\defaultaddspace=\dimen274
\@cmidla=\count319
\@cmidlb=\count320
\@aboverulesep=\dimen275
\@belowrulesep=\dimen276
\@thisruleclass=\count321
\@lastruleclass=\count322
\@thisrulewidth=\dimen277
) (/opt/homebrew/Cellar/texlive/20230313_3/share/texmf-dist/tex/latex/multirow/multirow.sty
Package: multirow 2021/03/15 v2.8 Span multiple rows of a table
\multirow@colwidth=\skip109
\multirow@cntb=\count323
\multirow@dima=\skip110
\bigstrutjot=\dimen278
) (/opt/homebrew/Cellar/texlive/20230313_3/share/texmf-dist/tex/latex/tools/tabularx.sty
Package: tabularx 2020/01/15 v2.11c `tabularx' package (DPC)
 (/opt/homebrew/Cellar/texlive/20230313_3/share/texmf-dist/tex/latex/tools/array.sty
Package: array 2022/09/04 v2.5g Tabular extension package (FMi)
\col@sep=\dimen279
\ar@mcellbox=\box58
\extrarowheight=\dimen280
\NC@list=\toks25
\extratabsurround=\skip111
\backup@length=\skip112
\ar@cellbox=\box59
)
\TX@col@width=\dimen281
\TX@old@table=\dimen282
\TX@old@col=\dimen283
\TX@target=\dimen284
\TX@delta=\dimen285
\TX@cols=\count324
\TX@ftn=\toks26
) (/opt/homebrew/Cellar/texlive/20230313_3/share/texmf-dist/tex/latex/float/float.sty
Package: float 2001/11/08 v1.3d Float enhancements (AL)
\c@float@type=\count325
\float@exts=\toks27
\float@box=\box60
\@float@everytoks=\toks28
\@floatcapt=\box61
)

LaTeX Warning: Unused global option(s):
    [UTF8].

No file Thesis.aux.
\openout1 = `Thesis.aux'.

LaTeX Font Info:    Checking defaults for OML/cmm/m/it on input line 23.
LaTeX Font Info:    ... okay on input line 23.
LaTeX Font Info:    Checking defaults for OMS/cmsy/m/n on input line 23.
LaTeX Font Info:    ... okay on input line 23.
LaTeX Font Info:    Checking defaults for OT1/cmr/m/n on input line 23.
LaTeX Font Info:    ... okay on input line 23.
LaTeX Font Info:    Checking defaults for T1/cmr/m/n on input line 23.
LaTeX Font Info:    ... okay on input line 23.
LaTeX Font Info:    Checking defaults for TS1/cmr/m/n on input line 23.
LaTeX Font Info:    Trying to load font information for TS1+cmr on input line 23.
(/opt/homebrew/Cellar/texlive/20230313_3/share/texmf-dist/tex/latex/base/ts1cmr.fd
File: ts1cmr.fd 2022/07/10 v2.5l Standard LaTeX font definitions
)
LaTeX Font Info:    ... okay on input line 23.
LaTeX Font Info:    Checking defaults for TU/lmr/m/n on input line 23.
LaTeX Font Info:    ... okay on input line 23.
LaTeX Font Info:    Checking defaults for OMX/cmex/m/n on input line 23.
LaTeX Font Info:    ... okay on input line 23.
LaTeX Font Info:    Checking defaults for U/cmr/m/n on input line 23.
LaTeX Font Info:    ... okay on input line 23.
LaTeX Font Info:    Checking defaults for PD1/pdf/m/n on input line 23.
LaTeX Font Info:    ... okay on input line 23.
LaTeX Font Info:    Checking defaults for PU/pdf/m/n on input line 23.
LaTeX Font Info:    ... okay on input line 23.

*geometry* driver: auto-detecting
*geometry* detected driver: xetex
*geometry* verbose mode - [ preamble ] result:
* driver: xetex
* paper: a4paper
* layout: <same size as paper>
* layoutoffset:(h,v)=(0.0pt,0.0pt)
* modes: twoside 
* h-part:(L,W,R)=(91.04872pt, 415.41043pt, 91.04872pt)
* v-part:(T,H,B)=(108.12054pt, 628.80576pt, 108.12054pt)
* \paperwidth=597.50787pt
* \paperheight=845.04684pt
* \textwidth=415.41043pt
* \textheight=628.80576pt
* \oddsidemargin=18.77873pt
* \evensidemargin=18.77873pt
* \topmargin=3.78307pt
* \headheight=14.0pt
* \headsep=18.06749pt
* \topskip=10.0pt
* \footskip=28.45274pt
* \marginparwidth=125.0pt
* \marginparsep=7.0pt
* \columnsep=10.0pt
* \skip\footins=9.0pt plus 4.0pt minus 2.0pt
* \hoffset=0.0pt
* \voffset=8.5359pt
* \mag=1000
* \@twocolumnfalse
* \@twosidetrue
* \@mparswitchtrue
* \@reversemarginfalse
* (1in=72.27pt=25.4mm, 1cm=28.453pt)

Package caption Info: Begin \AtBeginDocument code.
Package caption Info: float package is loaded.
Package caption Info: hyperref package is loaded.
Package caption Info: End \AtBeginDocument code.
Package hyperref Info: Link coloring OFF on input line 23.
\@outlinefile=\write3
\openout3 = `Thesis.out'.


Package hyperref Warning: Rerun to get /PageLabels entry.

*geometry* verbose mode - [ newgeometry ] result:
* driver: xetex
* paper: a4paper
* layout: <same size as paper>
* layoutoffset:(h,v)=(0.0pt,0.0pt)
* modes: twoside 
* h-part:(L,W,R)=(68.28644pt, 466.62547pt, 62.59596pt)
* v-part:(T,H,B)=(91.04872pt, 680.0208pt, 73.97733pt)
* \paperwidth=597.50787pt
* \paperheight=845.04684pt
* \textwidth=466.62547pt
* \textheight=680.0208pt
* \oddsidemargin=-3.98355pt
* \evensidemargin=-9.67403pt
* \topmargin=-13.28876pt
* \headheight=14.0pt
* \headsep=18.06749pt
* \topskip=10.0pt
* \footskip=28.45274pt
* \marginparwidth=125.0pt
* \marginparsep=7.0pt
* \columnsep=10.0pt
* \skip\footins=9.0pt plus 4.0pt minus 2.0pt
* \hoffset=0.0pt
* \voffset=8.5359pt
* \mag=1000
* \@twocolumnfalse
* \@twosidetrue
* \@mparswitchtrue
* \@reversemarginfalse
* (1in=72.27pt=25.4mm, 1cm=28.453pt)


Package fontspec Info: Font family 'Kaiti_GB2312.ttf(0)' created for font
(fontspec)             'Kaiti_GB2312.ttf' with options
(fontspec)             [Script={CJK},Path={./fonts/},AutoFakeBold={2},AutoFakeSlant={0.167}].
(fontspec)              
(fontspec)              This font family consists of the following NFSS
(fontspec)             series/shapes:
(fontspec)              
(fontspec)             - 'normal' (m/n) with NFSS spec.:
(fontspec)             <->"[./fonts/Kaiti_GB2312.ttf]/OT:script=hani;language=dflt;"
(fontspec)             - 'small caps'  (m/sc) with NFSS spec.: 
(fontspec)             - 'bold' (b/n) with NFSS spec.:
(fontspec)             <->"[./fonts/Kaiti_GB2312.ttf]/OT:script=hani;language=dflt;embolden=2;"
(fontspec)             - 'bold small caps'  (b/sc) with NFSS spec.: 
(fontspec)             - 'italic' (m/it) with NFSS spec.:
(fontspec)             <->"[./fonts/Kaiti_GB2312.ttf]/OT:script=hani;language=dflt;slant=0.167;"
(fontspec)             - 'italic small caps'  (m/scit) with NFSS spec.: 
(fontspec)             - 'bold italic' (b/it) with NFSS spec.:
(fontspec)             <->"[./fonts/Kaiti_GB2312.ttf]/OT:script=hani;language=dflt;embolden=2;slant=0.167;"
(fontspec)             - 'bold italic small caps'  (b/scit) with NFSS spec.: 

LaTeX Font Info:    Calculating math sizes for size <10.5> on input line 25.
LaTeX Font Info:    Trying to load font information for OT1+lmr on input line 25.
(/opt/homebrew/Cellar/texlive/20230313_3/share/texmf-dist/tex/latex/lm/ot1lmr.fd
File: ot1lmr.fd 2015/05/01 v1.6.1 Font defs for Latin Modern
)
LaTeX Font Info:    Trying to load font information for OML+lmm on input line 25.
 (/opt/homebrew/Cellar/texlive/20230313_3/share/texmf-dist/tex/latex/lm/omllmm.fd
File: omllmm.fd 2015/05/01 v1.6.1 Font defs for Latin Modern
)
LaTeX Font Info:    Trying to load font information for OMS+lmsy on input line 25.
 (/opt/homebrew/Cellar/texlive/20230313_3/share/texmf-dist/tex/latex/lm/omslmsy.fd
File: omslmsy.fd 2015/05/01 v1.6.1 Font defs for Latin Modern
)
LaTeX Font Info:    Trying to load font information for OMX+lmex on input line 25.
 (/opt/homebrew/Cellar/texlive/20230313_3/share/texmf-dist/tex/latex/lm/omxlmex.fd
File: omxlmex.fd 2015/05/01 v1.6.1 Font defs for Latin Modern
)
LaTeX Font Info:    External font `lmex10' loaded for size
(Font)              <10.5> on input line 25.
LaTeX Font Info:    External font `lmex10' loaded for size
(Font)              <7.34996> on input line 25.
LaTeX Font Info:    External font `lmex10' loaded for size
(Font)              <5.25> on input line 25.
LaTeX Font Info:    Trying to load font information for U+msa on input line 25.
 (/opt/homebrew/Cellar/texlive/20230313_3/share/texmf-dist/tex/latex/amsfonts/umsa.fd
File: umsa.fd 2013/01/14 v3.01 AMS symbols A
)
LaTeX Font Info:    Trying to load font information for U+msb on input line 25.
 (/opt/homebrew/Cellar/texlive/20230313_3/share/texmf-dist/tex/latex/amsfonts/umsb.fd
File: umsb.fd 2013/01/14 v3.01 AMS symbols B
)
LaTeX Font Info:    External font `lmex10' loaded for size
(Font)              <10> on input line 25.
LaTeX Font Info:    External font `lmex10' loaded for size
(Font)              <7> on input line 25.
LaTeX Font Info:    External font `lmex10' loaded for size
(Font)              <5> on input line 25.
File: covers/engineering_master.png Graphic file (type bmp)
<covers/engineering_master.png>

Package fontspec Info: Font family 'simhei.ttf(0)' created for font
(fontspec)             'simhei.ttf' with options
(fontspec)             [Script={CJK},Path={./fonts/},AutoFakeBold={2},AutoFakeSlant={0.167}].
(fontspec)              
(fontspec)              This font family consists of the following NFSS
(fontspec)             series/shapes:
(fontspec)              
(fontspec)             - 'normal' (m/n) with NFSS spec.:
(fontspec)             <->"[./fonts/simhei.ttf]/OT:script=hani;language=dflt;"
(fontspec)             - 'small caps'  (m/sc) with NFSS spec.: 
(fontspec)             - 'bold' (b/n) with NFSS spec.:
(fontspec)             <->"[./fonts/simhei.ttf]/OT:script=hani;language=dflt;embolden=2;"
(fontspec)             - 'bold small caps'  (b/sc) with NFSS spec.: 
(fontspec)             - 'italic' (m/it) with NFSS spec.:
(fontspec)             <->"[./fonts/simhei.ttf]/OT:script=hani;language=dflt;slant=0.167;"
(fontspec)             - 'italic small caps'  (m/scit) with NFSS spec.: 
(fontspec)             - 'bold italic' (b/it) with NFSS spec.:
(fontspec)             <->"[./fonts/simhei.ttf]/OT:script=hani;language=dflt;embolden=2;slant=0.167;"
(fontspec)             - 'bold italic small caps'  (b/scit) with NFSS spec.: 


Underfull \hbox (badness 10000) detected at line 25
\TU/simhei.ttf(0)/b/n/14 作 者 姓 名
 []

LaTeX Font Info:    Calculating math sizes for size <14> on input line 25.
LaTeX Font Info:    External font `lmex10' loaded for size
(Font)              <14> on input line 25.
LaTeX Font Info:    External font `lmex10' loaded for size
(Font)              <9.79996> on input line 25.

Underfull \hbox (badness 10000) detected at line 25
\TU/simhei.ttf(0)/b/n/14 指 导 教 师
 []


Underfull \hbox (badness 10000) detected at line 25
\TU/simsun.ttc(0)/b/n/14 教 授
 []


Underfull \hbox (badness 10000) detected at line 25
\TU/simhei.ttf(0)/b/n/14 合 作 教 师
 []


Underfull \hbox (badness 10000) detected at line 25
\TU/simsun.ttc(0)/b/n/14 讲 师
 []


Underfull \hbox (badness 10000) detected at line 25
\TU/simhei.ttf(0)/b/n/14 实 践 教 师
 []


Underfull \hbox (badness 10000) detected at line 25
\TU/simhei.ttf(0)/b/n/14 研 究 方 向
 []


Underfull \hbox (badness 10000) detected at line 25
\TU/simhei.ttf(0)/b/n/14 所 在 学 院
 []

[1


]
\openout2 = `abstract.aux'.

 (./abstract.tex
Underfull \vbox (badness 10000) has occurred while \output is active []

 [1



] [2]
Underfull \vbox (badness 10000) has occurred while \output is active []

 [3


]
Underfull \hbox (badness 6893) in paragraph at lines 34--34
\TU/TimesNewRoman(0)/b/n/12 Keywords: \TU/TimesNewRoman(0)/m/n/12 Meshfree method;Hellinger-Reissner variational principle;Essential
 []

[4])
No file Thesis.toc.
\tf@toc=\write4
\openout4 = `Thesis.toc'.

[5



] [6

]
\openout2 = `Introduction.aux'.

 (./Introduction.tex
Chapter 1.

Package natbib Warning: Citation `hughes2000' on page 1 undefined on input line 4.


Package natbib Warning: Citation `2014Computer' on page 1 undefined on input line 4.


Package natbib Warning: Citation `stein2018' on page 1 undefined on input line 4.


Package natbib Warning: Citation `2013Nonlinear' on page 1 undefined on input line 4.

LaTeX Font Info:    External font `lmex10' loaded for size
(Font)              <12> on input line 7.
LaTeX Font Info:    External font `lmex10' loaded for size
(Font)              <8> on input line 7.
LaTeX Font Info:    External font `lmex10' loaded for size
(Font)              <6> on input line 7.

Package natbib Warning: Citation `chen2017' on page 1 undefined on input line 9.


Package natbib Warning: Citation `belytschkoMeshlessMethodsOverview1996b' on page 1 undefined on input line 9.


Package natbib Warning: Citation `邓立克2019薄板分析的线性基梯度光滑伽辽金无网格法' on page 1 undefined on input line 10.


Package natbib Warning: Citation `陈嵩涛2020几何非线性分析的高效高阶无网格法' on page 1 undefined on input line 12.


Package natbib Warning: Citation `GaoXin2018' on page 1 undefined on input line 12.


Package natbib Warning: Citation `1977A' on page 1 undefined on input line 15.


Package natbib Warning: Citation `gingold1977' on page 1 undefined on input line 15.


Package natbib Warning: Citation `auricchio2010a' on page 1 undefined on input line 16.


Package natbib Warning: Citation `wang2018a' on page 1 undefined on input line 16.


Package natbib Warning: Citation `wang2020' on page 1 undefined on input line 16.


Package natbib Warning: Citation `gomez2016' on page 1 undefined on input line 16.


Underfull \vbox (badness 10000) has occurred while \output is active []

 [1


]

Package natbib Warning: Citation `nayroles1992' on page 2 undefined on input line 18.


Package natbib Warning: Citation `belytschko1994' on page 2 undefined on input line 19.


Package natbib Warning: Citation `de2001' on page 2 undefined on input line 20.


Package natbib Warning: Citation `carpinteri2002' on page 2 undefined on input line 20.


Package natbib Warning: Citation `WangBingBing2019' on page 2 undefined on input line 20.


Package natbib Warning: Citation `melenk1996' on page 2 undefined on input line 20.


Package natbib Warning: Citation `WuJunChao2016' on page 2 undefined on input line 20.


Package natbib Warning: Citation `wang2016' on page 2 undefined on input line 20.


Package natbib Warning: Citation `wang2019' on page 2 undefined on input line 20.


Package natbib Warning: Citation `chen2001' on page 2 undefined on input line 20.


Package natbib Warning: Citation `chen2013' on page 2 undefined on input line 20.


Package natbib Warning: Citation `duan2012' on page 2 undefined on input line 20.


Package natbib Warning: Citation `duan2014' on page 2 undefined on input line 20.


Package natbib Warning: Citation `liu1995' on page 2 undefined on input line 22.


Package natbib Warning: Citation `melenk1996' on page 2 undefined on input line 23.


Package natbib Warning: Citation `babuska1997' on page 2 undefined on input line 23.


Package natbib Warning: Citation `strouboulis2001' on page 2 undefined on input line 23.


Package natbib Warning: Citation `sukumar1998' on page 2 undefined on input line 24.


Package natbib Warning: Citation `long2002' on page 2 undefined on input line 26.


Package natbib Warning: Citation `liu2006' on page 2 undefined on input line 27.


Package natbib Warning: Citation `millan2011' on page 2 undefined on input line 28.


Package natbib Warning: Citation `oh2012' on page 2 undefined on input line 29.


Package natbib Warning: Citation `chen2015' on page 2 undefined on input line 30.


Package natbib Warning: Citation `thai2016' on page 2 undefined on input line 31.


Package natbib Warning: Citation `wang2020' on page 2 undefined on input line 32.


Package natbib Warning: Citation `wang2021' on page 2 undefined on input line 32.


Package natbib Warning: Citation `ChengYuMin2005' on page 2 undefined on input line 33.


Package natbib Warning: Citation `TanXianYun2011' on page 2 undefined on input line 33.


Package natbib Warning: Citation `LianYanPing2013' on page 2 undefined on input line 33.


Package natbib Warning: Citation `ZhangXiong2017' on page 2 undefined on input line 33.


Package natbib Warning: Citation `GaoXiaoWei2019' on page 2 undefined on input line 33.


Package natbib Warning: Citation `nguyen2008' on page 2 undefined on input line 33.


Package natbib Warning: Citation `liu2009' on page 2 undefined on input line 33.


Package natbib Warning: Citation `张雄2009无网格法的理论及应用' on page 2 undefined on input line 33.


Package natbib Warning: Citation `wang2014' on page 2 undefined on input line 33.


Package natbib Warning: Citation `yreux2017' on page 2 undefined on input line 33.


Package natbib Warning: Citation `koester2019' on page 2 undefined on input line 33.


Package natbib Warning: Citation `rohit2020' on page 2 undefined on input line 33.


Package natbib Warning: Citation `王莉华2021配点型无网格法理论和研究进展' on page 2 undefined on input line 33.


Package natbib Warning: Citation `LiuYuXiang2021' on page 2 undefined on input line 33.


Package natbib Warning: Citation `朱志辉2021基于' on page 2 undefined on input line 33.


Package natbib Warning: Citation `sriram2021' on page 2 undefined on input line 33.


Package natbib Warning: Citation `ChenJian2022' on page 2 undefined on input line 33.


Package natbib Warning: Citation `LiYuDong2022' on page 2 undefined on input line 33.


Underfull \vbox (badness 10000) has occurred while \output is active []

 [2]

Package natbib Warning: Citation `babuska2008' on page 3 undefined on input line 35.


Package natbib Warning: Citation `wu2021' on page 3 undefined on input line 35.


Package natbib Warning: Citation `1999Numerical' on page 3 undefined on input line 37.


Package natbib Warning: Citation `chen2001' on page 3 undefined on input line 40.


Package natbib Warning: Citation `陈嵩涛2020几何非线性分析的高效高阶无网格法' on page 3 undefined on input line 41.


Package natbib Warning: Citation `duan2012' on page 3 undefined on input line 41.


Package natbib Warning: Citation `wang2019' on page 3 undefined on input line 42.


Package natbib Warning: Citation `wang2023' on page 3 undefined on input line 43.


Underfull \vbox (badness 10000) has occurred while \output is active []

 [3]

Package natbib Warning: Citation `chen1996' on page 4 undefined on input line 45.


Package natbib Warning: Citation `wang2016' on page 4 undefined on input line 47.


Package natbib Warning: Citation `CaoYang2020' on page 4 undefined on input line 50.


Package natbib Warning: Citation `fernandez-mendez2004' on page 4 undefined on input line 50.


Package natbib Warning: Citation `kaljevic1997' on page 4 undefined on input line 50.


Package natbib Warning: Citation `liu2019' on page 4 undefined on input line 50.


Package natbib Warning: Citation `ChenXinXin2021' on page 4 undefined on input line 50.


Package natbib Warning: Citation `ChengYuMin2005' on page 4 undefined on input line 50.


Package natbib Warning: Citation `HuangJuan2007' on page 4 undefined on input line 50.


Package natbib Warning: Citation `chen2000' on page 4 undefined on input line 50.


Package natbib Warning: Citation `chen2001' on page 4 undefined on input line 52.


Package natbib Warning: Citation `陈嵩涛2020几何非线性分析的高效高阶无网格法' on page 4 undefined on input line 52.


Package natbib Warning: Citation `duan2012' on page 4 undefined on input line 52.


Package natbib Warning: Citation `chen2013' on page 4 undefined on input line 52.


Package natbib Warning: Citation `wang2016' on page 4 undefined on input line 52.


Package natbib Warning: Citation `wang2019' on page 4 undefined on input line 52.


Package natbib Warning: Citation `WuJunChao2016' on page 4 undefined on input line 52.


Package natbib Warning: Citation `hillman2021' on page 4 undefined on input line 52.


Package natbib Warning: Citation `chen2001' on page 4 undefined on input line 55.


Underfull \vbox (badness 10000) has occurred while \output is active []

 [4]

Package natbib Warning: Citation `陈嵩涛2020几何非线性分析的高效高阶无网格法' on page 5 undefined on input line 57.


Package natbib Warning: Citation `duan2012' on page 5 undefined on input line 57.


Package natbib Warning: Citation `wang2019' on page 5 undefined on input line 59.


Package natbib Warning: Citation `belytschko1994' on page 5 undefined on input line 62.


Package natbib Warning: Citation `zhu1998' on page 5 undefined on input line 63.


Package natbib Warning: Citation `fernandez-mendez2004' on page 5 undefined on input line 64.


Package natbib Warning: Citation `fernandez-mendez2004' on page 5 undefined on input line 65.


Package natbib Warning: Citation `hillman2021' on page 5 undefined on input line 65.


Package natbib Warning: Citation `chen1996' on page 5 undefined on input line 65.


Package natbib Warning: Citation `wang2015' on page 5 undefined on input line 65.


Underfull \vbox (badness 10000) has occurred while \output is active []

 [5]
Underfull \vbox (badness 10000) has occurred while \output is active []

 [6]) [7]
\openout2 = `Nomesh.aux'.

 (./Nomesh.tex [8




]
Chapter 2.

LaTeX Warning: Reference `nomeshpoint' on page 9 undefined on input line 4.

File: Figure/nomesh/point.png Graphic file (type bmp)
<Figure/nomesh/point.png>

Package natbib Warning: Citation `liu1995' on page 9 undefined on input line 17.

[9]

LaTeX Warning: Reference `shapefunction' on page 10 undefined on input line 48.


LaTeX Warning: Reference `shapefunction' on page 10 undefined on input line 52.


LaTeX Warning: Reference `regeneration conditions' on page 10 undefined on input line 52.

[10]

LaTeX Warning: Reference `c' on page 11 undefined on input line 60.


LaTeX Warning: Reference `shapefunction' on page 11 undefined on input line 60.

File: figure/nomesh/quadratic25/1.png Graphic file (type bmp)
<figure/nomesh/quadratic25/1.png>
File: figure/nomesh/cubic41/1.png Graphic file (type bmp)
<figure/nomesh/cubic41/1.png>
File: figure/nomesh/quartic61/1.png Graphic file (type bmp)
<figure/nomesh/quartic61/1.png>
File: figure/nomesh/quadratic25/2.png Graphic file (type bmp)
<figure/nomesh/quadratic25/2.png>
File: figure/nomesh/cubic41/2.png Graphic file (type bmp)
<figure/nomesh/cubic41/2.png>
File: figure/nomesh/quartic61/2.png Graphic file (type bmp)
<figure/nomesh/quartic61/2.png>
File: figure/nomesh/quadratic25/3.png Graphic file (type bmp)
<figure/nomesh/quadratic25/3.png>
File: figure/nomesh/cubic41/3.png Graphic file (type bmp)
<figure/nomesh/cubic41/3.png>
File: figure/nomesh/quartic61/3.png Graphic file (type bmp)
<figure/nomesh/quartic61/3.png>
File: figure/nomesh/quadratic25/4.png Graphic file (type bmp)
<figure/nomesh/quadratic25/4.png>
File: figure/nomesh/cubic41/4.png Graphic file (type bmp)
<figure/nomesh/cubic41/4.png>
File: figure/nomesh/quartic61/4.png Graphic file (type bmp)
<figure/nomesh/quartic61/4.png>
File: figure/nomesh/quadratic25/5.png Graphic file (type bmp)
<figure/nomesh/quadratic25/5.png>
File: figure/nomesh/cubic41/5.png Graphic file (type bmp)
<figure/nomesh/cubic41/5.png>
File: figure/nomesh/quartic61/5.png Graphic file (type bmp)
<figure/nomesh/quartic61/5.png>
File: figure/nomesh/quadratic25/6.png Graphic file (type bmp)
<figure/nomesh/quadratic25/6.png>
File: figure/nomesh/cubic41/6.png Graphic file (type bmp)
<figure/nomesh/cubic41/6.png>
File: figure/nomesh/quartic61/6.png Graphic file (type bmp)
<figure/nomesh/quartic61/6.png>

Overfull \hbox (26.18524pt too wide) in paragraph at lines 91--112
 [][] 
 []

File: figure/nomesh/quadratic46/1.png Graphic file (type bmp)
<figure/nomesh/quadratic46/1.png>
File: figure/nomesh/cubic77/1.png Graphic file (type bmp)
<figure/nomesh/cubic77/1.png>
File: figure/nomesh/quartic116/1.png Graphic file (type bmp)
<figure/nomesh/quartic116/1.png>
File: figure/nomesh/quadratic46/2.png Graphic file (type bmp)
<figure/nomesh/quadratic46/2.png>
File: figure/nomesh/cubic77/2.png Graphic file (type bmp)
<figure/nomesh/cubic77/2.png>
File: figure/nomesh/quartic116/2.png Graphic file (type bmp)
<figure/nomesh/quartic116/2.png>
File: figure/nomesh/quadratic46/3.png Graphic file (type bmp)
<figure/nomesh/quadratic46/3.png>
File: figure/nomesh/cubic77/3.png Graphic file (type bmp)
<figure/nomesh/cubic77/3.png>
File: figure/nomesh/quartic116/3.png Graphic file (type bmp)
<figure/nomesh/quartic116/3.png>
File: figure/nomesh/quadratic46/4.png Graphic file (type bmp)
<figure/nomesh/quadratic46/4.png>
File: figure/nomesh/cubic77/4.png Graphic file (type bmp)
<figure/nomesh/cubic77/4.png>
File: figure/nomesh/quartic116/4.png Graphic file (type bmp)
<figure/nomesh/quartic116/4.png>
File: figure/nomesh/quadratic46/5.png Graphic file (type bmp)
<figure/nomesh/quadratic46/5.png>
File: figure/nomesh/cubic77/5.png Graphic file (type bmp)
<figure/nomesh/cubic77/5.png>
File: figure/nomesh/quartic116/5.png Graphic file (type bmp)
<figure/nomesh/quartic116/5.png>
File: figure/nomesh/quadratic46/6.png Graphic file (type bmp)
<figure/nomesh/quadratic46/6.png>
File: figure/nomesh/cubic77/6.png Graphic file (type bmp)
<figure/nomesh/cubic77/6.png>
File: figure/nomesh/quartic116/6.png Graphic file (type bmp)
<figure/nomesh/quartic116/6.png>

Overfull \hbox (26.18524pt too wide) in paragraph at lines 116--137
 [][] 
 []


LaTeX Warning: Reference `gradient1' on page 11 undefined on input line 139.


LaTeX Warning: Reference `gradient2' on page 11 undefined on input line 139.

[11] [12] [13]

LaTeX Warning: Reference `elasticity problems' on page 14 undefined on input line 171.


LaTeX Warning: Reference `elasticity potential functional' on page 14 undefined on input line 175.


LaTeX Warning: Reference `elasticity problems' on page 14 undefined on input line 175.


LaTeX Warning: Reference `displacement vector' on page 14 undefined on input line 183.


LaTeX Warning: Reference `CH2-strain' on page 14 undefined on input line 183.

[14]

LaTeX Warning: Reference `displacement vector' on page 15 undefined on input line 187.


LaTeX Warning: Reference `strainh' on page 15 undefined on input line 187.


LaTeX Warning: Reference `elasticity weak form' on page 15 undefined on input line 187.


LaTeX Warning: Reference `plate' on page 15 undefined on input line 215.


Package natbib Warning: Citation `ventsel2002' on page 15 undefined on input line 215.

[15]
File: figure/nomesh/plate.png Graphic file (type bmp)
<figure/nomesh/plate.png>

Overfull \hbox (9.23383pt too wide) in paragraph at lines 229--230
 [][] 
 []

[16]

LaTeX Warning: Reference `P control equation' on page 17 undefined on input line 267.


LaTeX Warning: Reference `Pshineng' on page 17 undefined on input line 272.


LaTeX Warning: Reference `P control equation' on page 17 undefined on input line 272.


LaTeX Warning: Reference `Pwuwangelisan' on page 17 undefined on input line 284.


LaTeX Warning: Reference `kappa' on page 17 undefined on input line 284.


LaTeX Warning: Reference `wn' on page 17 undefined on input line 288.


LaTeX Warning: Reference `Malphabeta' on page 17 undefined on input line 288.


LaTeX Warning: Reference `Pwuwangelisan' on page 17 undefined on input line 288.


LaTeX Warning: Reference `Pweakform' on page 17 undefined on input line 288.

[17]

LaTeX Warning: Reference `Dplanestress' on page 18 undefined on input line 299.

) [18]
\openout2 = `Boundaryconditions.aux'.

 (./Boundaryconditions.tex
Chapter 3.

Package natbib Warning: Citation `belytschko1994' on page 19 undefined on input line 5.


LaTeX Warning: Reference `elasticity potential functional' on page 19 undefined on input line 5.


LaTeX Warning: Reference `Elambda' on page 19 undefined on input line 11.


LaTeX Warning: Reference `displacement vector' on page 19 undefined on input line 21.


LaTeX Warning: Reference `strainh' on page 19 undefined on input line 21.


LaTeX Warning: Reference `strain vector' on page 19 undefined on input line 21.


LaTeX Warning: Reference `lambdalisan' on page 19 undefined on input line 21.


LaTeX Warning: Reference `Elambda weakform' on page 19 undefined on input line 21.


LaTeX Warning: Reference `EKf' on page 19 undefined on input line 27.

[19




]

LaTeX Warning: Reference `Pshineng' on page 20 undefined on input line 36.


LaTeX Warning: Reference `Plambda' on page 20 undefined on input line 42.


LaTeX Warning: Reference `wn' on page 20 undefined on input line 57.


LaTeX Warning: Reference `Malphabeta' on page 20 undefined on input line 57.


LaTeX Warning: Reference `Pwuwangelisan' on page 20 undefined on input line 57.


LaTeX Warning: Reference `lambda_3' on page 20 undefined on input line 57.


LaTeX Warning: Reference `Plambda weakform' on page 20 undefined on input line 57.


LaTeX Warning: Reference `PKf' on page 20 undefined on input line 73.


Underfull \vbox (badness 10000) has occurred while \output is active []

 [20]

Package natbib Warning: Citation `zhu1998' on page 21 undefined on input line 87.


LaTeX Warning: Reference `elasticity potential functional' on page 21 undefined on input line 87.


LaTeX Warning: Reference `Epenalty' on page 21 undefined on input line 91.


LaTeX Warning: Reference `displacement vector' on page 21 undefined on input line 96.


LaTeX Warning: Reference `strainh' on page 21 undefined on input line 96.


LaTeX Warning: Reference `strain vector' on page 21 undefined on input line 96.


LaTeX Warning: Reference `Epenalty weakform' on page 21 undefined on input line 96.


LaTeX Warning: Reference `EKf' on page 21 undefined on input line 100.


Underfull \vbox (badness 2932) has occurred while \output is active []

 [21]

LaTeX Warning: Reference `Pshineng' on page 22 undefined on input line 107.


LaTeX Warning: Reference `Ppenalty' on page 22 undefined on input line 112.


LaTeX Warning: Reference `wn' on page 22 undefined on input line 120.


LaTeX Warning: Reference `Malphabeta' on page 22 undefined on input line 120.


LaTeX Warning: Reference `Pwuwangelisan' on page 22 undefined on input line 120.


LaTeX Warning: Reference `Ppenalty weakform' on page 22 undefined on input line 120.


LaTeX Warning: Reference `PKf' on page 22 undefined on input line 124.


Package natbib Warning: Citation `fernandez-mendez2004' on page 22 undefined on input line 135.

[22]

LaTeX Warning: Reference `Elambda weakform' on page 23 undefined on input line 137.


LaTeX Warning: Reference `Enitsche' on page 23 undefined on input line 141.


LaTeX Warning: Reference `displacement vector' on page 23 undefined on input line 149.


LaTeX Warning: Reference `strainh' on page 23 undefined on input line 149.


LaTeX Warning: Reference `strain vector' on page 23 undefined on input line 149.


LaTeX Warning: Reference `Enitsche weakform' on page 23 undefined on input line 149.


LaTeX Warning: Reference `EKf' on page 23 undefined on input line 153.


LaTeX Warning: Reference `EKFs' on page 23 undefined on input line 153.


LaTeX Warning: Reference `Pweakform' on page 23 undefined on input line 167.


LaTeX Warning: Reference `Qn' on page 23 undefined on input line 175.


LaTeX Warning: Reference `Mn' on page 23 undefined on input line 175.


LaTeX Warning: Reference `Malphabeta' on page 23 undefined on input line 175.


LaTeX Warning: Reference `Dalphabeta' on page 23 undefined on input line 175.


LaTeX Warning: Reference `P control equation' on page 23 undefined on input line 175.

[23]

LaTeX Warning: Reference `Pnitsche' on page 24 undefined on input line 192.


LaTeX Warning: Reference `Pwuwangelisan' on page 24 undefined on input line 201.


LaTeX Warning: Reference `wn' on page 24 undefined on input line 201.


LaTeX Warning: Reference `kangwangangdu' on page 24 undefined on input line 201.


LaTeX Warning: Reference `MVP' on page 24 undefined on input line 201.


LaTeX Warning: Reference `MVP1' on page 24 undefined on input line 201.


LaTeX Warning: Reference `PKf' on page 24 undefined on input line 205.


LaTeX Warning: Reference `PKFs' on page 24 undefined on input line 205.


LaTeX Warning: Reference `Pitsche weakform' on page 24 undefined on input line 205.

[24]) [25]
\openout2 = `elasticHR.aux'.

 (./elasticHR.tex [26




]
Chapter 4.

Package natbib Warning: Citation `钱伟长1985广义变分原理' on page 27 undefined on input line 5.


LaTeX Warning: Reference `elasticity problems' on page 27 undefined on input line 5.


LaTeX Warning: Reference `Dalphabeta' on page 27 undefined on input line 9.


LaTeX Warning: Reference `Ehellinger' on page 27 undefined on input line 15.


LaTeX Warning: Reference `EGeometric relationships' on page 27 undefined on input line 24.

[27]

LaTeX Warning: Reference `Pshapefunction' on page 28 undefined on input line 37.


LaTeX Warning: Reference `Eintegralscheme' on page 28 undefined on input line 42.


LaTeX Warning: Reference `CH4-sigma' on page 28 undefined on input line 50.


LaTeX Warning: Reference `CH4-ui' on page 28 undefined on input line 50.


LaTeX Warning: Reference `deltasigma' on page 28 undefined on input line 50.


Underfull \vbox (badness 10000) has occurred while \output is active []

 [28]

LaTeX Warning: Reference `a' on page 29 undefined on input line 74.


LaTeX Warning: Reference `aij' on page 29 undefined on input line 87.


LaTeX Warning: Reference `CH4-sigma' on page 29 undefined on input line 87.


LaTeX Warning: Reference `constitutive relation' on page 29 undefined on input line 88.


LaTeX Warning: Reference `CH2-strain' on page 29 undefined on input line 88.


Package natbib Warning: Citation `wang2019' on page 29 undefined on input line 109.

[29]

LaTeX Warning: Reference `weak form1' on page 30 undefined on input line 112.


LaTeX Warning: Reference `CH4-ui' on page 30 undefined on input line 114.


LaTeX Warning: Reference `CH4-sigma' on page 30 undefined on input line 114.


LaTeX Warning: Reference `deltau' on page 30 undefined on input line 114.


Package amsmath Warning: Cannot use `split' here;
(amsmath)                trying to recover with `aligned' on input line 121.


LaTeX Warning: Reference `g2' on page 30 undefined on input line 125.


LaTeX Warning: Reference `g3' on page 30 undefined on input line 125.


LaTeX Warning: Reference `CH4-1' on page 30 undefined on input line 125.


LaTeX Warning: Reference `aij' on page 30 undefined on input line 129.


LaTeX Warning: Reference `1' on page 30 undefined on input line 129.

[30]

LaTeX Warning: Reference `g1' on page 31 undefined on input line 148.


LaTeX Warning: Reference `case2' on page 31 undefined on input line 148.


LaTeX Warning: Reference `1' on page 31 undefined on input line 149.


LaTeX Warning: Reference `inference' on page 31 undefined on input line 149.


LaTeX Warning: Reference `CH4-1' on page 31 undefined on input line 149.

[31]

LaTeX Warning: Reference `Ehr2' on page 32 undefined on input line 184.


LaTeX Warning: Reference `Enitschekv' on page 32 undefined on input line 184.


LaTeX Warning: Reference `Ehr3' on page 32 undefined on input line 186.


LaTeX Warning: Reference `EKFs' on page 32 undefined on input line 186.


Package natbib Warning: Citation `wang2019' on page 32 undefined on input line 188.


LaTeX Warning: Reference `Eintegralscheme' on page 32 undefined on input line 189.


LaTeX Warning: Reference `g1' on page 32 undefined on input line 191.


LaTeX Warning: Reference `equationE' on page 32 undefined on input line 191.

File: figure/EHR/Eintegralscheme.png Graphic file (type bmp)
<figure/EHR/Eintegralscheme.png>
[32]
Underfull \vbox (badness 10000) has occurred while \output is active []

 [33]

LaTeX Warning: Reference `patchtestmeshfree' on page 34 undefined on input line 213.

File: figure/EHR/patchtestmeshfree.png Graphic file (type bmp)
<figure/EHR/patchtestmeshfree.png>
[34]

LaTeX Warning: Reference `cantilever' on page 35 undefined on input line 277.


Underfull \vbox (badness 10000) has occurred while \output is active []

 [35]
File: figure/EHR/cantilever/cantilever.png Graphic file (type bmp)
<figure/EHR/cantilever/cantilever.png>


LaTeX Warning: Reference `cantilever' on page 36 undefined on input line 303.


LaTeX Warning: Reference `cantilever.mesh' on page 36 undefined on input line 304.

[36]
File: figure/EHR/cantilever/cantilever.mesh.png Graphic file (type bmp)
<figure/EHR/cantilever/cantilever.mesh.png>


LaTeX Warning: Reference `ECLH' on page 37 undefined on input line 311.


LaTeX Warning: Reference `ECcputime' on page 37 undefined on input line 314.


LaTeX Warning: Reference `ECefficiency' on page 37 undefined on input line 315.

File: figure/EHR/cantilever/L2.png Graphic file (type bmp)
<figure/EHR/cantilever/L2.png>
File: figure/EHR/cantilever/H1.png Graphic file (type bmp)
<figure/EHR/cantilever/H1.png>

LaTeX Warning: Hyper reference `ECL2' on page 37 undefined on input line 329.


LaTeX Warning: Reference `sub@ECL2' on page 37 undefined on input line 329.

LaTeX Font Info:    Calculating math sizes for size <11> on input line 329.
LaTeX Font Info:    External font `lmex10' loaded for size
(Font)              <11> on input line 329.
LaTeX Font Info:    External font `lmex10' loaded for size
(Font)              <7.69997> on input line 329.
LaTeX Font Info:    External font `lmex10' loaded for size
(Font)              <5.5> on input line 329.

LaTeX Warning: Hyper reference `ECH1' on page 37 undefined on input line 329.


LaTeX Warning: Reference `sub@ECH1' on page 37 undefined on input line 329.


LaTeX Warning: Hyper reference `ECL2' on page 37 undefined on input line 329.


LaTeX Warning: Reference `sub@ECL2' on page 37 undefined on input line 329.


LaTeX Warning: Hyper reference `ECH1' on page 37 undefined on input line 329.


LaTeX Warning: Reference `sub@ECH1' on page 37 undefined on input line 329.


Underfull \vbox (badness 10000) has occurred while \output is active []

 [37]
File: figure/EHR/cantilever/cputime.png Graphic file (type bmp)
<figure/EHR/cantilever/cputime.png>
File: figure/EHR/cantilever/efficiency.png Graphic file (type bmp)
<figure/EHR/cantilever/efficiency.png>


LaTeX Warning: Hyper reference `ECcputime' on page 38 undefined on input line 340.


LaTeX Warning: Reference `sub@ECcputime' on page 38 undefined on input line 340.


LaTeX Warning: Hyper reference `ECefficiency' on page 38 undefined on input line 340.


LaTeX Warning: Reference `sub@ECefficiency' on page 38 undefined on input line 340.


LaTeX Warning: Hyper reference `ECcputime' on page 38 undefined on input line 340.


LaTeX Warning: Reference `sub@ECcputime' on page 38 undefined on input line 340.


LaTeX Warning: Hyper reference `ECefficiency' on page 38 undefined on input line 340.


LaTeX Warning: Reference `sub@ECefficiency' on page 38 undefined on input line 340.


LaTeX Warning: Reference `hole' on page 38 undefined on input line 343.

[38]

LaTeX Warning: Reference `hole' on page 39 undefined on input line 369.

File: figure/EHR/hole/hole.png Graphic file (type bmp)
<figure/EHR/hole/hole.png>

LaTeX Warning: Reference `hole.mesh' on page 39 undefined on input line 376.

[39]
File: figure/EHR/hole/hole.mesh.png Graphic file (type bmp)
<figure/EHR/hole/hole.mesh.png>


LaTeX Warning: Reference `EHLH' on page 40 undefined on input line 383.


LaTeX Warning: Reference `Hcputime' on page 40 undefined on input line 387.


LaTeX Warning: Reference `Hefficiency' on page 40 undefined on input line 387.


LaTeX Warning: Reference `sigmaxx' on page 40 undefined on input line 389.

[40]
File: figure/EHR/hole/L2.png Graphic file (type bmp)
<figure/EHR/hole/L2.png>
File: figure/EHR/hole/H1.png Graphic file (type bmp)
<figure/EHR/hole/H1.png>


LaTeX Warning: Hyper reference `EHL2' on page 41 undefined on input line 400.


LaTeX Warning: Reference `sub@EHL2' on page 41 undefined on input line 400.


LaTeX Warning: Hyper reference `EHH1' on page 41 undefined on input line 400.


LaTeX Warning: Reference `sub@EHH1' on page 41 undefined on input line 400.


LaTeX Warning: Hyper reference `EHL2' on page 41 undefined on input line 400.


LaTeX Warning: Reference `sub@EHL2' on page 41 undefined on input line 400.


LaTeX Warning: Hyper reference `EHH1' on page 41 undefined on input line 400.


LaTeX Warning: Reference `sub@EHH1' on page 41 undefined on input line 400.

File: figure/EHR/hole/cputime.png Graphic file (type bmp)
<figure/EHR/hole/cputime.png>
File: figure/EHR/hole/efficiency.png Graphic file (type bmp)
<figure/EHR/hole/efficiency.png>

./elasticHR.tex:411: LaTeX Error: Something's wrong--perhaps a missing \item.

See the LaTeX manual or LaTeX Companion for explanation.
Type  H <return>  for immediate help.
 ...                                              
                                                  
l.411 ...与节点数的关系；\subref{Hefficiency} 边界条件施加效率分析}}
                                                  
Try typing  <return>  to proceed.
If that doesn't work, type  X <return>  to quit.


LaTeX Warning: Hyper reference `Hcputime' on page 41 undefined on input line 411.


LaTeX Warning: Reference `sub@Hcputime' on page 41 undefined on input line 411.


LaTeX Warning: Hyper reference `Hefficiency' on page 41 undefined on input line 411.


LaTeX Warning: Reference `sub@Hefficiency' on page 41 undefined on input line 411.


LaTeX Warning: Hyper reference `Hcputime' on page 41 undefined on input line 411.


LaTeX Warning: Reference `sub@Hcputime' on page 41 undefined on input line 411.


LaTeX Warning: Hyper reference `Hefficiency' on page 41 undefined on input line 411.


LaTeX Warning: Reference `sub@Hefficiency' on page 41 undefined on input line 411.

File: figure/EHR/hole/sigmaxx.png Graphic file (type bmp)
<figure/EHR/hole/sigmaxx.png>
[41])
Underfull \vbox (badness 10000) has occurred while \output is active []

 [42] [43]
\openout2 = `plateHR.aux'.

 (./plateHR.tex [44




]
Chapter 5.

LaTeX Warning: Reference `P control equation' on page 45 undefined on input line 5.


LaTeX Warning: Reference `P control equation' on page 45 undefined on input line 9.


LaTeX Warning: Reference `pfanhan' on page 45 undefined on input line 17.


LaTeX Warning: Reference `PGeometric relationships' on page 45 undefined on input line 27.

[45]

LaTeX Warning: Reference `Pshapefunction' on page 46 undefined on input line 44.


LaTeX Warning: Reference `Pintegralscheme' on page 46 undefined on input line 50.


LaTeX Warning: Reference `moment' on page 46 undefined on input line 57.


LaTeX Warning: Reference `Pweakform1' on page 46 undefined on input line 57.


LaTeX Warning: Reference `MVP' on page 46 undefined on input line 57.


LaTeX Warning: Reference `Malphabeta' on page 46 undefined on input line 57.


Underfull \vbox (badness 10000) has occurred while \output is active []

 [46] [47]

LaTeX Warning: Reference `moment' on page 48 undefined on input line 108.


Overfull \hbox (12.36914pt too wide) detected at line 115
[]
 []


Package natbib Warning: Citation `wang2019' on page 48 undefined on input line 121.

File: figure/PHR/momentlisan.png Graphic file (type bmp)
<figure/PHR/momentlisan.png>

Underfull \vbox (badness 5008) has occurred while \output is active []

 [48]

LaTeX Warning: Reference `Pweakform' on page 49 undefined on input line 131.


LaTeX Warning: Reference `w' on page 49 undefined on input line 133.


LaTeX Warning: Reference `moment' on page 49 undefined on input line 133.


LaTeX Warning: Reference `Pweakform2' on page 49 undefined on input line 133.


Overfull \hbox (13.9202pt too wide) detected at line 143
[]
 []


LaTeX Warning: Reference `MVP1' on page 49 undefined on input line 144.


LaTeX Warning: Reference `Malphabeta' on page 49 undefined on input line 144.


LaTeX Warning: Reference `aalphabeta' on page 49 undefined on input line 150.


LaTeX Warning: Reference `CH5-2' on page 49 undefined on input line 150.


Underfull \vbox (badness 10000) has occurred while \output is active []

 [49]

LaTeX Warning: Reference `PG' on page 50 undefined on input line 166.


LaTeX Warning: Reference `PBPSI' on page 50 undefined on input line 166.


LaTeX Warning: Reference `MVP' on page 50 undefined on input line 166.


LaTeX Warning: Reference `CH5-2' on page 50 undefined on input line 166.


LaTeX Warning: Reference `Pzuzhuang' on page 50 undefined on input line 166.


LaTeX Warning: Reference `CH5-1' on page 50 undefined on input line 166.

[50]

LaTeX Warning: Reference `PHR2' on page 51 undefined on input line 191.


LaTeX Warning: Reference `Pkv' on page 51 undefined on input line 191.


LaTeX Warning: Reference `PHR3' on page 51 undefined on input line 193.


LaTeX Warning: Reference `PKFs' on page 51 undefined on input line 193.


LaTeX Warning: Reference `fenpian' on page 51 undefined on input line 208.

File: figure/PHR/fenpian.png Graphic file (type bmp)
<figure/PHR/fenpian.png>

Underfull \vbox (badness 5008) has occurred while \output is active []

 [51]
Underfull \vbox (badness 2073) has occurred while \output is active []

 [52]

LaTeX Warning: Reference `cubic' on page 53 undefined on input line 257.


LaTeX Warning: Reference `quartic' on page 53 undefined on input line 257.


LaTeX Warning: Reference `rectangular' on page 53 undefined on input line 261.

[53]
File: figure/PHR/R/rectangular.png Graphic file (type bmp)
<figure/PHR/R/rectangular.png>


LaTeX Warning: Reference `rectangularmsh' on page 54 undefined on input line 279.

File: figure/PHR/R/rectangularmsh.png Graphic file (type bmp)
<figure/PHR/R/rectangularmsh.png>
[54]

LaTeX Warning: Reference `RCLH' on page 55 undefined on input line 287.


LaTeX Warning: Reference `RQLH' on page 55 undefined on input line 287.


LaTeX Warning: Reference `RCcputime' on page 55 undefined on input line 289.


LaTeX Warning: Reference `RQcputime' on page 55 undefined on input line 289.

File: figure/PHR/R/CL2.png Graphic file (type bmp)
<figure/PHR/R/CL2.png>
File: figure/PHR/R/CH1.png Graphic file (type bmp)
<figure/PHR/R/CH1.png>
File: figure/PHR/R/CH2.png Graphic file (type bmp)
<figure/PHR/R/CH2.png>
File: figure/PHR/R/CH3.png Graphic file (type bmp)
<figure/PHR/R/CH3.png>

./plateHR.tex:304: LaTeX Error: Something's wrong--perhaps a missing \item.

See the LaTeX manual or LaTeX Companion for explanation.
Type  H <return>  for immediate help.
 ...                                              
                                                  
l.304 ...bref{RCH2}$H_2$误差；\subref{RCH3} $H_3$误差}}
                                                  
Try typing  <return>  to proceed.
If that doesn't work, type  X <return>  to quit.


LaTeX Warning: Hyper reference `RCL2' on page 55 undefined on input line 304.


LaTeX Warning: Reference `sub@RCL2' on page 55 undefined on input line 304.


LaTeX Warning: Hyper reference `RCH1' on page 55 undefined on input line 304.


LaTeX Warning: Reference `sub@RCH1' on page 55 undefined on input line 304.


LaTeX Warning: Hyper reference `RCH2' on page 55 undefined on input line 304.


LaTeX Warning: Reference `sub@RCH2' on page 55 undefined on input line 304.


LaTeX Warning: Hyper reference `RCH3' on page 55 undefined on input line 304.


LaTeX Warning: Reference `sub@RCH3' on page 55 undefined on input line 304.


LaTeX Warning: Hyper reference `RCL2' on page 55 undefined on input line 304.


LaTeX Warning: Reference `sub@RCL2' on page 55 undefined on input line 304.


LaTeX Warning: Hyper reference `RCH1' on page 55 undefined on input line 304.


LaTeX Warning: Reference `sub@RCH1' on page 55 undefined on input line 304.


LaTeX Warning: Hyper reference `RCH2' on page 55 undefined on input line 304.


LaTeX Warning: Reference `sub@RCH2' on page 55 undefined on input line 304.


LaTeX Warning: Hyper reference `RCH3' on page 55 undefined on input line 304.


LaTeX Warning: Reference `sub@RCH3' on page 55 undefined on input line 304.

[55]
File: figure/PHR/R/QL2.png Graphic file (type bmp)
<figure/PHR/R/QL2.png>
File: figure/PHR/R/QH1.png Graphic file (type bmp)
<figure/PHR/R/QH1.png>
File: figure/PHR/R/QH2.png Graphic file (type bmp)
<figure/PHR/R/QH2.png>
File: figure/PHR/R/QH3.png Graphic file (type bmp)
<figure/PHR/R/QH3.png>


./plateHR.tex:322: LaTeX Error: Something's wrong--perhaps a missing \item.

See the LaTeX manual or LaTeX Companion for explanation.
Type  H <return>  for immediate help.
 ...                                              
                                                  
l.322 ...bref{RQH2}$H_2$误差；\subref{RQH3} $H_3$误差}}
                                                  
Try typing  <return>  to proceed.
If that doesn't work, type  X <return>  to quit.


LaTeX Warning: Hyper reference `RQL2' on page 56 undefined on input line 322.


LaTeX Warning: Reference `sub@RQL2' on page 56 undefined on input line 322.


LaTeX Warning: Hyper reference `RQH1' on page 56 undefined on input line 322.


LaTeX Warning: Reference `sub@RQH1' on page 56 undefined on input line 322.


LaTeX Warning: Hyper reference `RQH2' on page 56 undefined on input line 322.


LaTeX Warning: Reference `sub@RQH2' on page 56 undefined on input line 322.


LaTeX Warning: Hyper reference `RQH3' on page 56 undefined on input line 322.


LaTeX Warning: Reference `sub@RQH3' on page 56 undefined on input line 322.


LaTeX Warning: Hyper reference `RQL2' on page 56 undefined on input line 322.


LaTeX Warning: Reference `sub@RQL2' on page 56 undefined on input line 322.


LaTeX Warning: Hyper reference `RQH1' on page 56 undefined on input line 322.


LaTeX Warning: Reference `sub@RQH1' on page 56 undefined on input line 322.


LaTeX Warning: Hyper reference `RQH2' on page 56 undefined on input line 322.


LaTeX Warning: Reference `sub@RQH2' on page 56 undefined on input line 322.


LaTeX Warning: Hyper reference `RQH3' on page 56 undefined on input line 322.


LaTeX Warning: Reference `sub@RQH3' on page 56 undefined on input line 322.

File: figure/PHR/R/Ccputime.png Graphic file (type bmp)
<figure/PHR/R/Ccputime.png>
File: figure/PHR/R/Cefficiency.png Graphic file (type bmp)
<figure/PHR/R/Cefficiency.png>

./plateHR.tex:333: LaTeX Error: Something's wrong--perhaps a missing \item.

See the LaTeX manual or LaTeX Companion for explanation.
Type  H <return>  for immediate help.
 ...                                              
                                                  
l.333 ...节点数的关系；\subref{Cefficiency}本质边界条件施加效率分析}}
                                                  
Try typing  <return>  to proceed.
If that doesn't work, type  X <return>  to quit.


LaTeX Warning: Hyper reference `Ccputime' on page 56 undefined on input line 333.


LaTeX Warning: Reference `sub@Ccputime' on page 56 undefined on input line 333.


LaTeX Warning: Hyper reference `Cefficiency' on page 56 undefined on input line 333.


LaTeX Warning: Reference `sub@Cefficiency' on page 56 undefined on input line 333.


LaTeX Warning: Hyper reference `Ccputime' on page 56 undefined on input line 333.


LaTeX Warning: Reference `sub@Ccputime' on page 56 undefined on input line 333.


LaTeX Warning: Hyper reference `Cefficiency' on page 56 undefined on input line 333.


LaTeX Warning: Reference `sub@Cefficiency' on page 56 undefined on input line 333.

[56]
File: figure/PHR/R/Qcputime.png Graphic file (type bmp)
<figure/PHR/R/Qcputime.png>
File: figure/PHR/R/Qefficiency.png Graphic file (type bmp)
<figure/PHR/R/Qefficiency.png>


./plateHR.tex:345: LaTeX Error: Something's wrong--perhaps a missing \item.

See the LaTeX manual or LaTeX Companion for explanation.
Type  H <return>  for immediate help.
 ...                                              
                                                  
l.345 ...节点数的关系；\subref{Cefficiency}本质边界条件施加效率分析}}
                                                  
Try typing  <return>  to proceed.
If that doesn't work, type  X <return>  to quit.


LaTeX Warning: Hyper reference `Qcputime' on page 57 undefined on input line 345.


LaTeX Warning: Reference `sub@Qcputime' on page 57 undefined on input line 345.


LaTeX Warning: Hyper reference `Cefficiency' on page 57 undefined on input line 345.


LaTeX Warning: Reference `sub@Cefficiency' on page 57 undefined on input line 345.


LaTeX Warning: Hyper reference `Qcputime' on page 57 undefined on input line 345.


LaTeX Warning: Reference `sub@Qcputime' on page 57 undefined on input line 345.


LaTeX Warning: Hyper reference `Cefficiency' on page 57 undefined on input line 345.


LaTeX Warning: Reference `sub@Cefficiency' on page 57 undefined on input line 345.


LaTeX Warning: Reference `Ralpha' on page 57 undefined on input line 348.

File: figure/PHR/R/calpha.png Graphic file (type bmp)
<figure/PHR/R/calpha.png>
File: figure/PHR/R/qalpha.png Graphic file (type bmp)
<figure/PHR/R/qalpha.png>

LaTeX Warning: Hyper reference `calpha' on page 57 undefined on input line 361.


LaTeX Warning: Reference `sub@calpha' on page 57 undefined on input line 361.


LaTeX Warning: Hyper reference `qalpha' on page 57 undefined on input line 361.


LaTeX Warning: Reference `sub@qalpha' on page 57 undefined on input line 361.


LaTeX Warning: Hyper reference `calpha' on page 57 undefined on input line 361.


LaTeX Warning: Reference `sub@calpha' on page 57 undefined on input line 361.


LaTeX Warning: Hyper reference `qalpha' on page 57 undefined on input line 361.


LaTeX Warning: Reference `sub@qalpha' on page 57 undefined on input line 361.

[57]

LaTeX Warning: Reference `triangular' on page 58 undefined on input line 366.


LaTeX Warning: Reference `triangularmsh' on page 58 undefined on input line 372.

File: figure/PHR/T/triangular.png Graphic file (type bmp)
<figure/PHR/T/triangular.png>
File: figure/PHR/T/triangularmsh.png Graphic file (type bmp)
<figure/PHR/T/triangularmsh.png>

LaTeX Warning: Reference `TCLH' on page 58 undefined on input line 383.


LaTeX Warning: Reference `TQLH' on page 58 undefined on input line 383.


LaTeX Warning: Reference `Tefficiency' on page 58 undefined on input line 386.


LaTeX Warning: Reference `TMxy' on page 58 undefined on input line 390.

File: figure/PHR/T/CL2.png Graphic file (type bmp)
<figure/PHR/T/CL2.png>
File: figure/PHR/T/CH1.png Graphic file (type bmp)
<figure/PHR/T/CH1.png>
File: figure/PHR/T/CH2.png Graphic file (type bmp)
<figure/PHR/T/CH2.png>
File: figure/PHR/T/CH3.png Graphic file (type bmp)
<figure/PHR/T/CH3.png>

./plateHR.tex:405: LaTeX Error: Something's wrong--perhaps a missing \item.

See the LaTeX manual or LaTeX Companion for explanation.
Type  H <return>  for immediate help.
 ...                                              
                                                  
l.405 ...bref{TCH2}$H_2$误差；\subref{TCH3} $H_3$误差}}
                                                  
Try typing  <return>  to proceed.
If that doesn't work, type  X <return>  to quit.


LaTeX Warning: Hyper reference `TCL2' on page 58 undefined on input line 405.


LaTeX Warning: Reference `sub@TCL2' on page 58 undefined on input line 405.


LaTeX Warning: Hyper reference `TCH1' on page 58 undefined on input line 405.


LaTeX Warning: Reference `sub@TCH1' on page 58 undefined on input line 405.


LaTeX Warning: Hyper reference `TCH2' on page 58 undefined on input line 405.


LaTeX Warning: Reference `sub@TCH2' on page 58 undefined on input line 405.


LaTeX Warning: Hyper reference `TCH3' on page 58 undefined on input line 405.


LaTeX Warning: Reference `sub@TCH3' on page 58 undefined on input line 405.


LaTeX Warning: Hyper reference `TCL2' on page 58 undefined on input line 405.


LaTeX Warning: Reference `sub@TCL2' on page 58 undefined on input line 405.


LaTeX Warning: Hyper reference `TCH1' on page 58 undefined on input line 405.


LaTeX Warning: Reference `sub@TCH1' on page 58 undefined on input line 405.


LaTeX Warning: Hyper reference `TCH2' on page 58 undefined on input line 405.


LaTeX Warning: Reference `sub@TCH2' on page 58 undefined on input line 405.


LaTeX Warning: Hyper reference `TCH3' on page 58 undefined on input line 405.


LaTeX Warning: Reference `sub@TCH3' on page 58 undefined on input line 405.

[58] [59]
File: figure/PHR/T/QL2.png Graphic file (type bmp)
<figure/PHR/T/QL2.png>
File: figure/PHR/T/QH1.png Graphic file (type bmp)
<figure/PHR/T/QH1.png>
File: figure/PHR/T/QH2.png Graphic file (type bmp)
<figure/PHR/T/QH2.png>
File: figure/PHR/T/QH3.png Graphic file (type bmp)
<figure/PHR/T/QH3.png>


./plateHR.tex:423: LaTeX Error: Something's wrong--perhaps a missing \item.

See the LaTeX manual or LaTeX Companion for explanation.
Type  H <return>  for immediate help.
 ...                                              
                                                  
l.423 ...bref{TQH2}$H_2$误差；\subref{TQH3} $H_3$误差}}
                                                  
Try typing  <return>  to proceed.
If that doesn't work, type  X <return>  to quit.


LaTeX Warning: Hyper reference `TQL2' on page 60 undefined on input line 423.


LaTeX Warning: Reference `sub@TQL2' on page 60 undefined on input line 423.


LaTeX Warning: Hyper reference `TQH1' on page 60 undefined on input line 423.


LaTeX Warning: Reference `sub@TQH1' on page 60 undefined on input line 423.


LaTeX Warning: Hyper reference `TQH2' on page 60 undefined on input line 423.


LaTeX Warning: Reference `sub@TQH2' on page 60 undefined on input line 423.


LaTeX Warning: Hyper reference `TQH3' on page 60 undefined on input line 423.


LaTeX Warning: Reference `sub@TQH3' on page 60 undefined on input line 423.


LaTeX Warning: Hyper reference `TQL2' on page 60 undefined on input line 423.


LaTeX Warning: Reference `sub@TQL2' on page 60 undefined on input line 423.


LaTeX Warning: Hyper reference `TQH1' on page 60 undefined on input line 423.


LaTeX Warning: Reference `sub@TQH1' on page 60 undefined on input line 423.


LaTeX Warning: Hyper reference `TQH2' on page 60 undefined on input line 423.


LaTeX Warning: Reference `sub@TQH2' on page 60 undefined on input line 423.


LaTeX Warning: Hyper reference `TQH3' on page 60 undefined on input line 423.


LaTeX Warning: Reference `sub@TQH3' on page 60 undefined on input line 423.

File: figure/PHR/T/Cefficiencyomega.png Graphic file (type bmp)
<figure/PHR/T/Cefficiencyomega.png>
File: figure/PHR/T/Cefficiencygamma.png Graphic file (type bmp)
<figure/PHR/T/Cefficiencygamma.png>

./plateHR.tex:434: LaTeX Error: Something's wrong--perhaps a missing \item.

See the LaTeX manual or LaTeX Companion for explanation.
Type  H <return>  for immediate help.
 ...                                              
                                                  
l.434 ...f{Cefficiencygamma}本质边界条件$\Gamma_w,c_w$}}
                                                  
Try typing  <return>  to proceed.
If that doesn't work, type  X <return>  to quit.


LaTeX Warning: Hyper reference `Cefficiencyomega' on page 60 undefined on input line 434.


LaTeX Warning: Reference `sub@Cefficiencyomega' on page 60 undefined on input line 434.


LaTeX Warning: Hyper reference `Cefficiencygamma' on page 60 undefined on input line 434.


LaTeX Warning: Reference `sub@Cefficiencygamma' on page 60 undefined on input line 434.


LaTeX Warning: Hyper reference `Cefficiencyomega' on page 60 undefined on input line 434.


LaTeX Warning: Reference `sub@Cefficiencyomega' on page 60 undefined on input line 434.


LaTeX Warning: Hyper reference `Cefficiencygamma' on page 60 undefined on input line 434.


LaTeX Warning: Reference `sub@Cefficiencygamma' on page 60 undefined on input line 434.

[60]
File: figure/PHR/T/Mxy.png Graphic file (type bmp)
<figure/PHR/T/Mxy.png>


LaTeX Warning: Reference `annular' on page 61 undefined on input line 445.

File: figure/PHR/A/annular.png Graphic file (type bmp)
<figure/PHR/A/annular.png>

Underfull \vbox (badness 1281) has occurred while \output is active []

 [61]

LaTeX Warning: Reference `annularmsh' on page 62 undefined on input line 458.

File: figure/PHR/A/annularmsh.png Graphic file (type bmp)
<figure/PHR/A/annularmsh.png>

LaTeX Warning: Reference `AQLH' on page 62 undefined on input line 465.


LaTeX Warning: Reference `AQcputime' on page 62 undefined on input line 466.


LaTeX Warning: Reference `AMxy' on page 62 undefined on input line 468.


LaTeX Warning: Reference `Aalpha' on page 62 undefined on input line 469.

File: figure/PHR/A/QL2.png Graphic file (type bmp)
<figure/PHR/A/QL2.png>
File: figure/PHR/A/QH1.png Graphic file (type bmp)
<figure/PHR/A/QH1.png>
File: figure/PHR/A/QH2.png Graphic file (type bmp)
<figure/PHR/A/QH2.png>
File: figure/PHR/A/QH3.png Graphic file (type bmp)
<figure/PHR/A/QH3.png>

./plateHR.tex:485: LaTeX Error: Something's wrong--perhaps a missing \item.

See the LaTeX manual or LaTeX Companion for explanation.
Type  H <return>  for immediate help.
 ...                                              
                                                  
l.485 ...bref{AQH2}$H_2$误差；\subref{AQH3} $H_3$误差}}
                                                  
Try typing  <return>  to proceed.
If that doesn't work, type  X <return>  to quit.


LaTeX Warning: Hyper reference `AQL2' on page 62 undefined on input line 485.


LaTeX Warning: Reference `sub@AQL2' on page 62 undefined on input line 485.


LaTeX Warning: Hyper reference `AQH1' on page 62 undefined on input line 485.


LaTeX Warning: Reference `sub@AQH1' on page 62 undefined on input line 485.


LaTeX Warning: Hyper reference `AQH2' on page 62 undefined on input line 485.


LaTeX Warning: Reference `sub@AQH2' on page 62 undefined on input line 485.


LaTeX Warning: Hyper reference `AQH3' on page 62 undefined on input line 485.


LaTeX Warning: Reference `sub@AQH3' on page 62 undefined on input line 485.


LaTeX Warning: Hyper reference `AQL2' on page 62 undefined on input line 485.


LaTeX Warning: Reference `sub@AQL2' on page 62 undefined on input line 485.


LaTeX Warning: Hyper reference `AQH1' on page 62 undefined on input line 485.


LaTeX Warning: Reference `sub@AQH1' on page 62 undefined on input line 485.


LaTeX Warning: Hyper reference `AQH2' on page 62 undefined on input line 485.


LaTeX Warning: Reference `sub@AQH2' on page 62 undefined on input line 485.


LaTeX Warning: Hyper reference `AQH3' on page 62 undefined on input line 485.


LaTeX Warning: Reference `sub@AQH3' on page 62 undefined on input line 485.

[62] [63]
File: figure/PHR/A/Qcputime.png Graphic file (type bmp)
<figure/PHR/A/Qcputime.png>
File: figure/PHR/A/Qefficiency.png Graphic file (type bmp)
<figure/PHR/A/Qefficiency.png>


./plateHR.tex:497: LaTeX Error: Something's wrong--perhaps a missing \item.

See the LaTeX manual or LaTeX Companion for explanation.
Type  H <return>  for immediate help.
 ...                                              
                                                  
l.497 ...点数的关系；\subref{aQefficiency}本质边界条件施加效率分析}}
                                                  
Try typing  <return>  to proceed.
If that doesn't work, type  X <return>  to quit.


LaTeX Warning: Hyper reference `aQcputime' on page 64 undefined on input line 497.


LaTeX Warning: Reference `sub@aQcputime' on page 64 undefined on input line 497.


LaTeX Warning: Hyper reference `aQefficiency' on page 64 undefined on input line 497.


LaTeX Warning: Reference `sub@aQefficiency' on page 64 undefined on input line 497.


LaTeX Warning: Hyper reference `aQcputime' on page 64 undefined on input line 497.


LaTeX Warning: Reference `sub@aQcputime' on page 64 undefined on input line 497.


LaTeX Warning: Hyper reference `aQefficiency' on page 64 undefined on input line 497.


LaTeX Warning: Reference `sub@aQefficiency' on page 64 undefined on input line 497.

File: figure/PHR/A/Mxy.png Graphic file (type bmp)
<figure/PHR/A/Mxy.png>
File: figure/PHR/A/alpha.png Graphic file (type bmp)
<figure/PHR/A/alpha.png>
[64]
Underfull \vbox (badness 10000) has occurred while \output is active []

 [65]) [66]
\openout2 = `TADAS.aux'.

 (./TADAS.tex
Chapter 6.

LaTeX Warning: Reference `ADAS1' on page 67 undefined on input line 7.


LaTeX Warning: Reference `ADAS2' on page 67 undefined on input line 7.


LaTeX Warning: Reference `ADAS2' on page 67 undefined on input line 7.

File: figure/DAMPER/ADAS/1.png Graphic file (type bmp)
<figure/DAMPER/ADAS/1.png>

Package natbib Warning: Citation `basu2016' on page 67 undefined on input line 12.


Package natbib Warning: Citation `basu2016' on page 67 undefined on input line 12.

File: figure/DAMPER/ADAS/2.png Graphic file (type bmp)
<figure/DAMPER/ADAS/2.png>

Underfull \vbox (badness 10000) has occurred while \output is active []

 [67




]

LaTeX Warning: Reference `TADAS1' on page 68 undefined on input line 22.


Package natbib Warning: Citation `mohammadi2017' on page 68 undefined on input line 22.


Package natbib Warning: Citation `kim2016' on page 68 undefined on input line 22.


LaTeX Warning: Reference `TADAS2' on page 68 undefined on input line 24.


LaTeX Warning: Reference `TADAS4' on page 68 undefined on input line 25.

File: figure/DAMPER/TADAS/1.png Graphic file (type bmp)
<figure/DAMPER/TADAS/1.png>

Package natbib Warning: Citation `mohammadi2017' on page 68 undefined on input line 29.


Package natbib Warning: Citation `mohammadi2017' on page 68 undefined on input line 29.


Underfull \vbox (badness 4181) has occurred while \output is active []

 [68]
File: figure/DAMPER/TADAS/2.png Graphic file (type bmp)
<figure/DAMPER/TADAS/2.png>
File: figure/DAMPER/TADAS/3.png Graphic file (type bmp)
<figure/DAMPER/TADAS/3.png>


Package natbib Warning: Citation `mohammadi2017' on page 69 undefined on input line 39.


LaTeX Warning: Hyper reference `TADAS2' on page 69 undefined on input line 39.


LaTeX Warning: Reference `sub@TADAS2' on page 69 undefined on input line 39.


LaTeX Warning: Hyper reference `TADAS3' on page 69 undefined on input line 39.


LaTeX Warning: Reference `sub@TADAS3' on page 69 undefined on input line 39.


Package natbib Warning: Citation `mohammadi2017' on page 69 undefined on input line 39.


LaTeX Warning: Hyper reference `TADAS2' on page 69 undefined on input line 39.


LaTeX Warning: Reference `sub@TADAS2' on page 69 undefined on input line 39.


LaTeX Warning: Hyper reference `TADAS3' on page 69 undefined on input line 39.


LaTeX Warning: Reference `sub@TADAS3' on page 69 undefined on input line 39.

File: figure/DAMPER/TADAS/M11.png Graphic file (type bmp)
<figure/DAMPER/TADAS/M11.png>
File: figure/DAMPER/TADAS/M12.png Graphic file (type bmp)
<figure/DAMPER/TADAS/M12.png>
File: figure/DAMPER/TADAS/M22.png Graphic file (type bmp)
<figure/DAMPER/TADAS/M22.png>
[69]
Underfull \vbox (badness 10000) has occurred while \output is active []

 [70]

LaTeX Warning: Reference `slit1' on page 71 undefined on input line 51.


LaTeX Warning: Reference `slit2' on page 71 undefined on input line 52.

File: figure/DAMPER/SLIT/1.png Graphic file (type bmp)
<figure/DAMPER/SLIT/1.png>

Package natbib Warning: Citation `oh2009' on page 71 undefined on input line 57.


Package natbib Warning: Citation `oh2009' on page 71 undefined on input line 57.

File: figure/DAMPER/SLIT/2.png Graphic file (type bmp)
<figure/DAMPER/SLIT/2.png>

Underfull \vbox (badness 2277) has occurred while \output is active []

 [71]) [72]
\openout2 = `Conclusion.aux'.

 (./Conclusion.tex
Chapter 7.

Underfull \vbox (badness 10000) has occurred while \output is active []

 [73




]
Underfull \vbox (badness 10000) has occurred while \output is active []

 [74]) [75] (./Thesis.bbl)
\openout2 = `acknowledgments.aux'.

 (./acknowledgments.tex [76




]) [77

] [78



]
\openout2 = `appendixA.aux'.

 (./appendixA.tex
Appendix A.

LaTeX Warning: Reference `inference' on page 79 undefined on input line 2.

[79


]

LaTeX Warning: Reference `Ehr11' on page 80 undefined on input line 21.


LaTeX Warning: Reference `Ehr21' on page 80 undefined on input line 35.

[80]

LaTeX Warning: Reference `Ehr31' on page 81 undefined on input line 50.


LaTeX Warning: Reference `Ehr22' on page 81 undefined on input line 63.

[81]

LaTeX Warning: Reference `Ehr32' on page 82 undefined on input line 76.

) [82]
\openout2 = `appendixB.aux'.

 (./appendixB.tex
Appendix B.

LaTeX Warning: Reference `Pzuzhuang' on page 83 undefined on input line 2.

[83




]

LaTeX Warning: Reference `PHR11' on page 84 undefined on input line 19.

[84]

LaTeX Warning: Reference `PHR21' on page 85 undefined on input line 31.


Overfull \hbox (28.93867pt too wide) detected at line 56
[]
 []

[85]

LaTeX Warning: Reference `PHR31' on page 86 undefined on input line 58.


Overfull \hbox (13.7153pt too wide) detected at line 76
[]
 []


LaTeX Warning: Reference `PHR22' on page 86 undefined on input line 78.

[86]

LaTeX Warning: Reference `PHR32' on page 87 undefined on input line 94.

) [87]
\openout2 = `appendixC.aux'.

 (./appendixC.tex [88




]
Appendix C.

LaTeX Warning: Reference `Ctwo' on page 89 undefined on input line 2.


LaTeX Warning: Reference `Cfour' on page 89 undefined on input line 2.

File: figure/E/point.png Graphic file (type bmp)
<figure/E/point.png>
File: figure/E/point2.png Graphic file (type bmp)
<figure/E/point2.png>
File: figure/E/point.png Graphic file (type bmp)
<figure/E/point.png>
File: figure/E/point2.png Graphic file (type bmp)
<figure/E/point2.png>
) [89] [90



]
\openout2 = `cv.aux'.

 (./cv.tex) [91



]

Package natbib Warning: There were undefined citations.

(./Thesis.aux (./abstract.aux) (./Introduction.aux) (./Nomesh.aux) (./Boundaryconditions.aux) (./elasticHR.aux) (./plateHR.aux) (./TADAS.aux) (./Conclusion.aux) (./acknowledgments.aux) (./appendixA.aux) (./appendixB.aux) (./appendixC.aux) (./cv.aux))

LaTeX Warning: There were undefined references.


LaTeX Warning: Label(s) may have changed. Rerun to get cross-references right.


Package rerunfilecheck Warning: File `Thesis.out' has changed.
(rerunfilecheck)                Rerun to get outlines right
(rerunfilecheck)                or use package `bookmark'.

Package rerunfilecheck Info: Checksums for `Thesis.out':
(rerunfilecheck)             Before: <no file>
(rerunfilecheck)             After:  DC22FE069620847EAF5FE51429B7FD48;5967.
 ) 
Here is how much of TeX's memory you used:
 19158 strings out of 476683
 425381 string characters out of 5794344
 1887018 words of memory out of 5000000
 38973 multiletter control sequences out of 15000+600000
 607283 words of font info for 175 fonts, out of 8000000 for 9000
 1348 hyphenation exceptions out of 8191
 87i,34n,95p,827b,584s stack positions out of 10000i,1000n,20000p,200000b,200000s

Output written on Thesis.xdv (98 pages, 812064 bytes).
