\BOOKMARK [0][-]{chapter.1}{\376\377\145\340\177\121\150\074\217\321\117\074\164\006\213\272}{}% 1
\BOOKMARK [1][-]{section.1.1}{\376\377\121\215\165\037\150\070\145\340\177\121\150\074\217\321\117\074}{chapter.1}% 2
\BOOKMARK [1][-]{section.1.2}{\376\377\117\075\217\275\221\321\145\340\177\121\150\074\154\325}{chapter.1}% 3
\BOOKMARK [2][-]{subsection.1.2.1}{\376\377\137\071\140\047\122\233\133\146\225\356\230\230\166\204\117\075\217\275\221\321\145\340\177\121\150\074\171\273\145\143}{section.1.2}% 4
\BOOKMARK [2][-]{subsection.1.2.2}{\376\377\205\204\147\177\225\356\230\230\166\204\117\075\217\275\221\321\145\340\177\121\150\074\171\273\145\143}{section.1.2}% 5
\BOOKMARK [1][-]{section.1.3}{\376\377\134\017\176\323}{chapter.1}% 6
\BOOKMARK [0][-]{chapter.2}{\376\377\137\072\122\066\217\271\165\114\147\141\116\366\145\275\122\240\145\271\154\325}{}% 7
\BOOKMARK [1][-]{section.2.1}{\376\377\142\311\150\074\147\027\145\345\116\130\133\120\154\325}{chapter.2}% 8
\BOOKMARK [1][-]{section.2.2}{\376\377\117\356\153\143\123\330\122\006\123\237\164\006\154\325}{chapter.2}% 9
\BOOKMARK [1][-]{section.2.3}{\376\377\177\132\121\375\145\160\154\325}{chapter.2}% 10
\BOOKMARK [1][-]{section.2.4}{\376\377\000N\000i\000t\000s\000c\000h\000e\154\325}{chapter.2}% 11
\BOOKMARK [1][-]{section.2.5}{\376\377\134\017\176\323}{chapter.2}% 12
\BOOKMARK [0][-]{chapter.3}{\376\377\137\071\140\047\122\233\133\146\225\356\230\230\000H\000R}{}% 13
\BOOKMARK [1][-]{section.3.1}{\376\377\000H\000e\000l\000l\000i\000n\000g\000e\000r\000-\000R\000e\000i\000s\000s\000n\000e\000r\123\330\122\006\123\237\164\006}{chapter.3}% 14
\BOOKMARK [1][-]{section.3.2}{\376\377\117\115\171\373\000-\136\224\122\233\155\367\124\010\171\273\145\143}{chapter.3}% 15
\BOOKMARK [1][-]{section.3.3}{\376\377\000H\000e\000l\000l\000i\000n\000g\000e\000r\000-\000R\000e\000i\000s\000s\000n\000e\000r\123\330\122\006\123\237\164\006\116\013\166\204\147\054\215\050\217\271\165\114\147\141\116\366\145\275\122\240\145\271\154\325}{chapter.3}% 16
\BOOKMARK [1][-]{section.3.4}{\376\377\145\160\120\074\173\227\117\213}{chapter.3}% 17
\BOOKMARK [2][-]{subsection.3.4.1}{\376\377\122\006\162\107\133\236\232\214}{section.3.4}% 18
\BOOKMARK [2][-]{subsection.3.4.2}{\376\377\140\254\201\302\150\201\225\356\230\230}{section.3.4}% 19
\BOOKMARK [2][-]{subsection.3.4.3}{\376\377\136\046\133\124\145\340\226\120\131\047\136\163\147\177\225\356\230\230}{section.3.4}% 20
\BOOKMARK [1][-]{section.3.5}{\376\377\134\017\176\323}{chapter.3}% 21
\BOOKMARK [0][-]{chapter.4}{\376\377\205\204\147\177\225\356\230\230\000H\000R}{}% 22
\BOOKMARK [1][-]{section.4.1}{\376\377\000H\000e\000l\000l\000i\000n\000g\000e\000r\000-\000R\000e\000i\000s\000s\000n\000e\000r\123\330\122\006\123\237\164\006}{chapter.4}% 23
\BOOKMARK [1][-]{section.4.2}{\376\377\143\040\136\246\000-\137\057\167\351\155\367\124\010\171\273\145\143}{chapter.4}% 24
\BOOKMARK [1][-]{section.4.3}{\376\377\000H\000e\000l\000l\000i\000n\000g\000e\000r\000-\000R\000e\000i\000s\000s\000n\000e\000r\123\330\122\006\123\237\164\006\116\013\166\204\147\054\215\050\217\271\165\114\147\141\116\366\145\275\122\240\145\271\154\325}{chapter.4}% 25
\BOOKMARK [1][-]{section.4.4}{\376\377\145\160\120\074\173\227\117\213}{chapter.4}% 26
\BOOKMARK [2][-]{subsection.4.4.1}{\376\377\122\006\162\107\133\236\232\214}{section.4.4}% 27
\BOOKMARK [2][-]{subsection.4.4.2}{\376\377\173\200\145\057\145\271\147\177\225\356\230\230}{section.4.4}% 28
\BOOKMARK [2][-]{subsection.4.4.3}{\376\377\173\200\145\057\173\111\217\271\116\011\211\322\137\142\147\177\225\356\230\230}{section.4.4}% 29
\BOOKMARK [2][-]{subsection.4.4.4}{\376\377\173\200\145\057\163\257\210\114\147\177\225\356\230\230}{section.4.4}% 30
\BOOKMARK [1][-]{section.4.5}{\376\377\134\017\176\323}{chapter.4}% 31
\BOOKMARK [0][-]{chapter.5}{\376\377\000H\000R\205\204\147\177\122\250\122\233\122\006\147\220}{}% 32
\BOOKMARK [1][-]{section.5.1}{\376\377\205\204\147\177\217\320\122\250\143\247\122\066\145\271\172\013}{chapter.5}% 33
\BOOKMARK [1][-]{section.5.2}{\376\377\155\367\124\010\171\273\145\143}{chapter.5}% 34
\BOOKMARK [1][-]{section.5.3}{\376\377\000H\000e\000l\000l\000i\000n\000g\000e\000r\000-\000R\000e\000i\000s\000s\000n\000e\000r\123\330\122\006\123\237\164\006\116\013\166\204\147\054\215\050\217\271\165\114\147\141\116\366\145\275\122\240\145\271\154\325}{chapter.5}% 35
\BOOKMARK [1][-]{section.5.4}{\376\377\145\366\225\364\127\337\171\273\145\143\116\016\230\221\145\143\174\276\136\246\122\006\147\220}{chapter.5}% 36
\BOOKMARK [2][-]{subsection.5.4.1}{\376\377\145\366\225\364\127\337\171\273\145\143}{section.5.4}% 37
\BOOKMARK [2][-]{subsection.5.4.2}{\376\377\230\221\145\143\174\276\136\246\122\006\147\220}{section.5.4}% 38
\BOOKMARK [1][-]{section.5.5}{\376\377\145\160\120\074\173\227\117\213}{chapter.5}% 39
